 * Serving Flask app 'app'
 * Debug mode: off
INFO:werkzeug:[31m[1mWARNING: This is a development server. Do not use it in a production deployment. Use a production WSGI server instead.[0m
 * Running on all addresses (0.0.0.0)
 * Running on http://127.0.0.1:5004
 * Running on http://192.168.100.203:5004
INFO:werkzeug:[33mPress CTRL+C to quit[0m
INFO:werkzeug:127.0.0.1 - - [22/Nov/2025 13:24:33] "GET /api/tournaments HTTP/1.1" 200 -
INFO:werkzeug:127.0.0.1 - - [22/Nov/2025 13:24:33] "GET /api/tournament/1268826?all_results=true HTTP/1.1" 200 -
INFO:werkzeug:127.0.0.1 - - [22/Nov/2025 13:24:33] "GET /api/tournament/1165146?all_results=true HTTP/1.1" 200 -
INFO:werkzeug:127.0.0.1 - - [22/Nov/2025 13:24:33] "GET /api/tournament/1283544?all_results=true HTTP/1.1" 200 -
INFO:werkzeug:127.0.0.1 - - [22/Nov/2025 13:24:33] "GET /api/tournament/1213697?all_results=true HTTP/1.1" 200 -
INFO:werkzeug:127.0.0.1 - - [22/Nov/2025 13:24:33] "GET /api/tournament/1193135?all_results=true HTTP/1.1" 200 -
INFO:werkzeug:127.0.0.1 - - [22/Nov/2025 13:24:33] "GET /api/tournament/1135144?all_results=true HTTP/1.1" 200 -
INFO:werkzeug:127.0.0.1 - - [22/Nov/2025 13:24:33] "GET /api/tournament/1220011?all_results=true HTTP/1.1" 200 -
INFO:werkzeug:127.0.0.1 - - [22/Nov/2025 13:24:33] "GET /api/tournament/1173578?all_results=true HTTP/1.1" 200 -
INFO:werkzeug:127.0.0.1 - - [22/Nov/2025 13:24:33] "GET /api/tournament/1292319?all_results=true HTTP/1.1" 200 -
INFO:werkzeug:127.0.0.1 - - [22/Nov/2025 13:24:33] "GET /api/tournament/1095243?all_results=true HTTP/1.1" 200 -
INFO:werkzeug:127.0.0.1 - - [22/Nov/2025 13:24:33] "GET /api/tournament/1130967?all_results=true HTTP/1.1" 200 -
INFO:werkzeug:127.0.0.1 - - [22/Nov/2025 13:24:33] "GET /api/tournament/1126042?all_results=true HTTP/1.1" 200 -
INFO:werkzeug:127.0.0.1 - - [22/Nov/2025 13:24:33] "GET /api/tournament/1188044?all_results=true HTTP/1.1" 200 -
INFO:werkzeug:127.0.0.1 - - [22/Nov/2025 13:24:33] "GET /api/tournament/1260527?all_results=true HTTP/1.1" 200 -
INFO:werkzeug:127.0.0.1 - - [22/Nov/2025 13:24:33] "GET /api/tournament/1255540?all_results=true HTTP/1.1" 200 -
INFO:werkzeug:127.0.0.1 - - [22/Nov/2025 13:24:33] "GET /api/rankings?sort=best_4&dir=desc&page=1 HTTP/1.1" 200 -
INFO:werkzeug:127.0.0.1 - - [22/Nov/2025 13:38:04] "GET /api/tournaments HTTP/1.1" 200 -
INFO:werkzeug:127.0.0.1 - - [22/Nov/2025 13:38:04] "GET /api/tournament/1213697?all_results=true HTTP/1.1" 200 -
INFO:werkzeug:127.0.0.1 - - [22/Nov/2025 13:38:04] "GET /api/tournament/1260527?all_results=true HTTP/1.1" 200 -
INFO:werkzeug:127.0.0.1 - - [22/Nov/2025 13:38:04] "GET /api/tournament/1165146?all_results=true HTTP/1.1" 200 -
INFO:werkzeug:127.0.0.1 - - [22/Nov/2025 13:38:04] "GET /api/tournament/1193135?all_results=true HTTP/1.1" 200 -
INFO:werkzeug:127.0.0.1 - - [22/Nov/2025 13:38:04] "GET /api/tournament/1220011?all_results=true HTTP/1.1" 200 -
INFO:werkzeug:127.0.0.1 - - [22/Nov/2025 13:38:04] "GET /api/tournament/1135144?all_results=true HTTP/1.1" 200 -
INFO:werkzeug:127.0.0.1 - - [22/Nov/2025 13:38:04] "GET /api/tournament/1268826?all_results=true HTTP/1.1" 200 -
INFO:werkzeug:127.0.0.1 - - [22/Nov/2025 13:38:04] "GET /api/tournament/1283544?all_results=true HTTP/1.1" 200 -
INFO:werkzeug:127.0.0.1 - - [22/Nov/2025 13:38:04] "GET /api/tournament/1130967?all_results=true HTTP/1.1" 200 -
INFO:werkzeug:127.0.0.1 - - [22/Nov/2025 13:38:04] "GET /api/tournament/1188044?all_results=true HTTP/1.1" 200 -
INFO:werkzeug:127.0.0.1 - - [22/Nov/2025 13:38:04] "GET /api/tournament/1292319?all_results=true HTTP/1.1" 200 -
INFO:werkzeug:127.0.0.1 - - [22/Nov/2025 13:38:04] "GET /api/tournament/1173578?all_results=true HTTP/1.1" 200 -
INFO:werkzeug:127.0.0.1 - - [22/Nov/2025 13:38:04] "GET /api/tournament/1095243?all_results=true HTTP/1.1" 200 -
INFO:werkzeug:127.0.0.1 - - [22/Nov/2025 13:38:04] "GET /api/tournament/1126042?all_results=true HTTP/1.1" 200 -
INFO:werkzeug:127.0.0.1 - - [22/Nov/2025 13:38:04] "GET /api/tournament/1255540?all_results=true HTTP/1.1" 200 -
INFO:werkzeug:127.0.0.1 - - [22/Nov/2025 13:38:04] "GET /api/rankings?sort=best_4&dir=desc&page=1 HTTP/1.1" 200 -
INFO:werkzeug:127.0.0.1 - - [22/Nov/2025 13:43:10] "GET /api/tournaments HTTP/1.1" 200 -
INFO:werkzeug:127.0.0.1 - - [22/Nov/2025 13:43:10] "GET /api/tournament/1130967?all_results=true HTTP/1.1" 200 -
INFO:werkzeug:127.0.0.1 - - [22/Nov/2025 13:43:10] "GET /api/tournament/1283544?all_results=true HTTP/1.1" 200 -
INFO:werkzeug:127.0.0.1 - - [22/Nov/2025 13:43:10] "GET /api/tournament/1165146?all_results=true HTTP/1.1" 200 -
INFO:werkzeug:127.0.0.1 - - [22/Nov/2025 13:43:10] "GET /api/tournament/1188044?all_results=true HTTP/1.1" 200 -
INFO:werkzeug:127.0.0.1 - - [22/Nov/2025 13:43:10] "GET /api/tournament/1173578?all_results=true HTTP/1.1" 200 -
INFO:werkzeug:127.0.0.1 - - [22/Nov/2025 13:43:10] "GET /api/tournament/1135144?all_results=true HTTP/1.1" 200 -
INFO:werkzeug:127.0.0.1 - - [22/Nov/2025 13:43:10] "GET /api/tournament/1220011?all_results=true HTTP/1.1" 200 -
INFO:werkzeug:127.0.0.1 - - [22/Nov/2025 13:43:10] "GET /api/tournament/1255540?all_results=true HTTP/1.1" 200 -
INFO:werkzeug:127.0.0.1 - - [22/Nov/2025 13:43:10] "GET /api/tournament/1126042?all_results=true HTTP/1.1" 200 -
INFO:werkzeug:127.0.0.1 - - [22/Nov/2025 13:43:10] "GET /api/tournament/1213697?all_results=true HTTP/1.1" 200 -
INFO:werkzeug:127.0.0.1 - - [22/Nov/2025 13:43:10] "GET /api/tournament/1193135?all_results=true HTTP/1.1" 200 -
INFO:werkzeug:127.0.0.1 - - [22/Nov/2025 13:43:10] "GET /api/tournament/1095243?all_results=true HTTP/1.1" 200 -
INFO:werkzeug:127.0.0.1 - - [22/Nov/2025 13:43:10] "GET /api/tournament/1268826?all_results=true HTTP/1.1" 200 -
INFO:werkzeug:127.0.0.1 - - [22/Nov/2025 13:43:10] "GET /api/tournament/1292319?all_results=true HTTP/1.1" 200 -
INFO:werkzeug:127.0.0.1 - - [22/Nov/2025 13:43:10] "GET /api/tournament/1260527?all_results=true HTTP/1.1" 200 -
INFO:werkzeug:127.0.0.1 - - [22/Nov/2025 13:43:10] "GET /api/rankings?sort=best_4&dir=desc&page=1 HTTP/1.1" 200 -
INFO:werkzeug:127.0.0.1 - - [22/Nov/2025 13:44:22] "GET /api/tournaments HTTP/1.1" 200 -
INFO:werkzeug:127.0.0.1 - - [22/Nov/2025 13:44:22] "GET /api/tournament/1165146?all_results=true HTTP/1.1" 200 -
INFO:werkzeug:127.0.0.1 - - [22/Nov/2025 13:44:22] "GET /api/tournament/1193135?all_results=true HTTP/1.1" 200 -
INFO:werkzeug:127.0.0.1 - - [22/Nov/2025 13:44:22] "GET /api/tournament/1283544?all_results=true HTTP/1.1" 200 -
INFO:werkzeug:127.0.0.1 - - [22/Nov/2025 13:44:22] "GET /api/tournament/1268826?all_results=true HTTP/1.1" 200 -
INFO:werkzeug:127.0.0.1 - - [22/Nov/2025 13:44:22] "GET /api/tournament/1213697?all_results=true HTTP/1.1" 200 -
INFO:werkzeug:127.0.0.1 - - [22/Nov/2025 13:44:22] "GET /api/tournament/1292319?all_results=true HTTP/1.1" 200 -
INFO:werkzeug:127.0.0.1 - - [22/Nov/2025 13:44:22] "GET /api/tournament/1095243?all_results=true HTTP/1.1" 200 -
INFO:werkzeug:127.0.0.1 - - [22/Nov/2025 13:44:22] "GET /api/tournament/1173578?all_results=true HTTP/1.1" 200 -
INFO:werkzeug:127.0.0.1 - - [22/Nov/2025 13:44:22] "GET /api/tournament/1220011?all_results=true HTTP/1.1" 200 -
INFO:werkzeug:127.0.0.1 - - [22/Nov/2025 13:44:22] "GET /api/tournament/1135144?all_results=true HTTP/1.1" 200 -
INFO:werkzeug:127.0.0.1 - - [22/Nov/2025 13:44:22] "GET /api/tournament/1188044?all_results=true HTTP/1.1" 200 -
INFO:werkzeug:127.0.0.1 - - [22/Nov/2025 13:44:22] "GET /api/tournament/1260527?all_results=true HTTP/1.1" 200 -
INFO:werkzeug:127.0.0.1 - - [22/Nov/2025 13:44:22] "GET /api/tournament/1126042?all_results=true HTTP/1.1" 200 -
INFO:werkzeug:127.0.0.1 - - [22/Nov/2025 13:44:22] "GET /api/tournament/1255540?all_results=true HTTP/1.1" 200 -
INFO:werkzeug:127.0.0.1 - - [22/Nov/2025 13:44:22] "GET /api/tournament/1130967?all_results=true HTTP/1.1" 200 -
INFO:werkzeug:127.0.0.1 - - [22/Nov/2025 13:44:22] "GET /api/rankings?sort=best_4&dir=desc&page=1 HTTP/1.1" 200 -
INFO:werkzeug:127.0.0.1 - - [22/Nov/2025 13:59:04] "GET /api/tournaments HTTP/1.1" 200 -
INFO:werkzeug:127.0.0.1 - - [22/Nov/2025 13:59:04] "GET /api/tournament/1135144?all_results=true HTTP/1.1" 200 -
INFO:werkzeug:127.0.0.1 - - [22/Nov/2025 13:59:04] "GET /api/tournament/1173578?all_results=true HTTP/1.1" 200 -
INFO:werkzeug:127.0.0.1 - - [22/Nov/2025 13:59:04] "GET /api/tournament/1213697?all_results=true HTTP/1.1" 200 -
INFO:werkzeug:127.0.0.1 - - [22/Nov/2025 13:59:04] "GET /api/tournament/1193135?all_results=true HTTP/1.1" 200 -
INFO:werkzeug:127.0.0.1 - - [22/Nov/2025 13:59:04] "GET /api/tournament/1220011?all_results=true HTTP/1.1" 200 -
INFO:werkzeug:127.0.0.1 - - [22/Nov/2025 13:59:04] "GET /api/tournament/1268826?all_results=true HTTP/1.1" 200 -
INFO:werkzeug:127.0.0.1 - - [22/Nov/2025 13:59:04] "GET /api/tournament/1095243?all_results=true HTTP/1.1" 200 -
INFO:werkzeug:127.0.0.1 - - [22/Nov/2025 13:59:04] "GET /api/tournament/1283544?all_results=true HTTP/1.1" 200 -
INFO:werkzeug:127.0.0.1 - - [22/Nov/2025 13:59:04] "GET /api/tournament/1130967?all_results=true HTTP/1.1" 200 -
INFO:werkzeug:127.0.0.1 - - [22/Nov/2025 13:59:04] "GET /api/tournament/1292319?all_results=true HTTP/1.1" 200 -
INFO:werkzeug:127.0.0.1 - - [22/Nov/2025 13:59:04] "GET /api/tournament/1255540?all_results=true HTTP/1.1" 200 -
INFO:werkzeug:127.0.0.1 - - [22/Nov/2025 13:59:04] "GET /api/tournament/1165146?all_results=true HTTP/1.1" 200 -
INFO:werkzeug:127.0.0.1 - - [22/Nov/2025 13:59:04] "GET /api/tournament/1188044?all_results=true HTTP/1.1" 200 -
INFO:werkzeug:127.0.0.1 - - [22/Nov/2025 13:59:04] "GET /api/tournament/1260527?all_results=true HTTP/1.1" 200 -
INFO:werkzeug:127.0.0.1 - - [22/Nov/2025 13:59:04] "GET /api/tournament/1126042?all_results=true HTTP/1.1" 200 -
INFO:werkzeug:127.0.0.1 - - [22/Nov/2025 13:59:04] "GET /api/rankings?sort=best_4&dir=desc&page=1 HTTP/1.1" 200 -
INFO:werkzeug:127.0.0.1 - - [22/Nov/2025 14:00:36] "GET /api/tournaments HTTP/1.1" 200 -
INFO:werkzeug:127.0.0.1 - - [22/Nov/2025 14:00:36] "GET /api/tournament/1268826?all_results=true HTTP/1.1" 200 -
INFO:werkzeug:127.0.0.1 - - [22/Nov/2025 14:00:36] "GET /api/tournament/1173578?all_results=true HTTP/1.1" 200 -
INFO:werkzeug:127.0.0.1 - - [22/Nov/2025 14:00:36] "GET /api/tournament/1188044?all_results=true HTTP/1.1" 200 -
INFO:werkzeug:127.0.0.1 - - [22/Nov/2025 14:00:36] "GET /api/tournament/1135144?all_results=true HTTP/1.1" 200 -
INFO:werkzeug:127.0.0.1 - - [22/Nov/2025 14:00:36] "GET /api/tournament/1165146?all_results=true HTTP/1.1" 200 -
INFO:werkzeug:127.0.0.1 - - [22/Nov/2025 14:00:36] "GET /api/tournament/1220011?all_results=true HTTP/1.1" 200 -
INFO:werkzeug:127.0.0.1 - - [22/Nov/2025 14:00:36] "GET /api/tournament/1283544?all_results=true HTTP/1.1" 200 -
INFO:werkzeug:127.0.0.1 - - [22/Nov/2025 14:00:36] "GET /api/tournament/1292319?all_results=true HTTP/1.1" 200 -
INFO:werkzeug:127.0.0.1 - - [22/Nov/2025 14:00:36] "GET /api/tournament/1130967?all_results=true HTTP/1.1" 200 -
INFO:werkzeug:127.0.0.1 - - [22/Nov/2025 14:00:36] "GET /api/tournament/1213697?all_results=true HTTP/1.1" 200 -
INFO:werkzeug:127.0.0.1 - - [22/Nov/2025 14:00:36] "GET /api/tournament/1193135?all_results=true HTTP/1.1" 200 -
INFO:werkzeug:127.0.0.1 - - [22/Nov/2025 14:00:36] "GET /api/tournament/1095243?all_results=true HTTP/1.1" 200 -
INFO:werkzeug:127.0.0.1 - - [22/Nov/2025 14:00:36] "GET /api/tournament/1260527?all_results=true HTTP/1.1" 200 -
INFO:werkzeug:127.0.0.1 - - [22/Nov/2025 14:00:36] "GET /api/tournament/1126042?all_results=true HTTP/1.1" 200 -
INFO:werkzeug:127.0.0.1 - - [22/Nov/2025 14:00:36] "GET /api/tournament/1255540?all_results=true HTTP/1.1" 200 -
INFO:werkzeug:127.0.0.1 - - [22/Nov/2025 14:00:36] "GET /api/rankings?sort=best_4&dir=desc&page=1 HTTP/1.1" 200 -
INFO:werkzeug:127.0.0.1 - - [22/Nov/2025 14:00:42] "GET /api/rankings?sort=best_4&dir=desc&page=1 HTTP/1.1" 200 -
INFO:werkzeug:127.0.0.1 - - [22/Nov/2025 14:00:59] "GET /api/tournaments HTTP/1.1" 200 -
INFO:werkzeug:127.0.0.1 - - [22/Nov/2025 14:00:59] "GET /api/tournament/1213697?all_results=true HTTP/1.1" 200 -
INFO:werkzeug:127.0.0.1 - - [22/Nov/2025 14:00:59] "GET /api/tournament/1255540?all_results=true HTTP/1.1" 200 -
INFO:werkzeug:127.0.0.1 - - [22/Nov/2025 14:00:59] "GET /api/tournament/1220011?all_results=true HTTP/1.1" 200 -
INFO:werkzeug:127.0.0.1 - - [22/Nov/2025 14:00:59] "GET /api/tournament/1283544?all_results=true HTTP/1.1" 200 -
INFO:werkzeug:127.0.0.1 - - [22/Nov/2025 14:00:59] "GET /api/tournament/1165146?all_results=true HTTP/1.1" 200 -
INFO:werkzeug:127.0.0.1 - - [22/Nov/2025 14:00:59] "GET /api/tournament/1173578?all_results=true HTTP/1.1" 200 -
INFO:werkzeug:127.0.0.1 - - [22/Nov/2025 14:00:59] "GET /api/tournament/1193135?all_results=true HTTP/1.1" 200 -
INFO:werkzeug:127.0.0.1 - - [22/Nov/2025 14:00:59] "GET /api/tournament/1135144?all_results=true HTTP/1.1" 200 -
INFO:werkzeug:127.0.0.1 - - [22/Nov/2025 14:00:59] "GET /api/tournament/1268826?all_results=true HTTP/1.1" 200 -
INFO:werkzeug:127.0.0.1 - - [22/Nov/2025 14:00:59] "GET /api/tournament/1292319?all_results=true HTTP/1.1" 200 -
INFO:werkzeug:127.0.0.1 - - [22/Nov/2025 14:00:59] "GET /api/tournament/1188044?all_results=true HTTP/1.1" 200 -
INFO:werkzeug:127.0.0.1 - - [22/Nov/2025 14:00:59] "GET /api/tournament/1130967?all_results=true HTTP/1.1" 200 -
INFO:werkzeug:127.0.0.1 - - [22/Nov/2025 14:00:59] "GET /api/tournament/1095243?all_results=true HTTP/1.1" 200 -
INFO:werkzeug:127.0.0.1 - - [22/Nov/2025 14:00:59] "GET /api/tournament/1126042?all_results=true HTTP/1.1" 200 -
INFO:werkzeug:127.0.0.1 - - [22/Nov/2025 14:00:59] "GET /api/tournament/1260527?all_results=true HTTP/1.1" 200 -
INFO:werkzeug:127.0.0.1 - - [22/Nov/2025 14:00:59] "GET /api/rankings?sort=best_4&dir=desc&page=1 HTTP/1.1" 200 -
INFO:werkzeug:127.0.0.1 - - [22/Nov/2025 14:04:56] "GET /api/rankings?sort=best_4&dir=desc&page=1 HTTP/1.1" 200 -
INFO:werkzeug:127.0.0.1 - - [22/Nov/2025 14:04:56] "GET /api/rankings?sort=best_4&dir=desc&page=1 HTTP/1.1" 200 -
INFO:werkzeug:127.0.0.1 - - [22/Nov/2025 14:04:56] "GET /api/rankings?sort=best_4&dir=desc&page=1 HTTP/1.1" 200 -
INFO:werkzeug:127.0.0.1 - - [22/Nov/2025 14:05:01] "GET /api/player/10816127 HTTP/1.1" 200 -
INFO:werkzeug:127.0.0.1 - - [22/Nov/2025 14:05:10] "GET /api/tournaments HTTP/1.1" 200 -
INFO:werkzeug:127.0.0.1 - - [22/Nov/2025 14:05:10] "GET /api/tournament/1268826?all_results=true HTTP/1.1" 200 -
INFO:werkzeug:127.0.0.1 - - [22/Nov/2025 14:05:10] "GET /api/tournament/1213697?all_results=true HTTP/1.1" 200 -
INFO:werkzeug:127.0.0.1 - - [22/Nov/2025 14:05:10] "GET /api/tournament/1135144?all_results=true HTTP/1.1" 200 -
INFO:werkzeug:127.0.0.1 - - [22/Nov/2025 14:05:10] "GET /api/tournament/1283544?all_results=true HTTP/1.1" 200 -
INFO:werkzeug:127.0.0.1 - - [22/Nov/2025 14:05:10] "GET /api/tournament/1220011?all_results=true HTTP/1.1" 200 -
INFO:werkzeug:127.0.0.1 - - [22/Nov/2025 14:05:10] "GET /api/tournament/1165146?all_results=true HTTP/1.1" 200 -
INFO:werkzeug:127.0.0.1 - - [22/Nov/2025 14:05:10] "GET /api/tournament/1193135?all_results=true HTTP/1.1" 200 -
INFO:werkzeug:127.0.0.1 - - [22/Nov/2025 14:05:10] "GET /api/tournament/1292319?all_results=true HTTP/1.1" 200 -
INFO:werkzeug:127.0.0.1 - - [22/Nov/2025 14:05:10] "GET /api/tournament/1173578?all_results=true HTTP/1.1" 200 -
INFO:werkzeug:127.0.0.1 - - [22/Nov/2025 14:05:10] "GET /api/tournament/1126042?all_results=true HTTP/1.1" 200 -
INFO:werkzeug:127.0.0.1 - - [22/Nov/2025 14:05:10] "GET /api/tournament/1188044?all_results=true HTTP/1.1" 200 -
INFO:werkzeug:127.0.0.1 - - [22/Nov/2025 14:05:10] "GET /api/tournament/1095243?all_results=true HTTP/1.1" 200 -
INFO:werkzeug:127.0.0.1 - - [22/Nov/2025 14:05:10] "GET /api/tournament/1130967?all_results=true HTTP/1.1" 200 -
INFO:werkzeug:127.0.0.1 - - [22/Nov/2025 14:05:10] "GET /api/tournament/1260527?all_results=true HTTP/1.1" 200 -
INFO:werkzeug:127.0.0.1 - - [22/Nov/2025 14:05:10] "GET /api/tournament/1255540?all_results=true HTTP/1.1" 200 -
INFO:werkzeug:127.0.0.1 - - [22/Nov/2025 14:05:10] "GET /api/rankings?sort=best_4&dir=desc&page=1 HTTP/1.1" 200 -
INFO:werkzeug:127.0.0.1 - - [22/Nov/2025 14:05:18] "GET /api/rankings?sort=best_4&dir=desc&page=1 HTTP/1.1" 200 -
INFO:werkzeug:127.0.0.1 - - [22/Nov/2025 14:05:18] "GET /api/rankings?sort=best_4&dir=desc&page=1 HTTP/1.1" 200 -
INFO:werkzeug:127.0.0.1 - - [22/Nov/2025 14:05:18] "GET /api/rankings?sort=best_4&dir=desc&page=1 HTTP/1.1" 200 -
INFO:werkzeug:127.0.0.1 - - [22/Nov/2025 14:05:22] "GET /api/player/10831940 HTTP/1.1" 200 -
INFO:werkzeug:127.0.0.1 - - [22/Nov/2025 14:06:10] "GET /api/tournaments HTTP/1.1" 200 -
INFO:werkzeug:127.0.0.1 - - [22/Nov/2025 14:06:10] "GET /api/tournament/1260527?all_results=true HTTP/1.1" 200 -
INFO:werkzeug:127.0.0.1 - - [22/Nov/2025 14:06:10] "GET /api/tournament/1283544?all_results=true HTTP/1.1" 200 -
INFO:werkzeug:127.0.0.1 - - [22/Nov/2025 14:06:10] "GET /api/tournament/1213697?all_results=true HTTP/1.1" 200 -
INFO:werkzeug:127.0.0.1 - - [22/Nov/2025 14:06:10] "GET /api/tournament/1292319?all_results=true HTTP/1.1" 200 -
INFO:werkzeug:127.0.0.1 - - [22/Nov/2025 14:06:10] "GET /api/tournament/1255540?all_results=true HTTP/1.1" 200 -
INFO:werkzeug:127.0.0.1 - - [22/Nov/2025 14:06:10] "GET /api/tournament/1220011?all_results=true HTTP/1.1" 200 -
INFO:werkzeug:127.0.0.1 - - [22/Nov/2025 14:06:10] "GET /api/tournament/1268826?all_results=true HTTP/1.1" 200 -
INFO:werkzeug:127.0.0.1 - - [22/Nov/2025 14:06:10] "GET /api/tournament/1173578?all_results=true HTTP/1.1" 200 -
INFO:werkzeug:127.0.0.1 - - [22/Nov/2025 14:06:10] "GET /api/tournament/1193135?all_results=true HTTP/1.1" 200 -
INFO:werkzeug:127.0.0.1 - - [22/Nov/2025 14:06:10] "GET /api/tournament/1188044?all_results=true HTTP/1.1" 200 -
INFO:werkzeug:127.0.0.1 - - [22/Nov/2025 14:06:10] "GET /api/tournament/1130967?all_results=true HTTP/1.1" 200 -
INFO:werkzeug:127.0.0.1 - - [22/Nov/2025 14:06:10] "GET /api/tournament/1135144?all_results=true HTTP/1.1" 200 -
INFO:werkzeug:127.0.0.1 - - [22/Nov/2025 14:06:10] "GET /api/tournament/1165146?all_results=true HTTP/1.1" 200 -
INFO:werkzeug:127.0.0.1 - - [22/Nov/2025 14:06:10] "GET /api/tournament/1095243?all_results=true HTTP/1.1" 200 -
INFO:werkzeug:127.0.0.1 - - [22/Nov/2025 14:06:10] "GET /api/tournament/1126042?all_results=true HTTP/1.1" 200 -
INFO:werkzeug:127.0.0.1 - - [22/Nov/2025 14:06:10] "GET /api/rankings?sort=best_4&dir=desc&page=1 HTTP/1.1" 200 -
INFO:werkzeug:127.0.0.1 - - [22/Nov/2025 14:06:13] "GET /api/tournaments HTTP/1.1" 200 -
INFO:werkzeug:127.0.0.1 - - [22/Nov/2025 14:06:13] "GET /api/tournament/1165146?all_results=true HTTP/1.1" 200 -
INFO:werkzeug:127.0.0.1 - - [22/Nov/2025 14:06:13] "GET /api/tournament/1213697?all_results=true HTTP/1.1" 200 -
INFO:werkzeug:127.0.0.1 - - [22/Nov/2025 14:06:13] "GET /api/tournament/1135144?all_results=true HTTP/1.1" 200 -
INFO:werkzeug:127.0.0.1 - - [22/Nov/2025 14:06:13] "GET /api/tournament/1283544?all_results=true HTTP/1.1" 200 -
INFO:werkzeug:127.0.0.1 - - [22/Nov/2025 14:06:13] "GET /api/tournament/1292319?all_results=true HTTP/1.1" 200 -
INFO:werkzeug:127.0.0.1 - - [22/Nov/2025 14:06:13] "GET /api/tournament/1193135?all_results=true HTTP/1.1" 200 -
INFO:werkzeug:127.0.0.1 - - [22/Nov/2025 14:06:13] "GET /api/tournament/1220011?all_results=true HTTP/1.1" 200 -
INFO:werkzeug:127.0.0.1 - - [22/Nov/2025 14:06:13] "GET /api/tournament/1268826?all_results=true HTTP/1.1" 200 -
INFO:werkzeug:127.0.0.1 - - [22/Nov/2025 14:06:13] "GET /api/tournament/1095243?all_results=true HTTP/1.1" 200 -
INFO:werkzeug:127.0.0.1 - - [22/Nov/2025 14:06:13] "GET /api/tournament/1173578?all_results=true HTTP/1.1" 200 -
INFO:werkzeug:127.0.0.1 - - [22/Nov/2025 14:06:13] "GET /api/tournament/1130967?all_results=true HTTP/1.1" 200 -
INFO:werkzeug:127.0.0.1 - - [22/Nov/2025 14:06:13] "GET /api/tournament/1188044?all_results=true HTTP/1.1" 200 -
INFO:werkzeug:127.0.0.1 - - [22/Nov/2025 14:06:13] "GET /api/tournament/1126042?all_results=true HTTP/1.1" 200 -
INFO:werkzeug:127.0.0.1 - - [22/Nov/2025 14:06:13] "GET /api/tournament/1255540?all_results=true HTTP/1.1" 200 -
INFO:werkzeug:127.0.0.1 - - [22/Nov/2025 14:06:13] "GET /api/tournament/1260527?all_results=true HTTP/1.1" 200 -
INFO:werkzeug:127.0.0.1 - - [22/Nov/2025 14:06:13] "GET /api/rankings?sort=best_4&dir=desc&page=1 HTTP/1.1" 200 -
INFO:werkzeug:127.0.0.1 - - [22/Nov/2025 14:08:07] "GET /api/tournaments HTTP/1.1" 200 -
INFO:werkzeug:127.0.0.1 - - [22/Nov/2025 14:08:07] "GET /api/tournament/1268826?all_results=true HTTP/1.1" 200 -
INFO:werkzeug:127.0.0.1 - - [22/Nov/2025 14:08:07] "GET /api/tournament/1283544?all_results=true HTTP/1.1" 200 -
INFO:werkzeug:127.0.0.1 - - [22/Nov/2025 14:08:07] "GET /api/tournament/1213697?all_results=true HTTP/1.1" 200 -
INFO:werkzeug:127.0.0.1 - - [22/Nov/2025 14:08:07] "GET /api/tournament/1220011?all_results=true HTTP/1.1" 200 -
INFO:werkzeug:127.0.0.1 - - [22/Nov/2025 14:08:07] "GET /api/tournament/1165146?all_results=true HTTP/1.1" 200 -
INFO:werkzeug:127.0.0.1 - - [22/Nov/2025 14:08:07] "GET /api/tournament/1135144?all_results=true HTTP/1.1" 200 -
INFO:werkzeug:127.0.0.1 - - [22/Nov/2025 14:08:07] "GET /api/tournament/1193135?all_results=true HTTP/1.1" 200 -
INFO:werkzeug:127.0.0.1 - - [22/Nov/2025 14:08:07] "GET /api/tournament/1173578?all_results=true HTTP/1.1" 200 -
INFO:werkzeug:127.0.0.1 - - [22/Nov/2025 14:08:07] "GET /api/tournament/1292319?all_results=true HTTP/1.1" 200 -
INFO:werkzeug:127.0.0.1 - - [22/Nov/2025 14:08:07] "GET /api/tournament/1188044?all_results=true HTTP/1.1" 200 -
INFO:werkzeug:127.0.0.1 - - [22/Nov/2025 14:08:07] "GET /api/tournament/1095243?all_results=true HTTP/1.1" 200 -
INFO:werkzeug:127.0.0.1 - - [22/Nov/2025 14:08:07] "GET /api/tournament/1126042?all_results=true HTTP/1.1" 200 -
INFO:werkzeug:127.0.0.1 - - [22/Nov/2025 14:08:07] "GET /api/tournament/1255540?all_results=true HTTP/1.1" 200 -
INFO:werkzeug:127.0.0.1 - - [22/Nov/2025 14:08:07] "GET /api/tournament/1130967?all_results=true HTTP/1.1" 200 -
INFO:werkzeug:127.0.0.1 - - [22/Nov/2025 14:08:07] "GET /api/tournament/1260527?all_results=true HTTP/1.1" 200 -
INFO:werkzeug:127.0.0.1 - - [22/Nov/2025 14:08:07] "GET /api/rankings?sort=best_4&dir=desc&page=1 HTTP/1.1" 200 -
INFO:werkzeug:127.0.0.1 - - [22/Nov/2025 14:14:24] "GET /api/rankings?sort=best_4&dir=desc&page=1 HTTP/1.1" 200 -
INFO:werkzeug:127.0.0.1 - - [22/Nov/2025 14:14:26] "GET /api/tournaments HTTP/1.1" 200 -
INFO:werkzeug:127.0.0.1 - - [22/Nov/2025 14:14:26] "GET /api/tournament/1165146?all_results=true HTTP/1.1" 200 -
INFO:werkzeug:127.0.0.1 - - [22/Nov/2025 14:14:26] "GET /api/tournament/1213697?all_results=true HTTP/1.1" 200 -
INFO:werkzeug:127.0.0.1 - - [22/Nov/2025 14:14:26] "GET /api/tournament/1268826?all_results=true HTTP/1.1" 200 -
INFO:werkzeug:127.0.0.1 - - [22/Nov/2025 14:14:26] "GET /api/tournament/1283544?all_results=true HTTP/1.1" 200 -
INFO:werkzeug:127.0.0.1 - - [22/Nov/2025 14:14:26] "GET /api/tournament/1193135?all_results=true HTTP/1.1" 200 -
INFO:werkzeug:127.0.0.1 - - [22/Nov/2025 14:14:26] "GET /api/tournament/1135144?all_results=true HTTP/1.1" 200 -
INFO:werkzeug:127.0.0.1 - - [22/Nov/2025 14:14:26] "GET /api/tournament/1173578?all_results=true HTTP/1.1" 200 -
INFO:werkzeug:127.0.0.1 - - [22/Nov/2025 14:14:26] "GET /api/tournament/1130967?all_results=true HTTP/1.1" 200 -
INFO:werkzeug:127.0.0.1 - - [22/Nov/2025 14:14:26] "GET /api/tournament/1220011?all_results=true HTTP/1.1" 200 -
INFO:werkzeug:127.0.0.1 - - [22/Nov/2025 14:14:26] "GET /api/tournament/1292319?all_results=true HTTP/1.1" 200 -
INFO:werkzeug:127.0.0.1 - - [22/Nov/2025 14:14:26] "GET /api/tournament/1188044?all_results=true HTTP/1.1" 200 -
INFO:werkzeug:127.0.0.1 - - [22/Nov/2025 14:14:26] "GET /api/tournament/1126042?all_results=true HTTP/1.1" 200 -
INFO:werkzeug:127.0.0.1 - - [22/Nov/2025 14:14:26] "GET /api/tournament/1095243?all_results=true HTTP/1.1" 200 -
INFO:werkzeug:127.0.0.1 - - [22/Nov/2025 14:14:26] "GET /api/tournament/1260527?all_results=true HTTP/1.1" 200 -
INFO:werkzeug:127.0.0.1 - - [22/Nov/2025 14:14:26] "GET /api/tournament/1255540?all_results=true HTTP/1.1" 200 -
INFO:werkzeug:127.0.0.1 - - [22/Nov/2025 14:14:26] "GET /api/rankings?sort=best_4&dir=desc&page=1 HTTP/1.1" 200 -
INFO:werkzeug:127.0.0.1 - - [22/Nov/2025 14:15:27] "GET /api/player/10800166 HTTP/1.1" 200 -
INFO:werkzeug:127.0.0.1 - - [22/Nov/2025 14:15:27] "GET /api/player/10800166 HTTP/1.1" 200 -
INFO:werkzeug:127.0.0.1 - - [22/Nov/2025 14:20:37] "GET /api/tournaments HTTP/1.1" 200 -
INFO:werkzeug:127.0.0.1 - - [22/Nov/2025 14:20:37] "GET /api/tournament/1165146?all_results=true HTTP/1.1" 200 -
INFO:werkzeug:127.0.0.1 - - [22/Nov/2025 14:20:37] "GET /api/tournament/1213697?all_results=true HTTP/1.1" 200 -
INFO:werkzeug:127.0.0.1 - - [22/Nov/2025 14:20:37] "GET /api/tournament/1220011?all_results=true HTTP/1.1" 200 -
INFO:werkzeug:127.0.0.1 - - [22/Nov/2025 14:20:37] "GET /api/tournament/1268826?all_results=true HTTP/1.1" 200 -
INFO:werkzeug:127.0.0.1 - - [22/Nov/2025 14:20:37] "GET /api/tournament/1193135?all_results=true HTTP/1.1" 200 -
INFO:werkzeug:127.0.0.1 - - [22/Nov/2025 14:20:37] "GET /api/tournament/1283544?all_results=true HTTP/1.1" 200 -
INFO:werkzeug:127.0.0.1 - - [22/Nov/2025 14:20:37] "GET /api/tournament/1292319?all_results=true HTTP/1.1" 200 -
INFO:werkzeug:127.0.0.1 - - [22/Nov/2025 14:20:37] "GET /api/tournament/1135144?all_results=true HTTP/1.1" 200 -
INFO:werkzeug:127.0.0.1 - - [22/Nov/2025 14:20:37] "GET /api/tournament/1188044?all_results=true HTTP/1.1" 200 -
INFO:werkzeug:127.0.0.1 - - [22/Nov/2025 14:20:37] "GET /api/tournament/1173578?all_results=true HTTP/1.1" 200 -
INFO:werkzeug:127.0.0.1 - - [22/Nov/2025 14:20:37] "GET /api/tournament/1095243?all_results=true HTTP/1.1" 200 -
INFO:werkzeug:127.0.0.1 - - [22/Nov/2025 14:20:37] "GET /api/tournament/1130967?all_results=true HTTP/1.1" 200 -
INFO:werkzeug:127.0.0.1 - - [22/Nov/2025 14:20:37] "GET /api/tournament/1126042?all_results=true HTTP/1.1" 200 -
INFO:werkzeug:127.0.0.1 - - [22/Nov/2025 14:20:37] "GET /api/tournament/1260527?all_results=true HTTP/1.1" 200 -
INFO:werkzeug:127.0.0.1 - - [22/Nov/2025 14:20:37] "GET /api/tournament/1255540?all_results=true HTTP/1.1" 200 -
INFO:werkzeug:127.0.0.1 - - [22/Nov/2025 14:20:37] "GET /api/rankings?sort=best_4&dir=desc&page=1 HTTP/1.1" 200 -
INFO:werkzeug:127.0.0.1 - - [22/Nov/2025 14:24:52] "GET /api/player/10813420 HTTP/1.1" 200 -
INFO:werkzeug:127.0.0.1 - - [22/Nov/2025 14:24:52] "GET /api/player/10813420 HTTP/1.1" 200 -
INFO:werkzeug:127.0.0.1 - - [22/Nov/2025 14:25:36] "GET /api/player/10814078 HTTP/1.1" 200 -
INFO:werkzeug:127.0.0.1 - - [22/Nov/2025 14:25:36] "GET /api/player/10808655 HTTP/1.1" 200 -
INFO:werkzeug:127.0.0.1 - - [22/Nov/2025 14:25:36] "GET /api/player/10808868 HTTP/1.1" 200 -
INFO:werkzeug:127.0.0.1 - - [22/Nov/2025 14:25:36] "GET /api/player/10815406 HTTP/1.1" 200 -
INFO:werkzeug:127.0.0.1 - - [22/Nov/2025 14:25:36] "GET /api/player/10800123 HTTP/1.1" 200 -
INFO:werkzeug:127.0.0.1 - - [22/Nov/2025 14:25:36] "GET /api/player/10800999 HTTP/1.1" 200 -
INFO:werkzeug:127.0.0.1 - - [22/Nov/2025 14:25:36] "GET /api/player/10802088 HTTP/1.1" 200 -
INFO:werkzeug:127.0.0.1 - - [22/Nov/2025 14:25:36] "GET /api/player/10818383 HTTP/1.1" 200 -
INFO:werkzeug:127.0.0.1 - - [22/Nov/2025 14:25:36] "GET /api/player/10818677 HTTP/1.1" 200 -
INFO:werkzeug:127.0.0.1 - - [22/Nov/2025 14:25:36] "GET /api/player/10802886 HTTP/1.1" 200 -
INFO:werkzeug:127.0.0.1 - - [22/Nov/2025 14:25:36] "GET /api/player/10841741 HTTP/1.1" 200 -
INFO:werkzeug:127.0.0.1 - - [22/Nov/2025 14:25:36] "GET /api/player/10836012 HTTP/1.1" 200 -
INFO:werkzeug:127.0.0.1 - - [22/Nov/2025 14:25:36] "GET /api/player/10804714 HTTP/1.1" 200 -
INFO:werkzeug:127.0.0.1 - - [22/Nov/2025 14:25:36] "GET /api/player/10824014 HTTP/1.1" 200 -
INFO:werkzeug:127.0.0.1 - - [22/Nov/2025 14:25:36] "GET /api/player/10814582 HTTP/1.1" 200 -
INFO:werkzeug:127.0.0.1 - - [22/Nov/2025 14:25:36] "GET /api/player/10823875 HTTP/1.1" 200 -
INFO:werkzeug:127.0.0.1 - - [22/Nov/2025 14:25:36] "GET /api/player/10801693 HTTP/1.1" 200 -
INFO:werkzeug:127.0.0.1 - - [22/Nov/2025 14:25:36] "GET /api/player/10801952 HTTP/1.1" 200 -
INFO:werkzeug:127.0.0.1 - - [22/Nov/2025 14:25:36] "GET /api/player/10805796 HTTP/1.1" 200 -
INFO:werkzeug:127.0.0.1 - - [22/Nov/2025 14:25:36] "GET /api/player/10816593 HTTP/1.1" 200 -
INFO:werkzeug:127.0.0.1 - - [22/Nov/2025 14:25:36] "GET /api/player/10802185 HTTP/1.1" 200 -
INFO:werkzeug:127.0.0.1 - - [22/Nov/2025 14:35:10] "GET /api/tournaments HTTP/1.1" 200 -
INFO:werkzeug:127.0.0.1 - - [22/Nov/2025 14:35:10] "GET /api/tournament/1283544?all_results=true HTTP/1.1" 200 -
INFO:werkzeug:127.0.0.1 - - [22/Nov/2025 14:35:10] "GET /api/tournament/1213697?all_results=true HTTP/1.1" 200 -
INFO:werkzeug:127.0.0.1 - - [22/Nov/2025 14:35:10] "GET /api/tournament/1165146?all_results=true HTTP/1.1" 200 -
INFO:werkzeug:127.0.0.1 - - [22/Nov/2025 14:35:10] "GET /api/tournament/1268826?all_results=true HTTP/1.1" 200 -
INFO:werkzeug:127.0.0.1 - - [22/Nov/2025 14:35:10] "GET /api/tournament/1292319?all_results=true HTTP/1.1" 200 -
INFO:werkzeug:127.0.0.1 - - [22/Nov/2025 14:35:10] "GET /api/tournament/1193135?all_results=true HTTP/1.1" 200 -
INFO:werkzeug:127.0.0.1 - - [22/Nov/2025 14:35:10] "GET /api/tournament/1135144?all_results=true HTTP/1.1" 200 -
INFO:werkzeug:127.0.0.1 - - [22/Nov/2025 14:35:10] "GET /api/tournament/1188044?all_results=true HTTP/1.1" 200 -
INFO:werkzeug:127.0.0.1 - - [22/Nov/2025 14:35:10] "GET /api/tournament/1173578?all_results=true HTTP/1.1" 200 -
INFO:werkzeug:127.0.0.1 - - [22/Nov/2025 14:35:10] "GET /api/tournament/1220011?all_results=true HTTP/1.1" 200 -
INFO:werkzeug:127.0.0.1 - - [22/Nov/2025 14:35:10] "GET /api/tournament/1126042?all_results=true HTTP/1.1" 200 -
INFO:werkzeug:127.0.0.1 - - [22/Nov/2025 14:35:10] "GET /api/tournament/1130967?all_results=true HTTP/1.1" 200 -
INFO:werkzeug:127.0.0.1 - - [22/Nov/2025 14:35:10] "GET /api/tournament/1095243?all_results=true HTTP/1.1" 200 -
INFO:werkzeug:127.0.0.1 - - [22/Nov/2025 14:35:10] "GET /api/tournament/1260527?all_results=true HTTP/1.1" 200 -
INFO:werkzeug:127.0.0.1 - - [22/Nov/2025 14:35:10] "GET /api/tournament/1255540?all_results=true HTTP/1.1" 200 -
INFO:werkzeug:127.0.0.1 - - [22/Nov/2025 14:35:10] "GET /api/rankings?sort=best_4&dir=desc&page=1 HTTP/1.1" 200 -
INFO:werkzeug:127.0.0.1 - - [22/Nov/2025 14:35:12] "GET /api/player/10804714 HTTP/1.1" 200 -
INFO:werkzeug:127.0.0.1 - - [22/Nov/2025 14:35:12] "GET /api/player/10816593 HTTP/1.1" 200 -
INFO:werkzeug:127.0.0.1 - - [22/Nov/2025 14:35:12] "GET /api/player/10800166 HTTP/1.1" 200 -
INFO:werkzeug:127.0.0.1 - - [22/Nov/2025 14:35:12] "GET /api/player/10823875 HTTP/1.1" 200 -
INFO:werkzeug:127.0.0.1 - - [22/Nov/2025 14:35:12] "GET /api/player/10800999 HTTP/1.1" 200 -
INFO:werkzeug:127.0.0.1 - - [22/Nov/2025 14:35:12] "GET /api/player/10802185 HTTP/1.1" 200 -
INFO:werkzeug:127.0.0.1 - - [22/Nov/2025 14:35:12] "GET /api/player/10801952 HTTP/1.1" 200 -
INFO:werkzeug:127.0.0.1 - - [22/Nov/2025 14:35:12] "GET /api/player/10836012 HTTP/1.1" 200 -
INFO:werkzeug:127.0.0.1 - - [22/Nov/2025 14:35:12] "GET /api/player/10808868 HTTP/1.1" 200 -
INFO:werkzeug:127.0.0.1 - - [22/Nov/2025 14:35:12] "GET /api/player/10814078 HTTP/1.1" 200 -
INFO:werkzeug:127.0.0.1 - - [22/Nov/2025 14:35:12] "GET /api/player/10802886 HTTP/1.1" 200 -
INFO:werkzeug:127.0.0.1 - - [22/Nov/2025 14:35:12] "GET /api/player/10805796 HTTP/1.1" 200 -
INFO:werkzeug:127.0.0.1 - - [22/Nov/2025 14:35:12] "GET /api/player/10801693 HTTP/1.1" 200 -
INFO:werkzeug:127.0.0.1 - - [22/Nov/2025 14:35:12] "GET /api/player/10800123 HTTP/1.1" 200 -
INFO:werkzeug:127.0.0.1 - - [22/Nov/2025 14:35:12] "GET /api/player/10802088 HTTP/1.1" 200 -
INFO:werkzeug:127.0.0.1 - - [22/Nov/2025 14:35:12] "GET /api/player/10831940 HTTP/1.1" 200 -
INFO:werkzeug:127.0.0.1 - - [22/Nov/2025 14:35:12] "GET /api/player/10824014 HTTP/1.1" 200 -
INFO:werkzeug:127.0.0.1 - - [22/Nov/2025 14:35:12] "GET /api/player/10814582 HTTP/1.1" 200 -
INFO:werkzeug:127.0.0.1 - - [22/Nov/2025 14:35:12] "GET /api/player/10818383 HTTP/1.1" 200 -
INFO:werkzeug:127.0.0.1 - - [22/Nov/2025 14:35:12] "GET /api/player/10841741 HTTP/1.1" 200 -
INFO:werkzeug:127.0.0.1 - - [22/Nov/2025 14:35:12] "GET /api/player/10815406 HTTP/1.1" 200 -
INFO:werkzeug:127.0.0.1 - - [22/Nov/2025 14:35:12] "GET /api/player/10813420 HTTP/1.1" 200 -
INFO:werkzeug:127.0.0.1 - - [22/Nov/2025 14:35:12] "GET /api/player/10818677 HTTP/1.1" 200 -
INFO:werkzeug:127.0.0.1 - - [22/Nov/2025 14:35:12] "GET /api/player/10816127 HTTP/1.1" 200 -
INFO:werkzeug:127.0.0.1 - - [22/Nov/2025 14:35:12] "GET /api/player/10808655 HTTP/1.1" 200 -
INFO:werkzeug:127.0.0.1 - - [22/Nov/2025 14:35:23] "GET /api/player/10800166 HTTP/1.1" 200 -
INFO:werkzeug:127.0.0.1 - - [22/Nov/2025 14:35:23] "GET /api/player/10800166 HTTP/1.1" 200 -
INFO:werkzeug:127.0.0.1 - - [22/Nov/2025 14:39:38] "GET /api/rankings?sort=best_4&dir=desc&page=1 HTTP/1.1" 200 -
INFO:werkzeug:127.0.0.1 - - [22/Nov/2025 14:40:35] "GET /api/tournaments HTTP/1.1" 200 -
INFO:werkzeug:127.0.0.1 - - [22/Nov/2025 14:40:35] "GET /api/tournament/1213697?all_results=true HTTP/1.1" 200 -
INFO:werkzeug:127.0.0.1 - - [22/Nov/2025 14:40:35] "GET /api/tournament/1292319?all_results=true HTTP/1.1" 200 -
INFO:werkzeug:127.0.0.1 - - [22/Nov/2025 14:40:35] "GET /api/tournament/1268826?all_results=true HTTP/1.1" 200 -
INFO:werkzeug:127.0.0.1 - - [22/Nov/2025 14:40:35] "GET /api/tournament/1165146?all_results=true HTTP/1.1" 200 -
INFO:werkzeug:127.0.0.1 - - [22/Nov/2025 14:40:35] "GET /api/tournament/1135144?all_results=true HTTP/1.1" 200 -
INFO:werkzeug:127.0.0.1 - - [22/Nov/2025 14:40:35] "GET /api/tournament/1193135?all_results=true HTTP/1.1" 200 -
INFO:werkzeug:127.0.0.1 - - [22/Nov/2025 14:40:35] "GET /api/tournament/1173578?all_results=true HTTP/1.1" 200 -
INFO:werkzeug:127.0.0.1 - - [22/Nov/2025 14:40:35] "GET /api/tournament/1220011?all_results=true HTTP/1.1" 200 -
INFO:werkzeug:127.0.0.1 - - [22/Nov/2025 14:40:35] "GET /api/tournament/1283544?all_results=true HTTP/1.1" 200 -
INFO:werkzeug:127.0.0.1 - - [22/Nov/2025 14:40:35] "GET /api/tournament/1095243?all_results=true HTTP/1.1" 200 -
INFO:werkzeug:127.0.0.1 - - [22/Nov/2025 14:40:35] "GET /api/tournament/1188044?all_results=true HTTP/1.1" 200 -
INFO:werkzeug:127.0.0.1 - - [22/Nov/2025 14:40:35] "GET /api/tournament/1255540?all_results=true HTTP/1.1" 200 -
INFO:werkzeug:127.0.0.1 - - [22/Nov/2025 14:40:35] "GET /api/tournament/1260527?all_results=true HTTP/1.1" 200 -
INFO:werkzeug:127.0.0.1 - - [22/Nov/2025 14:40:35] "GET /api/tournament/1130967?all_results=true HTTP/1.1" 200 -
INFO:werkzeug:127.0.0.1 - - [22/Nov/2025 14:40:35] "GET /api/tournament/1126042?all_results=true HTTP/1.1" 200 -
INFO:werkzeug:127.0.0.1 - - [22/Nov/2025 14:40:35] "GET /api/rankings?sort=best_4&dir=desc&page=1 HTTP/1.1" 200 -
INFO:werkzeug:127.0.0.1 - - [22/Nov/2025 14:40:35] "GET /api/player/10824014 HTTP/1.1" 200 -
INFO:werkzeug:127.0.0.1 - - [22/Nov/2025 14:40:35] "GET /api/player/10802088 HTTP/1.1" 200 -
INFO:werkzeug:127.0.0.1 - - [22/Nov/2025 14:40:35] "GET /api/player/10802886 HTTP/1.1" 200 -
INFO:werkzeug:127.0.0.1 - - [22/Nov/2025 14:40:36] "GET /api/player/10814078 HTTP/1.1" 200 -
INFO:werkzeug:127.0.0.1 - - [22/Nov/2025 14:40:36] "GET /api/player/10808655 HTTP/1.1" 200 -
INFO:werkzeug:127.0.0.1 - - [22/Nov/2025 14:40:36] "GET /api/player/10808868 HTTP/1.1" 200 -
INFO:werkzeug:127.0.0.1 - - [22/Nov/2025 14:40:36] "GET /api/player/10800123 HTTP/1.1" 200 -
INFO:werkzeug:127.0.0.1 - - [22/Nov/2025 14:40:36] "GET /api/player/10801952 HTTP/1.1" 200 -
INFO:werkzeug:127.0.0.1 - - [22/Nov/2025 14:40:36] "GET /api/player/10823875 HTTP/1.1" 200 -
INFO:werkzeug:127.0.0.1 - - [22/Nov/2025 14:40:36] "GET /api/player/10814582 HTTP/1.1" 200 -
INFO:werkzeug:127.0.0.1 - - [22/Nov/2025 14:40:36] "GET /api/player/10800999 HTTP/1.1" 200 -
INFO:werkzeug:127.0.0.1 - - [22/Nov/2025 14:40:36] "GET /api/player/10841741 HTTP/1.1" 200 -
INFO:werkzeug:127.0.0.1 - - [22/Nov/2025 14:40:36] "GET /api/player/10801693 HTTP/1.1" 200 -
INFO:werkzeug:127.0.0.1 - - [22/Nov/2025 14:40:36] "GET /api/player/10815406 HTTP/1.1" 200 -
INFO:werkzeug:127.0.0.1 - - [22/Nov/2025 14:40:36] "GET /api/player/10800166 HTTP/1.1" 200 -
INFO:werkzeug:127.0.0.1 - - [22/Nov/2025 14:40:36] "GET /api/player/10818383 HTTP/1.1" 200 -
INFO:werkzeug:127.0.0.1 - - [22/Nov/2025 14:40:36] "GET /api/player/10831940 HTTP/1.1" 200 -
INFO:werkzeug:127.0.0.1 - - [22/Nov/2025 14:40:36] "GET /api/player/10802185 HTTP/1.1" 200 -
INFO:werkzeug:127.0.0.1 - - [22/Nov/2025 14:40:36] "GET /api/player/10816593 HTTP/1.1" 200 -
INFO:werkzeug:127.0.0.1 - - [22/Nov/2025 14:40:36] "GET /api/player/10818677 HTTP/1.1" 200 -
INFO:werkzeug:127.0.0.1 - - [22/Nov/2025 14:40:36] "GET /api/player/10816127 HTTP/1.1" 200 -
INFO:werkzeug:127.0.0.1 - - [22/Nov/2025 14:40:36] "GET /api/player/10836012 HTTP/1.1" 200 -
INFO:werkzeug:127.0.0.1 - - [22/Nov/2025 14:40:36] "GET /api/player/10804714 HTTP/1.1" 200 -
INFO:werkzeug:127.0.0.1 - - [22/Nov/2025 14:40:36] "GET /api/player/10805796 HTTP/1.1" 200 -
INFO:werkzeug:127.0.0.1 - - [22/Nov/2025 14:40:36] "GET /api/player/10813420 HTTP/1.1" 200 -
INFO:werkzeug:127.0.0.1 - - [22/Nov/2025 14:49:55] "GET /api/tournaments HTTP/1.1" 200 -
INFO:werkzeug:127.0.0.1 - - [22/Nov/2025 14:49:55] "GET /api/tournament/1213697?all_results=true HTTP/1.1" 200 -
INFO:werkzeug:127.0.0.1 - - [22/Nov/2025 14:49:55] "GET /api/tournament/1165146?all_results=true HTTP/1.1" 200 -
INFO:werkzeug:127.0.0.1 - - [22/Nov/2025 14:49:56] "GET /api/tournament/1193135?all_results=true HTTP/1.1" 200 -
INFO:werkzeug:127.0.0.1 - - [22/Nov/2025 14:49:56] "GET /api/tournament/1135144?all_results=true HTTP/1.1" 200 -
INFO:werkzeug:127.0.0.1 - - [22/Nov/2025 14:49:56] "GET /api/tournament/1220011?all_results=true HTTP/1.1" 200 -
INFO:werkzeug:127.0.0.1 - - [22/Nov/2025 14:49:56] "GET /api/tournament/1292319?all_results=true HTTP/1.1" 200 -
INFO:werkzeug:127.0.0.1 - - [22/Nov/2025 14:49:56] "GET /api/tournament/1268826?all_results=true HTTP/1.1" 200 -
INFO:werkzeug:127.0.0.1 - - [22/Nov/2025 14:49:56] "GET /api/tournament/1283544?all_results=true HTTP/1.1" 200 -
INFO:werkzeug:127.0.0.1 - - [22/Nov/2025 14:49:56] "GET /api/tournament/1130967?all_results=true HTTP/1.1" 200 -
INFO:werkzeug:127.0.0.1 - - [22/Nov/2025 14:49:56] "GET /api/tournament/1126042?all_results=true HTTP/1.1" 200 -
INFO:werkzeug:127.0.0.1 - - [22/Nov/2025 14:49:56] "GET /api/tournament/1188044?all_results=true HTTP/1.1" 200 -
INFO:werkzeug:127.0.0.1 - - [22/Nov/2025 14:49:56] "GET /api/tournament/1173578?all_results=true HTTP/1.1" 200 -
INFO:werkzeug:127.0.0.1 - - [22/Nov/2025 14:49:56] "GET /api/tournament/1260527?all_results=true HTTP/1.1" 200 -
INFO:werkzeug:127.0.0.1 - - [22/Nov/2025 14:49:56] "GET /api/tournament/1255540?all_results=true HTTP/1.1" 200 -
INFO:werkzeug:127.0.0.1 - - [22/Nov/2025 14:49:56] "GET /api/tournament/1095243?all_results=true HTTP/1.1" 200 -
INFO:werkzeug:127.0.0.1 - - [22/Nov/2025 14:49:56] "GET /api/rankings?sort=best_4&dir=desc&page=1 HTTP/1.1" 200 -
INFO:werkzeug:127.0.0.1 - - [22/Nov/2025 14:49:56] "GET /api/player/10823875 HTTP/1.1" 200 -
INFO:werkzeug:127.0.0.1 - - [22/Nov/2025 14:49:57] "GET /api/player/10808868 HTTP/1.1" 200 -
INFO:werkzeug:127.0.0.1 - - [22/Nov/2025 14:49:57] "GET /api/player/10802088 HTTP/1.1" 200 -
INFO:werkzeug:127.0.0.1 - - [22/Nov/2025 14:49:57] "GET /api/player/10815406 HTTP/1.1" 200 -
INFO:werkzeug:127.0.0.1 - - [22/Nov/2025 14:49:57] "GET /api/player/10814078 HTTP/1.1" 200 -
INFO:werkzeug:127.0.0.1 - - [22/Nov/2025 14:49:57] "GET /api/player/10802185 HTTP/1.1" 200 -
INFO:werkzeug:127.0.0.1 - - [22/Nov/2025 14:49:57] "GET /api/player/10836012 HTTP/1.1" 200 -
INFO:werkzeug:127.0.0.1 - - [22/Nov/2025 14:49:57] "GET /api/player/10816127 HTTP/1.1" 200 -
INFO:werkzeug:127.0.0.1 - - [22/Nov/2025 14:49:57] "GET /api/player/10841741 HTTP/1.1" 200 -
INFO:werkzeug:127.0.0.1 - - [22/Nov/2025 14:49:57] "GET /api/player/10801693 HTTP/1.1" 200 -
INFO:werkzeug:127.0.0.1 - - [22/Nov/2025 14:49:57] "GET /api/player/10800999 HTTP/1.1" 200 -
INFO:werkzeug:127.0.0.1 - - [22/Nov/2025 14:49:57] "GET /api/player/10800166 HTTP/1.1" 200 -
INFO:werkzeug:127.0.0.1 - - [22/Nov/2025 14:49:57] "GET /api/player/10805796 HTTP/1.1" 200 -
INFO:werkzeug:127.0.0.1 - - [22/Nov/2025 14:49:57] "GET /api/player/10816593 HTTP/1.1" 200 -
INFO:werkzeug:127.0.0.1 - - [22/Nov/2025 14:49:57] "GET /api/player/10824014 HTTP/1.1" 200 -
INFO:werkzeug:127.0.0.1 - - [22/Nov/2025 14:49:57] "GET /api/player/10818383 HTTP/1.1" 200 -
INFO:werkzeug:127.0.0.1 - - [22/Nov/2025 14:49:57] "GET /api/player/10801952 HTTP/1.1" 200 -
INFO:werkzeug:127.0.0.1 - - [22/Nov/2025 14:49:57] "GET /api/player/10804714 HTTP/1.1" 200 -
INFO:werkzeug:127.0.0.1 - - [22/Nov/2025 14:49:57] "GET /api/player/10800123 HTTP/1.1" 200 -
INFO:werkzeug:127.0.0.1 - - [22/Nov/2025 14:49:57] "GET /api/player/10818677 HTTP/1.1" 200 -
INFO:werkzeug:127.0.0.1 - - [22/Nov/2025 14:49:57] "GET /api/player/10813420 HTTP/1.1" 200 -
INFO:werkzeug:127.0.0.1 - - [22/Nov/2025 14:49:57] "GET /api/player/10814582 HTTP/1.1" 200 -
INFO:werkzeug:127.0.0.1 - - [22/Nov/2025 14:49:57] "GET /api/player/10802886 HTTP/1.1" 200 -
INFO:werkzeug:127.0.0.1 - - [22/Nov/2025 14:49:57] "GET /api/player/10808655 HTTP/1.1" 200 -
INFO:werkzeug:127.0.0.1 - - [22/Nov/2025 14:49:57] "GET /api/player/10831940 HTTP/1.1" 200 -
INFO:werkzeug:127.0.0.1 - - [22/Nov/2025 14:50:02] "GET /api/tournaments HTTP/1.1" 200 -
INFO:werkzeug:127.0.0.1 - - [22/Nov/2025 14:50:02] "GET /api/tournament/1213697?all_results=true HTTP/1.1" 200 -
INFO:werkzeug:127.0.0.1 - - [22/Nov/2025 14:50:02] "GET /api/tournament/1165146?all_results=true HTTP/1.1" 200 -
INFO:werkzeug:127.0.0.1 - - [22/Nov/2025 14:50:02] "GET /api/tournament/1135144?all_results=true HTTP/1.1" 200 -
INFO:werkzeug:127.0.0.1 - - [22/Nov/2025 14:50:02] "GET /api/tournament/1283544?all_results=true HTTP/1.1" 200 -
INFO:werkzeug:127.0.0.1 - - [22/Nov/2025 14:50:02] "GET /api/tournament/1193135?all_results=true HTTP/1.1" 200 -
INFO:werkzeug:127.0.0.1 - - [22/Nov/2025 14:50:02] "GET /api/tournament/1268826?all_results=true HTTP/1.1" 200 -
INFO:werkzeug:127.0.0.1 - - [22/Nov/2025 14:50:02] "GET /api/tournament/1220011?all_results=true HTTP/1.1" 200 -
INFO:werkzeug:127.0.0.1 - - [22/Nov/2025 14:50:02] "GET /api/tournament/1292319?all_results=true HTTP/1.1" 200 -
INFO:werkzeug:127.0.0.1 - - [22/Nov/2025 14:50:02] "GET /api/tournament/1130967?all_results=true HTTP/1.1" 200 -
INFO:werkzeug:127.0.0.1 - - [22/Nov/2025 14:50:02] "GET /api/tournament/1173578?all_results=true HTTP/1.1" 200 -
INFO:werkzeug:127.0.0.1 - - [22/Nov/2025 14:50:02] "GET /api/tournament/1188044?all_results=true HTTP/1.1" 200 -
INFO:werkzeug:127.0.0.1 - - [22/Nov/2025 14:50:02] "GET /api/tournament/1126042?all_results=true HTTP/1.1" 200 -
INFO:werkzeug:127.0.0.1 - - [22/Nov/2025 14:50:02] "GET /api/tournament/1095243?all_results=true HTTP/1.1" 200 -
INFO:werkzeug:127.0.0.1 - - [22/Nov/2025 14:50:02] "GET /api/tournament/1260527?all_results=true HTTP/1.1" 200 -
INFO:werkzeug:127.0.0.1 - - [22/Nov/2025 14:50:02] "GET /api/tournament/1255540?all_results=true HTTP/1.1" 200 -
INFO:werkzeug:127.0.0.1 - - [22/Nov/2025 14:50:02] "GET /api/rankings?sort=best_4&dir=desc&page=1 HTTP/1.1" 200 -
INFO:werkzeug:127.0.0.1 - - [22/Nov/2025 14:50:03] "GET /api/player/10808868 HTTP/1.1" 200 -
INFO:werkzeug:127.0.0.1 - - [22/Nov/2025 14:50:03] "GET /api/player/10824014 HTTP/1.1" 200 -
INFO:werkzeug:127.0.0.1 - - [22/Nov/2025 14:50:03] "GET /api/player/10816127 HTTP/1.1" 200 -
INFO:werkzeug:127.0.0.1 - - [22/Nov/2025 14:50:03] "GET /api/player/10814078 HTTP/1.1" 200 -
INFO:werkzeug:127.0.0.1 - - [22/Nov/2025 14:50:03] "GET /api/player/10802185 HTTP/1.1" 200 -
INFO:werkzeug:127.0.0.1 - - [22/Nov/2025 14:50:03] "GET /api/player/10814582 HTTP/1.1" 200 -
INFO:werkzeug:127.0.0.1 - - [22/Nov/2025 14:50:03] "GET /api/player/10800123 HTTP/1.1" 200 -
INFO:werkzeug:127.0.0.1 - - [22/Nov/2025 14:50:03] "GET /api/player/10818383 HTTP/1.1" 200 -
INFO:werkzeug:127.0.0.1 - - [22/Nov/2025 14:50:03] "GET /api/player/10808655 HTTP/1.1" 200 -
INFO:werkzeug:127.0.0.1 - - [22/Nov/2025 14:50:03] "GET /api/player/10831940 HTTP/1.1" 200 -
INFO:werkzeug:127.0.0.1 - - [22/Nov/2025 14:50:03] "GET /api/player/10823875 HTTP/1.1" 200 -
INFO:werkzeug:127.0.0.1 - - [22/Nov/2025 14:50:03] "GET /api/player/10800999 HTTP/1.1" 200 -
INFO:werkzeug:127.0.0.1 - - [22/Nov/2025 14:50:03] "GET /api/player/10815406 HTTP/1.1" 200 -
INFO:werkzeug:127.0.0.1 - - [22/Nov/2025 14:50:03] "GET /api/player/10836012 HTTP/1.1" 200 -
INFO:werkzeug:127.0.0.1 - - [22/Nov/2025 14:50:03] "GET /api/player/10801693 HTTP/1.1" 200 -
INFO:werkzeug:127.0.0.1 - - [22/Nov/2025 14:50:03] "GET /api/player/10802886 HTTP/1.1" 200 -
INFO:werkzeug:127.0.0.1 - - [22/Nov/2025 14:50:03] "GET /api/player/10804714 HTTP/1.1" 200 -
INFO:werkzeug:127.0.0.1 - - [22/Nov/2025 14:50:03] "GET /api/player/10816593 HTTP/1.1" 200 -
INFO:werkzeug:127.0.0.1 - - [22/Nov/2025 14:50:03] "GET /api/player/10802088 HTTP/1.1" 200 -
INFO:werkzeug:127.0.0.1 - - [22/Nov/2025 14:50:03] "GET /api/player/10841741 HTTP/1.1" 200 -
INFO:werkzeug:127.0.0.1 - - [22/Nov/2025 14:50:03] "GET /api/player/10801952 HTTP/1.1" 200 -
INFO:werkzeug:127.0.0.1 - - [22/Nov/2025 14:50:03] "GET /api/player/10805796 HTTP/1.1" 200 -
INFO:werkzeug:127.0.0.1 - - [22/Nov/2025 14:50:03] "GET /api/player/10818677 HTTP/1.1" 200 -
INFO:werkzeug:127.0.0.1 - - [22/Nov/2025 14:50:03] "GET /api/player/10813420 HTTP/1.1" 200 -
INFO:werkzeug:127.0.0.1 - - [22/Nov/2025 14:50:03] "GET /api/player/10800166 HTTP/1.1" 200 -
INFO:werkzeug:127.0.0.1 - - [22/Nov/2025 14:51:26] "GET /api/tournaments HTTP/1.1" 200 -
INFO:werkzeug:127.0.0.1 - - [22/Nov/2025 14:51:26] "GET /api/tournament/1283544?all_results=true HTTP/1.1" 200 -
INFO:werkzeug:127.0.0.1 - - [22/Nov/2025 14:51:26] "GET /api/tournament/1213697?all_results=true HTTP/1.1" 200 -
INFO:werkzeug:127.0.0.1 - - [22/Nov/2025 14:51:26] "GET /api/tournament/1193135?all_results=true HTTP/1.1" 200 -
INFO:werkzeug:127.0.0.1 - - [22/Nov/2025 14:51:26] "GET /api/tournament/1135144?all_results=true HTTP/1.1" 200 -
INFO:werkzeug:127.0.0.1 - - [22/Nov/2025 14:51:26] "GET /api/tournament/1220011?all_results=true HTTP/1.1" 200 -
INFO:werkzeug:127.0.0.1 - - [22/Nov/2025 14:51:26] "GET /api/tournament/1268826?all_results=true HTTP/1.1" 200 -
INFO:werkzeug:127.0.0.1 - - [22/Nov/2025 14:51:26] "GET /api/tournament/1165146?all_results=true HTTP/1.1" 200 -
INFO:werkzeug:127.0.0.1 - - [22/Nov/2025 14:51:26] "GET /api/tournament/1292319?all_results=true HTTP/1.1" 200 -
INFO:werkzeug:127.0.0.1 - - [22/Nov/2025 14:51:26] "GET /api/tournament/1126042?all_results=true HTTP/1.1" 200 -
INFO:werkzeug:127.0.0.1 - - [22/Nov/2025 14:51:26] "GET /api/tournament/1095243?all_results=true HTTP/1.1" 200 -
INFO:werkzeug:127.0.0.1 - - [22/Nov/2025 14:51:26] "GET /api/tournament/1130967?all_results=true HTTP/1.1" 200 -
INFO:werkzeug:127.0.0.1 - - [22/Nov/2025 14:51:26] "GET /api/tournament/1173578?all_results=true HTTP/1.1" 200 -
INFO:werkzeug:127.0.0.1 - - [22/Nov/2025 14:51:26] "GET /api/tournament/1188044?all_results=true HTTP/1.1" 200 -
INFO:werkzeug:127.0.0.1 - - [22/Nov/2025 14:51:26] "GET /api/tournament/1260527?all_results=true HTTP/1.1" 200 -
INFO:werkzeug:127.0.0.1 - - [22/Nov/2025 14:51:26] "GET /api/tournament/1255540?all_results=true HTTP/1.1" 200 -
INFO:werkzeug:127.0.0.1 - - [22/Nov/2025 14:51:27] "GET /api/rankings?sort=best_4&dir=desc&page=1 HTTP/1.1" 200 -
INFO:werkzeug:127.0.0.1 - - [22/Nov/2025 14:51:28] "GET /api/player/10808655 HTTP/1.1" 200 -
INFO:werkzeug:127.0.0.1 - - [22/Nov/2025 14:51:28] "GET /api/player/10823875 HTTP/1.1" 200 -
INFO:werkzeug:127.0.0.1 - - [22/Nov/2025 14:51:28] "GET /api/player/10841741 HTTP/1.1" 200 -
INFO:werkzeug:127.0.0.1 - - [22/Nov/2025 14:51:28] "GET /api/player/10813420 HTTP/1.1" 200 -
INFO:werkzeug:127.0.0.1 - - [22/Nov/2025 14:51:28] "GET /api/player/10802185 HTTP/1.1" 200 -
INFO:werkzeug:127.0.0.1 - - [22/Nov/2025 14:51:28] "GET /api/player/10831940 HTTP/1.1" 200 -
INFO:werkzeug:127.0.0.1 - - [22/Nov/2025 14:51:28] "GET /api/player/10814078 HTTP/1.1" 200 -
INFO:werkzeug:127.0.0.1 - - [22/Nov/2025 14:51:28] "GET /api/player/10804714 HTTP/1.1" 200 -
INFO:werkzeug:127.0.0.1 - - [22/Nov/2025 14:51:28] "GET /api/player/10836012 HTTP/1.1" 200 -
INFO:werkzeug:127.0.0.1 - - [22/Nov/2025 14:51:28] "GET /api/player/10818677 HTTP/1.1" 200 -
INFO:werkzeug:127.0.0.1 - - [22/Nov/2025 14:51:28] "GET /api/player/10824014 HTTP/1.1" 200 -
INFO:werkzeug:127.0.0.1 - - [22/Nov/2025 14:51:28] "GET /api/player/10816127 HTTP/1.1" 200 -
INFO:werkzeug:127.0.0.1 - - [22/Nov/2025 14:51:28] "GET /api/player/10801952 HTTP/1.1" 200 -
INFO:werkzeug:127.0.0.1 - - [22/Nov/2025 14:51:28] "GET /api/player/10814582 HTTP/1.1" 200 -
INFO:werkzeug:127.0.0.1 - - [22/Nov/2025 14:51:28] "GET /api/player/10818383 HTTP/1.1" 200 -
INFO:werkzeug:127.0.0.1 - - [22/Nov/2025 14:51:28] "GET /api/player/10802886 HTTP/1.1" 200 -
INFO:werkzeug:127.0.0.1 - - [22/Nov/2025 14:51:28] "GET /api/player/10805796 HTTP/1.1" 200 -
INFO:werkzeug:127.0.0.1 - - [22/Nov/2025 14:51:28] "GET /api/player/10801693 HTTP/1.1" 200 -
INFO:werkzeug:127.0.0.1 - - [22/Nov/2025 14:51:28] "GET /api/player/10816593 HTTP/1.1" 200 -
INFO:werkzeug:127.0.0.1 - - [22/Nov/2025 14:51:28] "GET /api/player/10800999 HTTP/1.1" 200 -
INFO:werkzeug:127.0.0.1 - - [22/Nov/2025 14:51:28] "GET /api/player/10800166 HTTP/1.1" 200 -
INFO:werkzeug:127.0.0.1 - - [22/Nov/2025 14:51:28] "GET /api/player/10808868 HTTP/1.1" 200 -
INFO:werkzeug:127.0.0.1 - - [22/Nov/2025 14:51:28] "GET /api/player/10800123 HTTP/1.1" 200 -
INFO:werkzeug:127.0.0.1 - - [22/Nov/2025 14:51:28] "GET /api/player/10802088 HTTP/1.1" 200 -
INFO:werkzeug:127.0.0.1 - - [22/Nov/2025 14:51:28] "GET /api/player/10815406 HTTP/1.1" 200 -
INFO:werkzeug:127.0.0.1 - - [22/Nov/2025 14:54:18] "GET /api/tournaments HTTP/1.1" 200 -
INFO:werkzeug:127.0.0.1 - - [22/Nov/2025 14:54:18] "GET /api/tournament/1135144?all_results=true HTTP/1.1" 200 -
INFO:werkzeug:127.0.0.1 - - [22/Nov/2025 14:54:18] "GET /api/tournament/1213697?all_results=true HTTP/1.1" 200 -
INFO:werkzeug:127.0.0.1 - - [22/Nov/2025 14:54:18] "GET /api/tournament/1165146?all_results=true HTTP/1.1" 200 -
INFO:werkzeug:127.0.0.1 - - [22/Nov/2025 14:54:18] "GET /api/tournament/1283544?all_results=true HTTP/1.1" 200 -
INFO:werkzeug:127.0.0.1 - - [22/Nov/2025 14:54:18] "GET /api/tournament/1193135?all_results=true HTTP/1.1" 200 -
INFO:werkzeug:127.0.0.1 - - [22/Nov/2025 14:54:18] "GET /api/tournament/1220011?all_results=true HTTP/1.1" 200 -
INFO:werkzeug:127.0.0.1 - - [22/Nov/2025 14:54:18] "GET /api/tournament/1268826?all_results=true HTTP/1.1" 200 -
INFO:werkzeug:127.0.0.1 - - [22/Nov/2025 14:54:18] "GET /api/tournament/1130967?all_results=true HTTP/1.1" 200 -
INFO:werkzeug:127.0.0.1 - - [22/Nov/2025 14:54:18] "GET /api/tournament/1292319?all_results=true HTTP/1.1" 200 -
INFO:werkzeug:127.0.0.1 - - [22/Nov/2025 14:54:18] "GET /api/tournament/1173578?all_results=true HTTP/1.1" 200 -
INFO:werkzeug:127.0.0.1 - - [22/Nov/2025 14:54:18] "GET /api/tournament/1188044?all_results=true HTTP/1.1" 200 -
INFO:werkzeug:127.0.0.1 - - [22/Nov/2025 14:54:18] "GET /api/tournament/1095243?all_results=true HTTP/1.1" 200 -
INFO:werkzeug:127.0.0.1 - - [22/Nov/2025 14:54:18] "GET /api/tournament/1126042?all_results=true HTTP/1.1" 200 -
INFO:werkzeug:127.0.0.1 - - [22/Nov/2025 14:54:18] "GET /api/tournament/1260527?all_results=true HTTP/1.1" 200 -
INFO:werkzeug:127.0.0.1 - - [22/Nov/2025 14:54:18] "GET /api/tournament/1255540?all_results=true HTTP/1.1" 200 -
INFO:werkzeug:127.0.0.1 - - [22/Nov/2025 14:54:18] "GET /api/rankings?sort=best_4&dir=desc&page=1 HTTP/1.1" 200 -
INFO:werkzeug:127.0.0.1 - - [22/Nov/2025 14:54:19] "GET /api/player/10805796 HTTP/1.1" 200 -
INFO:werkzeug:127.0.0.1 - - [22/Nov/2025 14:54:19] "GET /api/player/10802886 HTTP/1.1" 200 -
INFO:werkzeug:127.0.0.1 - - [22/Nov/2025 14:54:19] "GET /api/player/10801952 HTTP/1.1" 200 -
INFO:werkzeug:127.0.0.1 - - [22/Nov/2025 14:54:19] "GET /api/player/10808655 HTTP/1.1" 200 -
INFO:werkzeug:127.0.0.1 - - [22/Nov/2025 14:54:19] "GET /api/player/10808868 HTTP/1.1" 200 -
INFO:werkzeug:127.0.0.1 - - [22/Nov/2025 14:54:19] "GET /api/player/10815406 HTTP/1.1" 200 -
INFO:werkzeug:127.0.0.1 - - [22/Nov/2025 14:54:19] "GET /api/player/10816127 HTTP/1.1" 200 -
INFO:werkzeug:127.0.0.1 - - [22/Nov/2025 14:54:19] "GET /api/player/10800123 HTTP/1.1" 200 -
INFO:werkzeug:127.0.0.1 - - [22/Nov/2025 14:54:19] "GET /api/player/10816593 HTTP/1.1" 200 -
INFO:werkzeug:127.0.0.1 - - [22/Nov/2025 14:54:19] "GET /api/player/10818677 HTTP/1.1" 200 -
INFO:werkzeug:127.0.0.1 - - [22/Nov/2025 14:54:19] "GET /api/player/10818383 HTTP/1.1" 200 -
INFO:werkzeug:127.0.0.1 - - [22/Nov/2025 14:54:19] "GET /api/player/10802185 HTTP/1.1" 200 -
INFO:werkzeug:127.0.0.1 - - [22/Nov/2025 14:54:19] "GET /api/player/10814078 HTTP/1.1" 200 -
INFO:werkzeug:127.0.0.1 - - [22/Nov/2025 14:54:19] "GET /api/player/10800999 HTTP/1.1" 200 -
INFO:werkzeug:127.0.0.1 - - [22/Nov/2025 14:54:19] "GET /api/player/10823875 HTTP/1.1" 200 -
INFO:werkzeug:127.0.0.1 - - [22/Nov/2025 14:54:19] "GET /api/player/10831940 HTTP/1.1" 200 -
INFO:werkzeug:127.0.0.1 - - [22/Nov/2025 14:54:19] "GET /api/player/10800166 HTTP/1.1" 200 -
INFO:werkzeug:127.0.0.1 - - [22/Nov/2025 14:54:19] "GET /api/player/10802088 HTTP/1.1" 200 -
INFO:werkzeug:127.0.0.1 - - [22/Nov/2025 14:54:19] "GET /api/player/10801693 HTTP/1.1" 200 -
INFO:werkzeug:127.0.0.1 - - [22/Nov/2025 14:54:19] "GET /api/player/10824014 HTTP/1.1" 200 -
INFO:werkzeug:127.0.0.1 - - [22/Nov/2025 14:54:19] "GET /api/player/10814582 HTTP/1.1" 200 -
INFO:werkzeug:127.0.0.1 - - [22/Nov/2025 14:54:19] "GET /api/player/10836012 HTTP/1.1" 200 -
INFO:werkzeug:127.0.0.1 - - [22/Nov/2025 14:54:19] "GET /api/player/10841741 HTTP/1.1" 200 -
INFO:werkzeug:127.0.0.1 - - [22/Nov/2025 14:54:19] "GET /api/player/10804714 HTTP/1.1" 200 -
INFO:werkzeug:127.0.0.1 - - [22/Nov/2025 14:54:19] "GET /api/player/10813420 HTTP/1.1" 200 -
INFO:werkzeug:127.0.0.1 - - [22/Nov/2025 15:26:14] "GET /api/tournaments HTTP/1.1" 200 -
INFO:werkzeug:127.0.0.1 - - [22/Nov/2025 15:26:14] "GET /api/tournament/1165146?all_results=true HTTP/1.1" 200 -
INFO:werkzeug:127.0.0.1 - - [22/Nov/2025 15:26:14] "GET /api/tournament/1135144?all_results=true HTTP/1.1" 200 -
INFO:werkzeug:127.0.0.1 - - [22/Nov/2025 15:26:14] "GET /api/tournament/1193135?all_results=true HTTP/1.1" 200 -
INFO:werkzeug:127.0.0.1 - - [22/Nov/2025 15:26:14] "GET /api/tournament/1213697?all_results=true HTTP/1.1" 200 -
INFO:werkzeug:127.0.0.1 - - [22/Nov/2025 15:26:14] "GET /api/tournament/1220011?all_results=true HTTP/1.1" 200 -
INFO:werkzeug:127.0.0.1 - - [22/Nov/2025 15:26:14] "GET /api/tournament/1260527?all_results=true HTTP/1.1" 200 -
INFO:werkzeug:127.0.0.1 - - [22/Nov/2025 15:26:14] "GET /api/tournament/1292319?all_results=true HTTP/1.1" 200 -
INFO:werkzeug:127.0.0.1 - - [22/Nov/2025 15:26:14] "GET /api/tournament/1188044?all_results=true HTTP/1.1" 200 -
INFO:werkzeug:127.0.0.1 - - [22/Nov/2025 15:26:14] "GET /api/tournament/1268826?all_results=true HTTP/1.1" 200 -
INFO:werkzeug:127.0.0.1 - - [22/Nov/2025 15:26:14] "GET /api/tournament/1173578?all_results=true HTTP/1.1" 200 -
INFO:werkzeug:127.0.0.1 - - [22/Nov/2025 15:26:14] "GET /api/tournament/1255540?all_results=true HTTP/1.1" 200 -
INFO:werkzeug:127.0.0.1 - - [22/Nov/2025 15:26:14] "GET /api/tournament/1283544?all_results=true HTTP/1.1" 200 -
INFO:werkzeug:127.0.0.1 - - [22/Nov/2025 15:26:14] "GET /api/tournament/1095243?all_results=true HTTP/1.1" 200 -
INFO:werkzeug:127.0.0.1 - - [22/Nov/2025 15:26:14] "GET /api/tournament/1130967?all_results=true HTTP/1.1" 200 -
INFO:werkzeug:127.0.0.1 - - [22/Nov/2025 15:26:14] "GET /api/tournament/1126042?all_results=true HTTP/1.1" 200 -
INFO:werkzeug:127.0.0.1 - - [22/Nov/2025 15:26:14] "GET /api/rankings?sort=best_4&dir=desc&page=1 HTTP/1.1" 200 -
ERROR:app:Exception on /api/player/10800123 [GET]
Traceback (most recent call last):
  File "/Users/gardenspider/Desktop/gp/.venv/lib/python3.13/site-packages/flask/app.py", line 1455, in wsgi_app
  File "/Users/gardenspider/Desktop/gp/.venv/lib/python3.13/site-packages/flask/app.py", line 869, in full_dispatch_request
  File "/Users/gardenspider/Desktop/gp/.venv/lib/python3.13/site-packages/flask_cors/extension.py", line 176, in wrapped_function
  File "/Users/gardenspider/Desktop/gp/.venv/lib/python3.13/site-packages/flask/app.py", line 867, in full_dispatch_request
  File "/Users/gardenspider/Desktop/gp/.venv/lib/python3.13/site-packages/flask/app.py", line 852, in dispatch_request
  File "/Users/gardenspider/Desktop/gp/app.py", line 363, in player
  File "/Users/gardenspider/Desktop/gp/db.py", line 424, in get_all_player_rankings
sqlite3.OperationalError: unable to open database file
ERROR:app:Exception on /api/player/10815406 [GET]
Traceback (most recent call last):
  File "/Users/gardenspider/Desktop/gp/.venv/lib/python3.13/site-packages/flask/app.py", line 1455, in wsgi_app
  File "/Users/gardenspider/Desktop/gp/.venv/lib/python3.13/site-packages/flask/app.py", line 869, in full_dispatch_request
  File "/Users/gardenspider/Desktop/gp/.venv/lib/python3.13/site-packages/flask_cors/extension.py", line 176, in wrapped_function
  File "/Users/gardenspider/Desktop/gp/.venv/lib/python3.13/site-packages/flask/app.py", line 867, in full_dispatch_request
  File "/Users/gardenspider/Desktop/gp/.venv/lib/python3.13/site-packages/flask/app.py", line 852, in dispatch_request
  File "/Users/gardenspider/Desktop/gp/app.py", line 363, in player
  File "/Users/gardenspider/Desktop/gp/db.py", line 424, in get_all_player_rankings
sqlite3.OperationalError: unable to open database file
ERROR:app:Exception on /api/player/10831940 [GET]
Traceback (most recent call last):
  File "/Users/gardenspider/Desktop/gp/.venv/lib/python3.13/site-packages/flask/app.py", line 1455, in wsgi_app
  File "/Users/gardenspider/Desktop/gp/.venv/lib/python3.13/site-packages/flask/app.py", line 869, in full_dispatch_request
  File "/Users/gardenspider/Desktop/gp/.venv/lib/python3.13/site-packages/flask_cors/extension.py", line 176, in wrapped_function
  File "/Users/gardenspider/Desktop/gp/.venv/lib/python3.13/site-packages/flask/app.py", line 867, in full_dispatch_request
  File "/Users/gardenspider/Desktop/gp/.venv/lib/python3.13/site-packages/flask/app.py", line 852, in dispatch_request
  File "/Users/gardenspider/Desktop/gp/app.py", line 363, in player
  File "/Users/gardenspider/Desktop/gp/db.py", line 424, in get_all_player_rankings
sqlite3.OperationalError: unable to open database file
ERROR:app:Exception on /api/player/10814078 [GET]
Traceback (most recent call last):
  File "/Users/gardenspider/Desktop/gp/.venv/lib/python3.13/site-packages/flask/app.py", line 1455, in wsgi_app
  File "/Users/gardenspider/Desktop/gp/.venv/lib/python3.13/site-packages/flask/app.py", line 869, in full_dispatch_request
  File "/Users/gardenspider/Desktop/gp/.venv/lib/python3.13/site-packages/flask_cors/extension.py", line 176, in wrapped_function
  File "/Users/gardenspider/Desktop/gp/.venv/lib/python3.13/site-packages/flask/app.py", line 867, in full_dispatch_request
  File "/Users/gardenspider/Desktop/gp/.venv/lib/python3.13/site-packages/flask/app.py", line 852, in dispatch_request
  File "/Users/gardenspider/Desktop/gp/app.py", line 363, in player
  File "/Users/gardenspider/Desktop/gp/db.py", line 424, in get_all_player_rankings
sqlite3.OperationalError: unable to open database file
ERROR:app:Exception on /api/player/10818383 [GET]
Traceback (most recent call last):
  File "/Users/gardenspider/Desktop/gp/.venv/lib/python3.13/site-packages/flask/app.py", line 1455, in wsgi_app
  File "/Users/gardenspider/Desktop/gp/.venv/lib/python3.13/site-packages/flask/app.py", line 869, in full_dispatch_request
  File "/Users/gardenspider/Desktop/gp/.venv/lib/python3.13/site-packages/flask_cors/extension.py", line 176, in wrapped_function
  File "/Users/gardenspider/Desktop/gp/.venv/lib/python3.13/site-packages/flask/app.py", line 867, in full_dispatch_request
  File "/Users/gardenspider/Desktop/gp/.venv/lib/python3.13/site-packages/flask/app.py", line 852, in dispatch_request
  File "/Users/gardenspider/Desktop/gp/app.py", line 363, in player
  File "/Users/gardenspider/Desktop/gp/db.py", line 424, in get_all_player_rankings
sqlite3.OperationalError: unable to open database file
INFO:werkzeug:127.0.0.1 - - [22/Nov/2025 15:26:14] "[35m[1mGET /api/player/10800123 HTTP/1.1[0m" 500 -
INFO:werkzeug:127.0.0.1 - - [22/Nov/2025 15:26:14] "[35m[1mGET /api/player/10815406 HTTP/1.1[0m" 500 -
INFO:werkzeug:127.0.0.1 - - [22/Nov/2025 15:26:14] "[35m[1mGET /api/player/10831940 HTTP/1.1[0m" 500 -
ERROR:app:Exception on /api/player/10805796 [GET]
Traceback (most recent call last):
  File "/Users/gardenspider/Desktop/gp/.venv/lib/python3.13/site-packages/flask/app.py", line 1455, in wsgi_app
  File "/Users/gardenspider/Desktop/gp/.venv/lib/python3.13/site-packages/flask/app.py", line 869, in full_dispatch_request
  File "/Users/gardenspider/Desktop/gp/.venv/lib/python3.13/site-packages/flask_cors/extension.py", line 176, in wrapped_function
  File "/Users/gardenspider/Desktop/gp/.venv/lib/python3.13/site-packages/flask/app.py", line 867, in full_dispatch_request
  File "/Users/gardenspider/Desktop/gp/.venv/lib/python3.13/site-packages/flask/app.py", line 852, in dispatch_request
  File "/Users/gardenspider/Desktop/gp/app.py", line 363, in player
  File "/Users/gardenspider/Desktop/gp/db.py", line 424, in get_all_player_rankings
sqlite3.OperationalError: unable to open database file
ERROR:app:Exception on /api/player/10802088 [GET]
Traceback (most recent call last):
  File "/Users/gardenspider/Desktop/gp/.venv/lib/python3.13/site-packages/flask/app.py", line 1455, in wsgi_app
  File "/Users/gardenspider/Desktop/gp/.venv/lib/python3.13/site-packages/flask/app.py", line 869, in full_dispatch_request
  File "/Users/gardenspider/Desktop/gp/.venv/lib/python3.13/site-packages/flask_cors/extension.py", line 176, in wrapped_function
  File "/Users/gardenspider/Desktop/gp/.venv/lib/python3.13/site-packages/flask/app.py", line 867, in full_dispatch_request
  File "/Users/gardenspider/Desktop/gp/.venv/lib/python3.13/site-packages/flask/app.py", line 852, in dispatch_request
  File "/Users/gardenspider/Desktop/gp/app.py", line 363, in player
  File "/Users/gardenspider/Desktop/gp/db.py", line 424, in get_all_player_rankings
sqlite3.OperationalError: unable to open database file
----------------------------------------
Exception occurred during processing of request from ('127.0.0.1', 59685)
----------------------------------------
Exception occurred during processing of request from ('127.0.0.1', 59684)
ERROR:app:Exception on /api/player/10836012 [GET]
Traceback (most recent call last):
  File "/Users/gardenspider/Desktop/gp/.venv/lib/python3.13/site-packages/flask/app.py", line 1455, in wsgi_app
  File "/Users/gardenspider/Desktop/gp/.venv/lib/python3.13/site-packages/flask/app.py", line 869, in full_dispatch_request
  File "/Users/gardenspider/Desktop/gp/.venv/lib/python3.13/site-packages/flask_cors/extension.py", line 176, in wrapped_function
  File "/Users/gardenspider/Desktop/gp/.venv/lib/python3.13/site-packages/flask/app.py", line 867, in full_dispatch_request
  File "/Users/gardenspider/Desktop/gp/.venv/lib/python3.13/site-packages/flask/app.py", line 852, in dispatch_request
  File "/Users/gardenspider/Desktop/gp/app.py", line 363, in player
  File "/Users/gardenspider/Desktop/gp/db.py", line 424, in get_all_player_rankings
sqlite3.OperationalError: unable to open database file
----------------------------------------
Exception occurred during processing of request from ('127.0.0.1', 59692)
ERROR:app:Exception on /api/player/10800166 [GET]
Traceback (most recent call last):
  File "/Users/gardenspider/Desktop/gp/.venv/lib/python3.13/site-packages/flask/app.py", line 1455, in wsgi_app
  File "/Users/gardenspider/Desktop/gp/.venv/lib/python3.13/site-packages/flask/app.py", line 869, in full_dispatch_request
  File "/Users/gardenspider/Desktop/gp/.venv/lib/python3.13/site-packages/flask_cors/extension.py", line 176, in wrapped_function
  File "/Users/gardenspider/Desktop/gp/.venv/lib/python3.13/site-packages/flask/app.py", line 867, in full_dispatch_request
  File "/Users/gardenspider/Desktop/gp/.venv/lib/python3.13/site-packages/flask/app.py", line 852, in dispatch_request
  File "/Users/gardenspider/Desktop/gp/app.py", line 363, in player
  File "/Users/gardenspider/Desktop/gp/db.py", line 424, in get_all_player_rankings
sqlite3.OperationalError: unable to open database file
ERROR:app:Exception on /api/player/10804714 [GET]
Traceback (most recent call last):
  File "/Users/gardenspider/Desktop/gp/.venv/lib/python3.13/site-packages/flask/app.py", line 1455, in wsgi_app
  File "/Users/gardenspider/Desktop/gp/.venv/lib/python3.13/site-packages/flask/app.py", line 869, in full_dispatch_request
  File "/Users/gardenspider/Desktop/gp/.venv/lib/python3.13/site-packages/flask_cors/extension.py", line 176, in wrapped_function
  File "/Users/gardenspider/Desktop/gp/.venv/lib/python3.13/site-packages/flask/app.py", line 867, in full_dispatch_request
  File "/Users/gardenspider/Desktop/gp/.venv/lib/python3.13/site-packages/flask/app.py", line 852, in dispatch_request
  File "/Users/gardenspider/Desktop/gp/app.py", line 363, in player
  File "/Users/gardenspider/Desktop/gp/db.py", line 424, in get_all_player_rankings
sqlite3.OperationalError: unable to open database file
Traceback (most recent call last):
  File "/Users/gardenspider/Desktop/gp/.venv/lib/python3.13/site-packages/werkzeug/serving.py", line 362, in run_wsgi
  File "/Users/gardenspider/Desktop/gp/.venv/lib/python3.13/site-packages/werkzeug/serving.py", line 338, in execute
  File "/opt/homebrew/Cellar/python@3.13/3.13.3_1/Frameworks/Python.framework/Versions/3.13/lib/python3.13/selectors.py", line 493, in __init__
Traceback (most recent call last):
Traceback (most recent call last):
INFO:werkzeug:127.0.0.1 - - [22/Nov/2025 15:26:14] "[35m[1mGET /api/player/10814078 HTTP/1.1[0m" 500 -
OSError: [Errno 24] Too many open files
  File "/Users/gardenspider/Desktop/gp/.venv/lib/python3.13/site-packages/werkzeug/serving.py", line 362, in run_wsgi
  File "/Users/gardenspider/Desktop/gp/.venv/lib/python3.13/site-packages/werkzeug/serving.py", line 338, in execute
  File "/opt/homebrew/Cellar/python@3.13/3.13.3_1/Frameworks/Python.framework/Versions/3.13/lib/python3.13/selectors.py", line 493, in __init__
  File "/Users/gardenspider/Desktop/gp/.venv/lib/python3.13/site-packages/werkzeug/serving.py", line 362, in run_wsgi
  File "/Users/gardenspider/Desktop/gp/.venv/lib/python3.13/site-packages/werkzeug/serving.py", line 338, in execute
  File "/opt/homebrew/Cellar/python@3.13/3.13.3_1/Frameworks/Python.framework/Versions/3.13/lib/python3.13/selectors.py", line 493, in __init__

During handling of the above exception, another exception occurred:

Traceback (most recent call last):
----------------------------------------
Exception occurred during processing of request from ('127.0.0.1', 59697)
OSError: [Errno 24] Too many open files
OSError: [Errno 24] Too many open files
ERROR:app:Exception on /api/player/10841741 [GET]
Traceback (most recent call last):
  File "/Users/gardenspider/Desktop/gp/.venv/lib/python3.13/site-packages/flask/app.py", line 1455, in wsgi_app
  File "/Users/gardenspider/Desktop/gp/.venv/lib/python3.13/site-packages/flask/app.py", line 869, in full_dispatch_request
  File "/Users/gardenspider/Desktop/gp/.venv/lib/python3.13/site-packages/flask_cors/extension.py", line 176, in wrapped_function
  File "/Users/gardenspider/Desktop/gp/.venv/lib/python3.13/site-packages/flask/app.py", line 867, in full_dispatch_request
  File "/Users/gardenspider/Desktop/gp/.venv/lib/python3.13/site-packages/flask/app.py", line 852, in dispatch_request
  File "/Users/gardenspider/Desktop/gp/app.py", line 363, in player
  File "/Users/gardenspider/Desktop/gp/db.py", line 424, in get_all_player_rankings
sqlite3.OperationalError: unable to open database file

During handling of the above exception, another exception occurred:

  File "/opt/homebrew/Cellar/python@3.13/3.13.3_1/Frameworks/Python.framework/Versions/3.13/lib/python3.13/socketserver.py", line 697, in process_request_thread
Traceback (most recent call last):

During handling of the above exception, another exception occurred:

Traceback (most recent call last):
  File "/Users/gardenspider/Desktop/gp/.venv/lib/python3.13/site-packages/werkzeug/serving.py", line 362, in run_wsgi
  File "/Users/gardenspider/Desktop/gp/.venv/lib/python3.13/site-packages/werkzeug/serving.py", line 338, in execute
  File "/opt/homebrew/Cellar/python@3.13/3.13.3_1/Frameworks/Python.framework/Versions/3.13/lib/python3.13/selectors.py", line 493, in __init__
Traceback (most recent call last):
OSError: [Errno 24] Too many open files

During handling of the above exception, another exception occurred:

ERROR:app:Exception on /api/player/10802185 [GET]
Traceback (most recent call last):
  File "/Users/gardenspider/Desktop/gp/.venv/lib/python3.13/site-packages/flask/app.py", line 1455, in wsgi_app
  File "/Users/gardenspider/Desktop/gp/.venv/lib/python3.13/site-packages/flask/app.py", line 869, in full_dispatch_request
  File "/Users/gardenspider/Desktop/gp/.venv/lib/python3.13/site-packages/flask_cors/extension.py", line 176, in wrapped_function
  File "/Users/gardenspider/Desktop/gp/.venv/lib/python3.13/site-packages/flask/app.py", line 867, in full_dispatch_request
  File "/Users/gardenspider/Desktop/gp/.venv/lib/python3.13/site-packages/flask/app.py", line 852, in dispatch_request
  File "/Users/gardenspider/Desktop/gp/app.py", line 363, in player
  File "/Users/gardenspider/Desktop/gp/db.py", line 424, in get_all_player_rankings
sqlite3.OperationalError: unable to open database file
Traceback (most recent call last):
  File "/opt/homebrew/Cellar/python@3.13/3.13.3_1/Frameworks/Python.framework/Versions/3.13/lib/python3.13/socketserver.py", line 697, in process_request_thread
  File "/opt/homebrew/Cellar/python@3.13/3.13.3_1/Frameworks/Python.framework/Versions/3.13/lib/python3.13/socketserver.py", line 362, in finish_request
  File "/opt/homebrew/Cellar/python@3.13/3.13.3_1/Frameworks/Python.framework/Versions/3.13/lib/python3.13/socketserver.py", line 766, in __init__
  File "/Users/gardenspider/Desktop/gp/.venv/lib/python3.13/site-packages/werkzeug/serving.py", line 390, in handle
  File "/opt/homebrew/Cellar/python@3.13/3.13.3_1/Frameworks/Python.framework/Versions/3.13/lib/python3.13/http/server.py", line 436, in handle
  File "/opt/homebrew/Cellar/python@3.13/3.13.3_1/Frameworks/Python.framework/Versions/3.13/lib/python3.13/http/server.py", line 424, in handle_one_request
  File "/Users/gardenspider/Desktop/gp/.venv/lib/python3.13/site-packages/werkzeug/serving.py", line 382, in run_wsgi
  File "<frozen importlib._bootstrap>", line 1360, in _find_and_load
  File "<frozen importlib._bootstrap>", line 1331, in _find_and_load_unlocked
  File "/opt/homebrew/Cellar/python@3.13/3.13.3_1/Frameworks/Python.framework/Versions/3.13/lib/python3.13/socketserver.py", line 697, in process_request_thread
  File "/opt/homebrew/Cellar/python@3.13/3.13.3_1/Frameworks/Python.framework/Versions/3.13/lib/python3.13/socketserver.py", line 697, in process_request_thread
  File "/opt/homebrew/Cellar/python@3.13/3.13.3_1/Frameworks/Python.framework/Versions/3.13/lib/python3.13/socketserver.py", line 362, in finish_request
  File "/opt/homebrew/Cellar/python@3.13/3.13.3_1/Frameworks/Python.framework/Versions/3.13/lib/python3.13/socketserver.py", line 362, in finish_request
  File "/opt/homebrew/Cellar/python@3.13/3.13.3_1/Frameworks/Python.framework/Versions/3.13/lib/python3.13/socketserver.py", line 766, in __init__
  File "/Users/gardenspider/Desktop/gp/.venv/lib/python3.13/site-packages/werkzeug/serving.py", line 390, in handle
  File "/opt/homebrew/Cellar/python@3.13/3.13.3_1/Frameworks/Python.framework/Versions/3.13/lib/python3.13/http/server.py", line 436, in handle
  File "/opt/homebrew/Cellar/python@3.13/3.13.3_1/Frameworks/Python.framework/Versions/3.13/lib/python3.13/http/server.py", line 424, in handle_one_request
  File "/Users/gardenspider/Desktop/gp/.venv/lib/python3.13/site-packages/werkzeug/serving.py", line 382, in run_wsgi
  File "<frozen importlib._bootstrap>", line 1360, in _find_and_load
  File "<frozen importlib._bootstrap>", line 1331, in _find_and_load_unlocked
  File "<frozen importlib._bootstrap>", line 935, in _load_unlocked
  File "<frozen importlib._bootstrap_external>", line 1022, in exec_module
  File "<frozen importlib._bootstrap_external>", line 1159, in get_code
  File "<frozen importlib._bootstrap_external>", line 1217, in get_data
  File "<frozen importlib._bootstrap>", line 935, in _load_unlocked
  File "<frozen importlib._bootstrap_external>", line 1022, in exec_module
ERROR:app:Exception on /api/player/10824014 [GET]
Traceback (most recent call last):
  File "/Users/gardenspider/Desktop/gp/.venv/lib/python3.13/site-packages/flask/app.py", line 1455, in wsgi_app
  File "/Users/gardenspider/Desktop/gp/.venv/lib/python3.13/site-packages/flask/app.py", line 869, in full_dispatch_request
  File "/Users/gardenspider/Desktop/gp/.venv/lib/python3.13/site-packages/flask_cors/extension.py", line 176, in wrapped_function
  File "/Users/gardenspider/Desktop/gp/.venv/lib/python3.13/site-packages/flask/app.py", line 867, in full_dispatch_request
  File "/Users/gardenspider/Desktop/gp/.venv/lib/python3.13/site-packages/flask/app.py", line 852, in dispatch_request
  File "/Users/gardenspider/Desktop/gp/app.py", line 363, in player
  File "/Users/gardenspider/Desktop/gp/db.py", line 424, in get_all_player_rankings
sqlite3.OperationalError: unable to open database file
  File "/opt/homebrew/Cellar/python@3.13/3.13.3_1/Frameworks/Python.framework/Versions/3.13/lib/python3.13/socketserver.py", line 766, in __init__
  File "/Users/gardenspider/Desktop/gp/.venv/lib/python3.13/site-packages/werkzeug/serving.py", line 390, in handle
  File "/opt/homebrew/Cellar/python@3.13/3.13.3_1/Frameworks/Python.framework/Versions/3.13/lib/python3.13/http/server.py", line 436, in handle
  File "/opt/homebrew/Cellar/python@3.13/3.13.3_1/Frameworks/Python.framework/Versions/3.13/lib/python3.13/http/server.py", line 424, in handle_one_request
  File "/Users/gardenspider/Desktop/gp/.venv/lib/python3.13/site-packages/werkzeug/serving.py", line 382, in run_wsgi
  File "<frozen importlib._bootstrap>", line 1360, in _find_and_load
  File "<frozen importlib._bootstrap>", line 1331, in _find_and_load_unlocked
  File "<frozen importlib._bootstrap>", line 935, in _load_unlocked
  File "<frozen importlib._bootstrap_external>", line 1022, in exec_module
  File "<frozen importlib._bootstrap_external>", line 1159, in get_code
  File "<frozen importlib._bootstrap_external>", line 1217, in get_data
  File "<frozen importlib._bootstrap_external>", line 1159, in get_code
  File "<frozen importlib._bootstrap_external>", line 1217, in get_data
OSError: [Errno 24] Too many open files: '/Users/gardenspider/Desktop/gp/.venv/lib/python3.13/site-packages/werkzeug/debug/__init__.py'
OSError: [Errno 24] Too many open files: '/Users/gardenspider/Desktop/gp/.venv/lib/python3.13/site-packages/werkzeug/debug/__init__.py'
  File "/opt/homebrew/Cellar/python@3.13/3.13.3_1/Frameworks/Python.framework/Versions/3.13/lib/python3.13/socketserver.py", line 362, in finish_request
----------------------------------------
  File "/opt/homebrew/Cellar/python@3.13/3.13.3_1/Frameworks/Python.framework/Versions/3.13/lib/python3.13/socketserver.py", line 766, in __init__
  File "/Users/gardenspider/Desktop/gp/.venv/lib/python3.13/site-packages/werkzeug/serving.py", line 390, in handle
  File "/opt/homebrew/Cellar/python@3.13/3.13.3_1/Frameworks/Python.framework/Versions/3.13/lib/python3.13/http/server.py", line 436, in handle
  File "/opt/homebrew/Cellar/python@3.13/3.13.3_1/Frameworks/Python.framework/Versions/3.13/lib/python3.13/http/server.py", line 424, in handle_one_request
ERROR:app:Exception on /api/player/10808868 [GET]
Traceback (most recent call last):
  File "/Users/gardenspider/Desktop/gp/.venv/lib/python3.13/site-packages/flask/app.py", line 1455, in wsgi_app
  File "/Users/gardenspider/Desktop/gp/.venv/lib/python3.13/site-packages/flask/app.py", line 869, in full_dispatch_request
  File "/Users/gardenspider/Desktop/gp/.venv/lib/python3.13/site-packages/flask_cors/extension.py", line 176, in wrapped_function
  File "/Users/gardenspider/Desktop/gp/.venv/lib/python3.13/site-packages/flask/app.py", line 867, in full_dispatch_request
  File "/Users/gardenspider/Desktop/gp/.venv/lib/python3.13/site-packages/flask/app.py", line 852, in dispatch_request
  File "/Users/gardenspider/Desktop/gp/app.py", line 363, in player
  File "/Users/gardenspider/Desktop/gp/db.py", line 424, in get_all_player_rankings
sqlite3.OperationalError: unable to open database file
  File "/Users/gardenspider/Desktop/gp/.venv/lib/python3.13/site-packages/werkzeug/serving.py", line 382, in run_wsgi
  File "<frozen importlib._bootstrap>", line 1360, in _find_and_load
OSError: [Errno 24] Too many open files: '/Users/gardenspider/Desktop/gp/.venv/lib/python3.13/site-packages/werkzeug/debug/__init__.py'
  File "<frozen importlib._bootstrap>", line 1331, in _find_and_load_unlocked
----------------------------------------
----------------------------------------
  File "<frozen importlib._bootstrap>", line 935, in _load_unlocked
  File "<frozen importlib._bootstrap_external>", line 1022, in exec_module
  File "<frozen importlib._bootstrap_external>", line 1159, in get_code
  File "<frozen importlib._bootstrap_external>", line 1217, in get_data
OSError: [Errno 24] Too many open files: '/Users/gardenspider/Desktop/gp/.venv/lib/python3.13/site-packages/werkzeug/debug/__init__.py'
----------------------------------------
ERROR:app:Exception on /api/player/10816593 [GET]
Traceback (most recent call last):
  File "/Users/gardenspider/Desktop/gp/.venv/lib/python3.13/site-packages/flask/app.py", line 1455, in wsgi_app
    response = self.full_dispatch_request()
  File "/Users/gardenspider/Desktop/gp/.venv/lib/python3.13/site-packages/flask/app.py", line 869, in full_dispatch_request
    rv = self.handle_user_exception(e)
  File "/Users/gardenspider/Desktop/gp/.venv/lib/python3.13/site-packages/flask_cors/extension.py", line 176, in wrapped_function
    return cors_after_request(app.make_response(f(*args, **kwargs)))
                                                ~^^^^^^^^^^^^^^^^^
  File "/Users/gardenspider/Desktop/gp/.venv/lib/python3.13/site-packages/flask/app.py", line 867, in full_dispatch_request
    rv = self.dispatch_request()
  File "/Users/gardenspider/Desktop/gp/.venv/lib/python3.13/site-packages/flask/app.py", line 852, in dispatch_request
    return self.ensure_sync(self.view_functions[rule.endpoint])(**view_args)
           ~~~~~~~~~~~~~~~~~~~~~~~~~~~~~~~~~~~~~~~~~~~~~~~~~~~~^^^^^^^^^^^^^
  File "/Users/gardenspider/Desktop/gp/app.py", line 363, in player
    player_rankings = db.get_all_player_rankings()
  File "/Users/gardenspider/Desktop/gp/db.py", line 424, in get_all_player_rankings
    with sqlite3.connect(self.db_file) as conn:
         ~~~~~~~~~~~~~~~^^^^^^^^^^^^^^
sqlite3.OperationalError: unable to open database file
ERROR:app:Exception on /api/player/10818677 [GET]
Traceback (most recent call last):
  File "/Users/gardenspider/Desktop/gp/.venv/lib/python3.13/site-packages/flask/app.py", line 1455, in wsgi_app
    response = self.full_dispatch_request()
  File "/Users/gardenspider/Desktop/gp/.venv/lib/python3.13/site-packages/flask/app.py", line 869, in full_dispatch_request
    rv = self.handle_user_exception(e)
  File "/Users/gardenspider/Desktop/gp/.venv/lib/python3.13/site-packages/flask_cors/extension.py", line 176, in wrapped_function
    return cors_after_request(app.make_response(f(*args, **kwargs)))
                                                ~^^^^^^^^^^^^^^^^^
  File "/Users/gardenspider/Desktop/gp/.venv/lib/python3.13/site-packages/flask/app.py", line 867, in full_dispatch_request
    rv = self.dispatch_request()
  File "/Users/gardenspider/Desktop/gp/.venv/lib/python3.13/site-packages/flask/app.py", line 852, in dispatch_request
    return self.ensure_sync(self.view_functions[rule.endpoint])(**view_args)
           ~~~~~~~~~~~~~~~~~~~~~~~~~~~~~~~~~~~~~~~~~~~~~~~~~~~~^^^^^^^^^^^^^
  File "/Users/gardenspider/Desktop/gp/app.py", line 363, in player
    player_rankings = db.get_all_player_rankings()
  File "/Users/gardenspider/Desktop/gp/db.py", line 424, in get_all_player_rankings
    with sqlite3.connect(self.db_file) as conn:
         ~~~~~~~~~~~~~~~^^^^^^^^^^^^^^
sqlite3.OperationalError: unable to open database file
ERROR:app:Exception on /api/player/10802886 [GET]
Traceback (most recent call last):
  File "/Users/gardenspider/Desktop/gp/.venv/lib/python3.13/site-packages/flask/app.py", line 1455, in wsgi_app
    response = self.full_dispatch_request()
  File "/Users/gardenspider/Desktop/gp/.venv/lib/python3.13/site-packages/flask/app.py", line 869, in full_dispatch_request
    rv = self.handle_user_exception(e)
  File "/Users/gardenspider/Desktop/gp/.venv/lib/python3.13/site-packages/flask_cors/extension.py", line 176, in wrapped_function
    return cors_after_request(app.make_response(f(*args, **kwargs)))
                                                ~^^^^^^^^^^^^^^^^^
  File "/Users/gardenspider/Desktop/gp/.venv/lib/python3.13/site-packages/flask/app.py", line 867, in full_dispatch_request
    rv = self.dispatch_request()
  File "/Users/gardenspider/Desktop/gp/.venv/lib/python3.13/site-packages/flask/app.py", line 852, in dispatch_request
    return self.ensure_sync(self.view_functions[rule.endpoint])(**view_args)
           ~~~~~~~~~~~~~~~~~~~~~~~~~~~~~~~~~~~~~~~~~~~~~~~~~~~~^^^^^^^^^^^^^
  File "/Users/gardenspider/Desktop/gp/app.py", line 363, in player
    player_rankings = db.get_all_player_rankings()
  File "/Users/gardenspider/Desktop/gp/db.py", line 424, in get_all_player_rankings
    with sqlite3.connect(self.db_file) as conn:
         ~~~~~~~~~~~~~~~^^^^^^^^^^^^^^
sqlite3.OperationalError: unable to open database file
INFO:werkzeug:127.0.0.1 - - [22/Nov/2025 15:26:14] "[35m[1mGET /api/player/10818383 HTTP/1.1[0m" 500 -
ERROR:app:Exception on /api/player/10808655 [GET]
Traceback (most recent call last):
  File "/Users/gardenspider/Desktop/gp/.venv/lib/python3.13/site-packages/flask/app.py", line 1455, in wsgi_app
    response = self.full_dispatch_request()
  File "/Users/gardenspider/Desktop/gp/.venv/lib/python3.13/site-packages/flask/app.py", line 869, in full_dispatch_request
    rv = self.handle_user_exception(e)
  File "/Users/gardenspider/Desktop/gp/.venv/lib/python3.13/site-packages/flask_cors/extension.py", line 176, in wrapped_function
    return cors_after_request(app.make_response(f(*args, **kwargs)))
                                                ~^^^^^^^^^^^^^^^^^
  File "/Users/gardenspider/Desktop/gp/.venv/lib/python3.13/site-packages/flask/app.py", line 867, in full_dispatch_request
    rv = self.dispatch_request()
  File "/Users/gardenspider/Desktop/gp/.venv/lib/python3.13/site-packages/flask/app.py", line 852, in dispatch_request
    return self.ensure_sync(self.view_functions[rule.endpoint])(**view_args)
           ~~~~~~~~~~~~~~~~~~~~~~~~~~~~~~~~~~~~~~~~~~~~~~~~~~~~^^^^^^^^^^^^^
  File "/Users/gardenspider/Desktop/gp/app.py", line 363, in player
    player_rankings = db.get_all_player_rankings()
  File "/Users/gardenspider/Desktop/gp/db.py", line 424, in get_all_player_rankings
    with sqlite3.connect(self.db_file) as conn:
         ~~~~~~~~~~~~~~~^^^^^^^^^^^^^^
sqlite3.OperationalError: unable to open database file
ERROR:app:Exception on /api/player/10816127 [GET]
Traceback (most recent call last):
  File "/Users/gardenspider/Desktop/gp/.venv/lib/python3.13/site-packages/flask/app.py", line 1455, in wsgi_app
    response = self.full_dispatch_request()
  File "/Users/gardenspider/Desktop/gp/.venv/lib/python3.13/site-packages/flask/app.py", line 869, in full_dispatch_request
    rv = self.handle_user_exception(e)
  File "/Users/gardenspider/Desktop/gp/.venv/lib/python3.13/site-packages/flask_cors/extension.py", line 176, in wrapped_function
    return cors_after_request(app.make_response(f(*args, **kwargs)))
                                                ~^^^^^^^^^^^^^^^^^
  File "/Users/gardenspider/Desktop/gp/.venv/lib/python3.13/site-packages/flask/app.py", line 867, in full_dispatch_request
    rv = self.dispatch_request()
  File "/Users/gardenspider/Desktop/gp/.venv/lib/python3.13/site-packages/flask/app.py", line 852, in dispatch_request
    return self.ensure_sync(self.view_functions[rule.endpoint])(**view_args)
           ~~~~~~~~~~~~~~~~~~~~~~~~~~~~~~~~~~~~~~~~~~~~~~~~~~~~^^^^^^^^^^^^^
  File "/Users/gardenspider/Desktop/gp/app.py", line 363, in player
    player_rankings = db.get_all_player_rankings()
  File "/Users/gardenspider/Desktop/gp/db.py", line 424, in get_all_player_rankings
    with sqlite3.connect(self.db_file) as conn:
         ~~~~~~~~~~~~~~~^^^^^^^^^^^^^^
sqlite3.OperationalError: unable to open database file
ERROR:app:Exception on /api/player/10814582 [GET]
Traceback (most recent call last):
  File "/Users/gardenspider/Desktop/gp/.venv/lib/python3.13/site-packages/flask/app.py", line 1455, in wsgi_app
    response = self.full_dispatch_request()
  File "/Users/gardenspider/Desktop/gp/.venv/lib/python3.13/site-packages/flask/app.py", line 869, in full_dispatch_request
    rv = self.handle_user_exception(e)
  File "/Users/gardenspider/Desktop/gp/.venv/lib/python3.13/site-packages/flask_cors/extension.py", line 176, in wrapped_function
    return cors_after_request(app.make_response(f(*args, **kwargs)))
                                                ~^^^^^^^^^^^^^^^^^
  File "/Users/gardenspider/Desktop/gp/.venv/lib/python3.13/site-packages/flask/app.py", line 867, in full_dispatch_request
    rv = self.dispatch_request()
  File "/Users/gardenspider/Desktop/gp/.venv/lib/python3.13/site-packages/flask/app.py", line 852, in dispatch_request
    return self.ensure_sync(self.view_functions[rule.endpoint])(**view_args)
           ~~~~~~~~~~~~~~~~~~~~~~~~~~~~~~~~~~~~~~~~~~~~~~~~~~~~^^^^^^^^^^^^^
  File "/Users/gardenspider/Desktop/gp/app.py", line 363, in player
    player_rankings = db.get_all_player_rankings()
  File "/Users/gardenspider/Desktop/gp/db.py", line 424, in get_all_player_rankings
    with sqlite3.connect(self.db_file) as conn:
         ~~~~~~~~~~~~~~~^^^^^^^^^^^^^^
sqlite3.OperationalError: unable to open database file
ERROR:app:Exception on /api/player/10823875 [GET]
Traceback (most recent call last):
  File "/Users/gardenspider/Desktop/gp/.venv/lib/python3.13/site-packages/flask/app.py", line 1455, in wsgi_app
    response = self.full_dispatch_request()
  File "/Users/gardenspider/Desktop/gp/.venv/lib/python3.13/site-packages/flask/app.py", line 869, in full_dispatch_request
    rv = self.handle_user_exception(e)
  File "/Users/gardenspider/Desktop/gp/.venv/lib/python3.13/site-packages/flask_cors/extension.py", line 176, in wrapped_function
    return cors_after_request(app.make_response(f(*args, **kwargs)))
                                                ~^^^^^^^^^^^^^^^^^
  File "/Users/gardenspider/Desktop/gp/.venv/lib/python3.13/site-packages/flask/app.py", line 867, in full_dispatch_request
    rv = self.dispatch_request()
  File "/Users/gardenspider/Desktop/gp/.venv/lib/python3.13/site-packages/flask/app.py", line 852, in dispatch_request
    return self.ensure_sync(self.view_functions[rule.endpoint])(**view_args)
           ~~~~~~~~~~~~~~~~~~~~~~~~~~~~~~~~~~~~~~~~~~~~~~~~~~~~^^^^^^^^^^^^^
  File "/Users/gardenspider/Desktop/gp/app.py", line 363, in player
    player_rankings = db.get_all_player_rankings()
  File "/Users/gardenspider/Desktop/gp/db.py", line 424, in get_all_player_rankings
    with sqlite3.connect(self.db_file) as conn:
         ~~~~~~~~~~~~~~~^^^^^^^^^^^^^^
sqlite3.OperationalError: unable to open database file
ERROR:app:Exception on /api/player/10801952 [GET]
Traceback (most recent call last):
  File "/Users/gardenspider/Desktop/gp/.venv/lib/python3.13/site-packages/flask/app.py", line 1455, in wsgi_app
    response = self.full_dispatch_request()
  File "/Users/gardenspider/Desktop/gp/.venv/lib/python3.13/site-packages/flask/app.py", line 869, in full_dispatch_request
    rv = self.handle_user_exception(e)
  File "/Users/gardenspider/Desktop/gp/.venv/lib/python3.13/site-packages/flask_cors/extension.py", line 176, in wrapped_function
    return cors_after_request(app.make_response(f(*args, **kwargs)))
                                                ~^^^^^^^^^^^^^^^^^
  File "/Users/gardenspider/Desktop/gp/.venv/lib/python3.13/site-packages/flask/app.py", line 867, in full_dispatch_request
    rv = self.dispatch_request()
  File "/Users/gardenspider/Desktop/gp/.venv/lib/python3.13/site-packages/flask/app.py", line 852, in dispatch_request
    return self.ensure_sync(self.view_functions[rule.endpoint])(**view_args)
           ~~~~~~~~~~~~~~~~~~~~~~~~~~~~~~~~~~~~~~~~~~~~~~~~~~~~^^^^^^^^^^^^^
  File "/Users/gardenspider/Desktop/gp/app.py", line 363, in player
    player_rankings = db.get_all_player_rankings()
  File "/Users/gardenspider/Desktop/gp/db.py", line 424, in get_all_player_rankings
    with sqlite3.connect(self.db_file) as conn:
         ~~~~~~~~~~~~~~~^^^^^^^^^^^^^^
sqlite3.OperationalError: unable to open database file
ERROR:app:Exception on /api/player/10813420 [GET]
Traceback (most recent call last):
  File "/Users/gardenspider/Desktop/gp/.venv/lib/python3.13/site-packages/flask/app.py", line 1455, in wsgi_app
    response = self.full_dispatch_request()
  File "/Users/gardenspider/Desktop/gp/.venv/lib/python3.13/site-packages/flask/app.py", line 869, in full_dispatch_request
    rv = self.handle_user_exception(e)
  File "/Users/gardenspider/Desktop/gp/.venv/lib/python3.13/site-packages/flask_cors/extension.py", line 176, in wrapped_function
    return cors_after_request(app.make_response(f(*args, **kwargs)))
                                                ~^^^^^^^^^^^^^^^^^
  File "/Users/gardenspider/Desktop/gp/.venv/lib/python3.13/site-packages/flask/app.py", line 867, in full_dispatch_request
    rv = self.dispatch_request()
  File "/Users/gardenspider/Desktop/gp/.venv/lib/python3.13/site-packages/flask/app.py", line 852, in dispatch_request
    return self.ensure_sync(self.view_functions[rule.endpoint])(**view_args)
           ~~~~~~~~~~~~~~~~~~~~~~~~~~~~~~~~~~~~~~~~~~~~~~~~~~~~^^^^^^^^^^^^^
  File "/Users/gardenspider/Desktop/gp/app.py", line 363, in player
    player_rankings = db.get_all_player_rankings()
  File "/Users/gardenspider/Desktop/gp/db.py", line 424, in get_all_player_rankings
    with sqlite3.connect(self.db_file) as conn:
         ~~~~~~~~~~~~~~~^^^^^^^^^^^^^^
sqlite3.OperationalError: unable to open database file
ERROR:app:Exception on /api/player/10800999 [GET]
Traceback (most recent call last):
  File "/Users/gardenspider/Desktop/gp/.venv/lib/python3.13/site-packages/flask/app.py", line 1455, in wsgi_app
    response = self.full_dispatch_request()
  File "/Users/gardenspider/Desktop/gp/.venv/lib/python3.13/site-packages/flask/app.py", line 869, in full_dispatch_request
    rv = self.handle_user_exception(e)
  File "/Users/gardenspider/Desktop/gp/.venv/lib/python3.13/site-packages/flask_cors/extension.py", line 176, in wrapped_function
    return cors_after_request(app.make_response(f(*args, **kwargs)))
                                                ~^^^^^^^^^^^^^^^^^
  File "/Users/gardenspider/Desktop/gp/.venv/lib/python3.13/site-packages/flask/app.py", line 867, in full_dispatch_request
    rv = self.dispatch_request()
  File "/Users/gardenspider/Desktop/gp/.venv/lib/python3.13/site-packages/flask/app.py", line 852, in dispatch_request
    return self.ensure_sync(self.view_functions[rule.endpoint])(**view_args)
           ~~~~~~~~~~~~~~~~~~~~~~~~~~~~~~~~~~~~~~~~~~~~~~~~~~~~^^^^^^^^^^^^^
  File "/Users/gardenspider/Desktop/gp/app.py", line 363, in player
    player_rankings = db.get_all_player_rankings()
  File "/Users/gardenspider/Desktop/gp/db.py", line 424, in get_all_player_rankings
    with sqlite3.connect(self.db_file) as conn:
         ~~~~~~~~~~~~~~~^^^^^^^^^^^^^^
sqlite3.OperationalError: unable to open database file
INFO:werkzeug:127.0.0.1 - - [22/Nov/2025 15:26:14] "[35m[1mGET /api/player/10805796 HTTP/1.1[0m" 500 -
ERROR:app:Exception on /api/player/10801693 [GET]
Traceback (most recent call last):
  File "/Users/gardenspider/Desktop/gp/.venv/lib/python3.13/site-packages/flask/app.py", line 1455, in wsgi_app
    response = self.full_dispatch_request()
  File "/Users/gardenspider/Desktop/gp/.venv/lib/python3.13/site-packages/flask/app.py", line 869, in full_dispatch_request
    rv = self.handle_user_exception(e)
  File "/Users/gardenspider/Desktop/gp/.venv/lib/python3.13/site-packages/flask_cors/extension.py", line 176, in wrapped_function
    return cors_after_request(app.make_response(f(*args, **kwargs)))
                                                ~^^^^^^^^^^^^^^^^^
  File "/Users/gardenspider/Desktop/gp/.venv/lib/python3.13/site-packages/flask/app.py", line 867, in full_dispatch_request
    rv = self.dispatch_request()
  File "/Users/gardenspider/Desktop/gp/.venv/lib/python3.13/site-packages/flask/app.py", line 852, in dispatch_request
    return self.ensure_sync(self.view_functions[rule.endpoint])(**view_args)
           ~~~~~~~~~~~~~~~~~~~~~~~~~~~~~~~~~~~~~~~~~~~~~~~~~~~~^^^^^^^^^^^^^
  File "/Users/gardenspider/Desktop/gp/app.py", line 363, in player
    player_rankings = db.get_all_player_rankings()
  File "/Users/gardenspider/Desktop/gp/db.py", line 424, in get_all_player_rankings
    with sqlite3.connect(self.db_file) as conn:
         ~~~~~~~~~~~~~~~^^^^^^^^^^^^^^
sqlite3.OperationalError: unable to open database file
INFO:werkzeug:127.0.0.1 - - [22/Nov/2025 15:26:14] "[35m[1mGET /api/player/10802088 HTTP/1.1[0m" 500 -
INFO:werkzeug:127.0.0.1 - - [22/Nov/2025 15:26:14] "[35m[1mGET /api/player/10836012 HTTP/1.1[0m" 500 -
INFO:werkzeug:127.0.0.1 - - [22/Nov/2025 15:26:14] "[35m[1mGET /api/player/10800166 HTTP/1.1[0m" 500 -
INFO:werkzeug:127.0.0.1 - - [22/Nov/2025 15:26:14] "[35m[1mGET /api/player/10804714 HTTP/1.1[0m" 500 -
INFO:werkzeug:127.0.0.1 - - [22/Nov/2025 15:26:14] "[35m[1mGET /api/player/10841741 HTTP/1.1[0m" 500 -
INFO:werkzeug:127.0.0.1 - - [22/Nov/2025 15:26:14] "[35m[1mGET /api/player/10802185 HTTP/1.1[0m" 500 -
INFO:werkzeug:127.0.0.1 - - [22/Nov/2025 15:26:14] "[35m[1mGET /api/player/10824014 HTTP/1.1[0m" 500 -
INFO:werkzeug:127.0.0.1 - - [22/Nov/2025 15:26:14] "[35m[1mGET /api/player/10808868 HTTP/1.1[0m" 500 -
----------------------------------------
Exception occurred during processing of request from ('127.0.0.1', 59700)
INFO:werkzeug:127.0.0.1 - - [22/Nov/2025 15:26:14] "[35m[1mGET /api/player/10816593 HTTP/1.1[0m" 500 -
INFO:werkzeug:127.0.0.1 - - [22/Nov/2025 15:26:14] "[35m[1mGET /api/player/10818677 HTTP/1.1[0m" 500 -
----------------------------------------
Exception occurred during processing of request from ('127.0.0.1', 59687)
INFO:werkzeug:127.0.0.1 - - [22/Nov/2025 15:26:14] "[35m[1mGET /api/player/10802886 HTTP/1.1[0m" 500 -
INFO:werkzeug:127.0.0.1 - - [22/Nov/2025 15:26:14] "[35m[1mGET /api/player/10808655 HTTP/1.1[0m" 500 -
INFO:werkzeug:127.0.0.1 - - [22/Nov/2025 15:26:14] "[35m[1mGET /api/player/10816127 HTTP/1.1[0m" 500 -
INFO:werkzeug:127.0.0.1 - - [22/Nov/2025 15:26:14] "[35m[1mGET /api/player/10814582 HTTP/1.1[0m" 500 -
----------------------------------------
Exception occurred during processing of request from ('127.0.0.1', 59686)
INFO:werkzeug:127.0.0.1 - - [22/Nov/2025 15:26:14] "[35m[1mGET /api/player/10823875 HTTP/1.1[0m" 500 -
----------------------------------------
Exception occurred during processing of request from ('127.0.0.1', 59691)
INFO:werkzeug:127.0.0.1 - - [22/Nov/2025 15:26:14] "[35m[1mGET /api/player/10801952 HTTP/1.1[0m" 500 -
----------------------------------------
INFO:werkzeug:127.0.0.1 - - [22/Nov/2025 15:26:14] "[35m[1mGET /api/player/10813420 HTTP/1.1[0m" 500 -
----------------------------------------
INFO:werkzeug:127.0.0.1 - - [22/Nov/2025 15:26:14] "[35m[1mGET /api/player/10800999 HTTP/1.1[0m" 500 -
Traceback (most recent call last):
Traceback (most recent call last):
Traceback (most recent call last):
Exception occurred during processing of request from ('127.0.0.1', 59694)
  File "/Users/gardenspider/Desktop/gp/.venv/lib/python3.13/site-packages/werkzeug/serving.py", line 362, in run_wsgi
    execute(self.server.app)
    ~~~~~~~^^^^^^^^^^^^^^^^^
  File "/Users/gardenspider/Desktop/gp/.venv/lib/python3.13/site-packages/werkzeug/serving.py", line 362, in run_wsgi
    execute(self.server.app)
    ~~~~~~~^^^^^^^^^^^^^^^^^
  File "/Users/gardenspider/Desktop/gp/.venv/lib/python3.13/site-packages/werkzeug/serving.py", line 362, in run_wsgi
    execute(self.server.app)
    ~~~~~~~^^^^^^^^^^^^^^^^^
Exception occurred during processing of request from ('127.0.0.1', 59688)
Traceback (most recent call last):
  File "/Users/gardenspider/Desktop/gp/.venv/lib/python3.13/site-packages/werkzeug/serving.py", line 338, in execute
    selector = selectors.DefaultSelector()
  File "/Users/gardenspider/Desktop/gp/.venv/lib/python3.13/site-packages/werkzeug/serving.py", line 338, in execute
    selector = selectors.DefaultSelector()
Traceback (most recent call last):
INFO:werkzeug:127.0.0.1 - - [22/Nov/2025 15:26:14] "[35m[1mGET /api/player/10801693 HTTP/1.1[0m" 500 -
Traceback (most recent call last):
  File "/Users/gardenspider/Desktop/gp/.venv/lib/python3.13/site-packages/werkzeug/serving.py", line 362, in run_wsgi
    execute(self.server.app)
    ~~~~~~~^^^^^^^^^^^^^^^^^
  File "/Users/gardenspider/Desktop/gp/.venv/lib/python3.13/site-packages/werkzeug/serving.py", line 338, in execute
    selector = selectors.DefaultSelector()
  File "/opt/homebrew/Cellar/python@3.13/3.13.3_1/Frameworks/Python.framework/Versions/3.13/lib/python3.13/selectors.py", line 493, in __init__
    self._selector = select.kqueue()
                     ~~~~~~~~~~~~~^^
  File "/Users/gardenspider/Desktop/gp/.venv/lib/python3.13/site-packages/werkzeug/serving.py", line 362, in run_wsgi
    execute(self.server.app)
    ~~~~~~~^^^^^^^^^^^^^^^^^
  File "/Users/gardenspider/Desktop/gp/.venv/lib/python3.13/site-packages/werkzeug/serving.py", line 338, in execute
    selector = selectors.DefaultSelector()
  File "/Users/gardenspider/Desktop/gp/.venv/lib/python3.13/site-packages/werkzeug/serving.py", line 362, in run_wsgi
    execute(self.server.app)
    ~~~~~~~^^^^^^^^^^^^^^^^^
  File "/Users/gardenspider/Desktop/gp/.venv/lib/python3.13/site-packages/werkzeug/serving.py", line 338, in execute
    selector = selectors.DefaultSelector()
  File "/opt/homebrew/Cellar/python@3.13/3.13.3_1/Frameworks/Python.framework/Versions/3.13/lib/python3.13/selectors.py", line 493, in __init__
    self._selector = select.kqueue()
                     ~~~~~~~~~~~~~^^
OSError: [Errno 24] Too many open files
  File "/Users/gardenspider/Desktop/gp/.venv/lib/python3.13/site-packages/werkzeug/serving.py", line 338, in execute
    selector = selectors.DefaultSelector()
OSError: [Errno 24] Too many open files
  File "/opt/homebrew/Cellar/python@3.13/3.13.3_1/Frameworks/Python.framework/Versions/3.13/lib/python3.13/selectors.py", line 493, in __init__
    self._selector = select.kqueue()
                     ~~~~~~~~~~~~~^^
  File "/opt/homebrew/Cellar/python@3.13/3.13.3_1/Frameworks/Python.framework/Versions/3.13/lib/python3.13/selectors.py", line 493, in __init__
    self._selector = select.kqueue()
                     ~~~~~~~~~~~~~^^
  File "/opt/homebrew/Cellar/python@3.13/3.13.3_1/Frameworks/Python.framework/Versions/3.13/lib/python3.13/selectors.py", line 493, in __init__
    self._selector = select.kqueue()
                     ~~~~~~~~~~~~~^^

During handling of the above exception, another exception occurred:

Traceback (most recent call last):

During handling of the above exception, another exception occurred:

OSError: [Errno 24] Too many open files
OSError: [Errno 24] Too many open files
  File "/opt/homebrew/Cellar/python@3.13/3.13.3_1/Frameworks/Python.framework/Versions/3.13/lib/python3.13/socketserver.py", line 697, in process_request_thread
    self.finish_request(request, client_address)
    ~~~~~~~~~~~~~~~~~~~^^^^^^^^^^^^^^^^^^^^^^^^^
  File "/opt/homebrew/Cellar/python@3.13/3.13.3_1/Frameworks/Python.framework/Versions/3.13/lib/python3.13/selectors.py", line 493, in __init__
    self._selector = select.kqueue()
                     ~~~~~~~~~~~~~^^
OSError: [Errno 24] Too many open files
Traceback (most recent call last):

During handling of the above exception, another exception occurred:


During handling of the above exception, another exception occurred:

  File "/opt/homebrew/Cellar/python@3.13/3.13.3_1/Frameworks/Python.framework/Versions/3.13/lib/python3.13/socketserver.py", line 362, in finish_request
    self.RequestHandlerClass(request, client_address, self)
    ~~~~~~~~~~~~~~~~~~~~~~~~^^^^^^^^^^^^^^^^^^^^^^^^^^^^^^^
  File "/opt/homebrew/Cellar/python@3.13/3.13.3_1/Frameworks/Python.framework/Versions/3.13/lib/python3.13/socketserver.py", line 766, in __init__
    self.handle()
    ~~~~~~~~~~~^^
  File "/Users/gardenspider/Desktop/gp/.venv/lib/python3.13/site-packages/werkzeug/serving.py", line 390, in handle
    super().handle()
    ~~~~~~~~~~~~~~^^
OSError: [Errno 24] Too many open files

During handling of the above exception, another exception occurred:

Traceback (most recent call last):

During handling of the above exception, another exception occurred:

Traceback (most recent call last):
Traceback (most recent call last):
Traceback (most recent call last):
  File "/opt/homebrew/Cellar/python@3.13/3.13.3_1/Frameworks/Python.framework/Versions/3.13/lib/python3.13/http/server.py", line 436, in handle
    self.handle_one_request()
    ~~~~~~~~~~~~~~~~~~~~~~~^^
  File "/opt/homebrew/Cellar/python@3.13/3.13.3_1/Frameworks/Python.framework/Versions/3.13/lib/python3.13/http/server.py", line 424, in handle_one_request
    method()
    ~~~~~~^^
  File "/opt/homebrew/Cellar/python@3.13/3.13.3_1/Frameworks/Python.framework/Versions/3.13/lib/python3.13/socketserver.py", line 697, in process_request_thread
    self.finish_request(request, client_address)
    ~~~~~~~~~~~~~~~~~~~^^^^^^^^^^^^^^^^^^^^^^^^^
  File "/opt/homebrew/Cellar/python@3.13/3.13.3_1/Frameworks/Python.framework/Versions/3.13/lib/python3.13/socketserver.py", line 697, in process_request_thread
    self.finish_request(request, client_address)
    ~~~~~~~~~~~~~~~~~~~^^^^^^^^^^^^^^^^^^^^^^^^^
  File "/opt/homebrew/Cellar/python@3.13/3.13.3_1/Frameworks/Python.framework/Versions/3.13/lib/python3.13/socketserver.py", line 697, in process_request_thread
  File "/opt/homebrew/Cellar/python@3.13/3.13.3_1/Frameworks/Python.framework/Versions/3.13/lib/python3.13/socketserver.py", line 362, in finish_request
  File "/opt/homebrew/Cellar/python@3.13/3.13.3_1/Frameworks/Python.framework/Versions/3.13/lib/python3.13/socketserver.py", line 697, in process_request_thread
  File "/opt/homebrew/Cellar/python@3.13/3.13.3_1/Frameworks/Python.framework/Versions/3.13/lib/python3.13/socketserver.py", line 362, in finish_request
    self.RequestHandlerClass(request, client_address, self)
    ~~~~~~~~~~~~~~~~~~~~~~~~^^^^^^^^^^^^^^^^^^^^^^^^^^^^^^^
  File "/opt/homebrew/Cellar/python@3.13/3.13.3_1/Frameworks/Python.framework/Versions/3.13/lib/python3.13/socketserver.py", line 766, in __init__
    self.handle()
    ~~~~~~~~~~~^^
  File "/Users/gardenspider/Desktop/gp/.venv/lib/python3.13/site-packages/werkzeug/serving.py", line 390, in handle
    super().handle()
    ~~~~~~~~~~~~~~^^
  File "/opt/homebrew/Cellar/python@3.13/3.13.3_1/Frameworks/Python.framework/Versions/3.13/lib/python3.13/socketserver.py", line 766, in __init__
  File "/Users/gardenspider/Desktop/gp/.venv/lib/python3.13/site-packages/werkzeug/serving.py", line 390, in handle
  File "/opt/homebrew/Cellar/python@3.13/3.13.3_1/Frameworks/Python.framework/Versions/3.13/lib/python3.13/http/server.py", line 436, in handle
    self.handle_one_request()
    ~~~~~~~~~~~~~~~~~~~~~~~^^
  File "/opt/homebrew/Cellar/python@3.13/3.13.3_1/Frameworks/Python.framework/Versions/3.13/lib/python3.13/socketserver.py", line 697, in process_request_thread
    self.finish_request(request, client_address)
    ~~~~~~~~~~~~~~~~~~~^^^^^^^^^^^^^^^^^^^^^^^^^
  File "/opt/homebrew/Cellar/python@3.13/3.13.3_1/Frameworks/Python.framework/Versions/3.13/lib/python3.13/socketserver.py", line 362, in finish_request
    self.RequestHandlerClass(request, client_address, self)
    ~~~~~~~~~~~~~~~~~~~~~~~~^^^^^^^^^^^^^^^^^^^^^^^^^^^^^^^
  File "/opt/homebrew/Cellar/python@3.13/3.13.3_1/Frameworks/Python.framework/Versions/3.13/lib/python3.13/socketserver.py", line 766, in __init__
    self.handle()
    ~~~~~~~~~~~^^
  File "/Users/gardenspider/Desktop/gp/.venv/lib/python3.13/site-packages/werkzeug/serving.py", line 390, in handle
    super().handle()
    ~~~~~~~~~~~~~~^^
  File "/opt/homebrew/Cellar/python@3.13/3.13.3_1/Frameworks/Python.framework/Versions/3.13/lib/python3.13/http/server.py", line 436, in handle
  File "/opt/homebrew/Cellar/python@3.13/3.13.3_1/Frameworks/Python.framework/Versions/3.13/lib/python3.13/socketserver.py", line 362, in finish_request
    self.RequestHandlerClass(request, client_address, self)
    ~~~~~~~~~~~~~~~~~~~~~~~~^^^^^^^^^^^^^^^^^^^^^^^^^^^^^^^
  File "/opt/homebrew/Cellar/python@3.13/3.13.3_1/Frameworks/Python.framework/Versions/3.13/lib/python3.13/socketserver.py", line 766, in __init__
    self.handle()
    ~~~~~~~~~~~^^
  File "/Users/gardenspider/Desktop/gp/.venv/lib/python3.13/site-packages/werkzeug/serving.py", line 382, in run_wsgi
    from .debug.tbtools import DebugTraceback
  File "<frozen importlib._bootstrap>", line 1360, in _find_and_load
  File "/opt/homebrew/Cellar/python@3.13/3.13.3_1/Frameworks/Python.framework/Versions/3.13/lib/python3.13/socketserver.py", line 362, in finish_request
    self.RequestHandlerClass(request, client_address, self)
    ~~~~~~~~~~~~~~~~~~~~~~~~^^^^^^^^^^^^^^^^^^^^^^^^^^^^^^^
  File "/opt/homebrew/Cellar/python@3.13/3.13.3_1/Frameworks/Python.framework/Versions/3.13/lib/python3.13/socketserver.py", line 766, in __init__
    self.handle()
    ~~~~~~~~~~~^^
  File "/opt/homebrew/Cellar/python@3.13/3.13.3_1/Frameworks/Python.framework/Versions/3.13/lib/python3.13/http/server.py", line 436, in handle
    self.handle_one_request()
    ~~~~~~~~~~~~~~~~~~~~~~~^^
  File "/opt/homebrew/Cellar/python@3.13/3.13.3_1/Frameworks/Python.framework/Versions/3.13/lib/python3.13/http/server.py", line 424, in handle_one_request
    method()
    ~~~~~~^^
  File "/Users/gardenspider/Desktop/gp/.venv/lib/python3.13/site-packages/werkzeug/serving.py", line 390, in handle
    super().handle()
    ~~~~~~~~~~~~~~^^
  File "/opt/homebrew/Cellar/python@3.13/3.13.3_1/Frameworks/Python.framework/Versions/3.13/lib/python3.13/http/server.py", line 424, in handle_one_request
    method()
    ~~~~~~^^
  File "/Users/gardenspider/Desktop/gp/.venv/lib/python3.13/site-packages/werkzeug/serving.py", line 382, in run_wsgi
    from .debug.tbtools import DebugTraceback
  File "<frozen importlib._bootstrap>", line 1360, in _find_and_load
  File "<frozen importlib._bootstrap>", line 1331, in _find_and_load_unlocked
  File "<frozen importlib._bootstrap>", line 935, in _load_unlocked
  File "<frozen importlib._bootstrap_external>", line 1022, in exec_module
  File "<frozen importlib._bootstrap_external>", line 1159, in get_code
  File "<frozen importlib._bootstrap_external>", line 1217, in get_data
  File "/opt/homebrew/Cellar/python@3.13/3.13.3_1/Frameworks/Python.framework/Versions/3.13/lib/python3.13/http/server.py", line 436, in handle
    self.handle_one_request()
    ~~~~~~~~~~~~~~~~~~~~~~~^^
  File "<frozen importlib._bootstrap>", line 1331, in _find_and_load_unlocked
  File "<frozen importlib._bootstrap>", line 935, in _load_unlocked
  File "<frozen importlib._bootstrap_external>", line 1022, in exec_module
  File "/opt/homebrew/Cellar/python@3.13/3.13.3_1/Frameworks/Python.framework/Versions/3.13/lib/python3.13/http/server.py", line 424, in handle_one_request
    method()
    ~~~~~~^^
  File "/opt/homebrew/Cellar/python@3.13/3.13.3_1/Frameworks/Python.framework/Versions/3.13/lib/python3.13/http/server.py", line 424, in handle_one_request
    method()
    ~~~~~~^^
  File "/Users/gardenspider/Desktop/gp/.venv/lib/python3.13/site-packages/werkzeug/serving.py", line 382, in run_wsgi
    from .debug.tbtools import DebugTraceback
  File "<frozen importlib._bootstrap_external>", line 1159, in get_code
  File "<frozen importlib._bootstrap_external>", line 1217, in get_data
  File "/Users/gardenspider/Desktop/gp/.venv/lib/python3.13/site-packages/werkzeug/serving.py", line 390, in handle
    super().handle()
    ~~~~~~~~~~~~~~^^
  File "/opt/homebrew/Cellar/python@3.13/3.13.3_1/Frameworks/Python.framework/Versions/3.13/lib/python3.13/http/server.py", line 436, in handle
    self.handle_one_request()
    ~~~~~~~~~~~~~~~~~~~~~~~^^
OSError: [Errno 24] Too many open files: '/Users/gardenspider/Desktop/gp/.venv/lib/python3.13/site-packages/werkzeug/debug/__init__.py'
  File "/Users/gardenspider/Desktop/gp/.venv/lib/python3.13/site-packages/werkzeug/serving.py", line 382, in run_wsgi
    from .debug.tbtools import DebugTraceback
  File "<frozen importlib._bootstrap>", line 1360, in _find_and_load
  File "<frozen importlib._bootstrap>", line 1331, in _find_and_load_unlocked
  File "<frozen importlib._bootstrap>", line 935, in _load_unlocked
  File "<frozen importlib._bootstrap_external>", line 1022, in exec_module
  File "<frozen importlib._bootstrap_external>", line 1159, in get_code
  File "<frozen importlib._bootstrap_external>", line 1217, in get_data
  File "<frozen importlib._bootstrap>", line 1360, in _find_and_load
  File "<frozen importlib._bootstrap>", line 1331, in _find_and_load_unlocked
  File "<frozen importlib._bootstrap>", line 935, in _load_unlocked
OSError: [Errno 24] Too many open files: '/Users/gardenspider/Desktop/gp/.venv/lib/python3.13/site-packages/werkzeug/debug/__init__.py'
----------------------------------------
  File "<frozen importlib._bootstrap_external>", line 1022, in exec_module
  File "<frozen importlib._bootstrap_external>", line 1159, in get_code
  File "<frozen importlib._bootstrap_external>", line 1217, in get_data
----------------------------------------
  File "/opt/homebrew/Cellar/python@3.13/3.13.3_1/Frameworks/Python.framework/Versions/3.13/lib/python3.13/http/server.py", line 424, in handle_one_request
    method()
    ~~~~~~^^
  File "/Users/gardenspider/Desktop/gp/.venv/lib/python3.13/site-packages/werkzeug/serving.py", line 382, in run_wsgi
    from .debug.tbtools import DebugTraceback
  File "<frozen importlib._bootstrap>", line 1360, in _find_and_load
  File "<frozen importlib._bootstrap>", line 1331, in _find_and_load_unlocked
  File "<frozen importlib._bootstrap>", line 935, in _load_unlocked
  File "<frozen importlib._bootstrap_external>", line 1022, in exec_module
  File "<frozen importlib._bootstrap_external>", line 1159, in get_code
OSError: [Errno 24] Too many open files: '/Users/gardenspider/Desktop/gp/.venv/lib/python3.13/site-packages/werkzeug/debug/__init__.py'
OSError: [Errno 24] Too many open files: '/Users/gardenspider/Desktop/gp/.venv/lib/python3.13/site-packages/werkzeug/debug/__init__.py'
----------------------------------------
----------------------------------------
  File "/Users/gardenspider/Desktop/gp/.venv/lib/python3.13/site-packages/werkzeug/serving.py", line 382, in run_wsgi
    from .debug.tbtools import DebugTraceback
  File "<frozen importlib._bootstrap_external>", line 1217, in get_data
  File "<frozen importlib._bootstrap>", line 1360, in _find_and_load
OSError: [Errno 24] Too many open files: '/Users/gardenspider/Desktop/gp/.venv/lib/python3.13/site-packages/werkzeug/debug/__init__.py'
  File "<frozen importlib._bootstrap>", line 1331, in _find_and_load_unlocked
  File "<frozen importlib._bootstrap>", line 935, in _load_unlocked
  File "<frozen importlib._bootstrap_external>", line 1022, in exec_module
----------------------------------------
  File "<frozen importlib._bootstrap_external>", line 1159, in get_code
  File "<frozen importlib._bootstrap_external>", line 1217, in get_data
OSError: [Errno 24] Too many open files: '/Users/gardenspider/Desktop/gp/.venv/lib/python3.13/site-packages/werkzeug/debug/__init__.py'
----------------------------------------
ERROR:werkzeug:Error on request:
Traceback (most recent call last):
  File "/Users/gardenspider/Desktop/gp/.venv/lib/python3.13/site-packages/werkzeug/serving.py", line 362, in run_wsgi
    execute(self.server.app)
    ~~~~~~~^^^^^^^^^^^^^^^^^
  File "/Users/gardenspider/Desktop/gp/.venv/lib/python3.13/site-packages/werkzeug/serving.py", line 338, in execute
    selector = selectors.DefaultSelector()
  File "/opt/homebrew/Cellar/python@3.13/3.13.3_1/Frameworks/Python.framework/Versions/3.13/lib/python3.13/selectors.py", line 493, in __init__
    self._selector = select.kqueue()
                     ~~~~~~~~~~~~~^^
OSError: [Errno 24] Too many open files
ERROR:werkzeug:Error on request:
Traceback (most recent call last):
  File "/Users/gardenspider/Desktop/gp/.venv/lib/python3.13/site-packages/werkzeug/serving.py", line 362, in run_wsgi
    execute(self.server.app)
    ~~~~~~~^^^^^^^^^^^^^^^^^
  File "/Users/gardenspider/Desktop/gp/.venv/lib/python3.13/site-packages/werkzeug/serving.py", line 338, in execute
    selector = selectors.DefaultSelector()
  File "/opt/homebrew/Cellar/python@3.13/3.13.3_1/Frameworks/Python.framework/Versions/3.13/lib/python3.13/selectors.py", line 493, in __init__
    self._selector = select.kqueue()
                     ~~~~~~~~~~~~~^^
OSError: [Errno 24] Too many open files
INFO:werkzeug:127.0.0.1 - - [22/Nov/2025 15:29:07] "GET /api/tournaments HTTP/1.1" 200 -
ERROR:__main__:Error getting tournament 1220011: unable to open database file
ERROR:__main__:Error getting tournament 1292319: unable to open database file
ERROR:__main__:Error getting tournament 1188044: unable to open database file
ERROR:__main__:Error getting tournament 1268826: unable to open database file
ERROR:__main__:Error getting tournament 1260527: unable to open database file
ERROR:__main__:Error getting tournament 1255540: unable to open database file
ERROR:__main__:Error getting tournament 1213697: unable to open database file
INFO:werkzeug:127.0.0.1 - - [22/Nov/2025 15:29:08] "[35m[1mGET /api/tournament/1220011?all_results=true HTTP/1.1[0m" 500 -
ERROR:__main__:Error getting tournament 1283544: unable to open database file
ERROR:__main__:Error getting tournament 1193135: unable to open database file
INFO:werkzeug:127.0.0.1 - - [22/Nov/2025 15:29:08] "[35m[1mGET /api/tournament/1292319?all_results=true HTTP/1.1[0m" 500 -
INFO:werkzeug:127.0.0.1 - - [22/Nov/2025 15:29:08] "[35m[1mGET /api/tournament/1188044?all_results=true HTTP/1.1[0m" 500 -
INFO:werkzeug:127.0.0.1 - - [22/Nov/2025 15:29:08] "[35m[1mGET /api/tournament/1268826?all_results=true HTTP/1.1[0m" 500 -
INFO:werkzeug:127.0.0.1 - - [22/Nov/2025 15:29:08] "[35m[1mGET /api/tournament/1260527?all_results=true HTTP/1.1[0m" 500 -
INFO:werkzeug:127.0.0.1 - - [22/Nov/2025 15:29:08] "[35m[1mGET /api/tournament/1255540?all_results=true HTTP/1.1[0m" 500 -
INFO:werkzeug:127.0.0.1 - - [22/Nov/2025 15:29:08] "[35m[1mGET /api/tournament/1213697?all_results=true HTTP/1.1[0m" 500 -
INFO:werkzeug:127.0.0.1 - - [22/Nov/2025 15:29:08] "[35m[1mGET /api/tournament/1283544?all_results=true HTTP/1.1[0m" 500 -
INFO:werkzeug:127.0.0.1 - - [22/Nov/2025 15:29:08] "[35m[1mGET /api/tournament/1193135?all_results=true HTTP/1.1[0m" 500 -
ERROR:werkzeug:Error on request:
Traceback (most recent call last):
  File "/Users/gardenspider/Desktop/gp/.venv/lib/python3.13/site-packages/werkzeug/serving.py", line 362, in run_wsgi
    execute(self.server.app)
    ~~~~~~~^^^^^^^^^^^^^^^^^
  File "/Users/gardenspider/Desktop/gp/.venv/lib/python3.13/site-packages/werkzeug/serving.py", line 338, in execute
    selector = selectors.DefaultSelector()
  File "/opt/homebrew/Cellar/python@3.13/3.13.3_1/Frameworks/Python.framework/Versions/3.13/lib/python3.13/selectors.py", line 493, in __init__
    self._selector = select.kqueue()
                     ~~~~~~~~~~~~~^^
OSError: [Errno 24] Too many open files
ERROR:werkzeug:Error on request:
Traceback (most recent call last):
  File "/Users/gardenspider/Desktop/gp/.venv/lib/python3.13/site-packages/werkzeug/serving.py", line 362, in run_wsgi
    execute(self.server.app)
    ~~~~~~~^^^^^^^^^^^^^^^^^
  File "/Users/gardenspider/Desktop/gp/.venv/lib/python3.13/site-packages/werkzeug/serving.py", line 338, in execute
    selector = selectors.DefaultSelector()
  File "/opt/homebrew/Cellar/python@3.13/3.13.3_1/Frameworks/Python.framework/Versions/3.13/lib/python3.13/selectors.py", line 493, in __init__
    self._selector = select.kqueue()
                     ~~~~~~~~~~~~~^^
OSError: [Errno 24] Too many open files
ERROR:werkzeug:Error on request:
Traceback (most recent call last):
  File "/Users/gardenspider/Desktop/gp/.venv/lib/python3.13/site-packages/werkzeug/serving.py", line 362, in run_wsgi
    execute(self.server.app)
    ~~~~~~~^^^^^^^^^^^^^^^^^
  File "/Users/gardenspider/Desktop/gp/.venv/lib/python3.13/site-packages/werkzeug/serving.py", line 338, in execute
    selector = selectors.DefaultSelector()
  File "/opt/homebrew/Cellar/python@3.13/3.13.3_1/Frameworks/Python.framework/Versions/3.13/lib/python3.13/selectors.py", line 493, in __init__
    self._selector = select.kqueue()
                     ~~~~~~~~~~~~~^^
OSError: [Errno 24] Too many open files
ERROR:werkzeug:Error on request:
Traceback (most recent call last):
  File "/Users/gardenspider/Desktop/gp/.venv/lib/python3.13/site-packages/werkzeug/serving.py", line 362, in run_wsgi
    execute(self.server.app)
    ~~~~~~~^^^^^^^^^^^^^^^^^
  File "/Users/gardenspider/Desktop/gp/.venv/lib/python3.13/site-packages/werkzeug/serving.py", line 338, in execute
    selector = selectors.DefaultSelector()
  File "/opt/homebrew/Cellar/python@3.13/3.13.3_1/Frameworks/Python.framework/Versions/3.13/lib/python3.13/selectors.py", line 493, in __init__
    self._selector = select.kqueue()
                     ~~~~~~~~~~~~~^^
OSError: [Errno 24] Too many open files
ERROR:werkzeug:Error on request:
Traceback (most recent call last):
  File "/Users/gardenspider/Desktop/gp/.venv/lib/python3.13/site-packages/werkzeug/serving.py", line 362, in run_wsgi
    execute(self.server.app)
    ~~~~~~~^^^^^^^^^^^^^^^^^
  File "/Users/gardenspider/Desktop/gp/.venv/lib/python3.13/site-packages/werkzeug/serving.py", line 338, in execute
    selector = selectors.DefaultSelector()
  File "/opt/homebrew/Cellar/python@3.13/3.13.3_1/Frameworks/Python.framework/Versions/3.13/lib/python3.13/selectors.py", line 493, in __init__
    self._selector = select.kqueue()
                     ~~~~~~~~~~~~~^^
OSError: [Errno 24] Too many open files
ERROR:werkzeug:Error on request:
Traceback (most recent call last):
  File "/Users/gardenspider/Desktop/gp/.venv/lib/python3.13/site-packages/werkzeug/serving.py", line 362, in run_wsgi
    execute(self.server.app)
    ~~~~~~~^^^^^^^^^^^^^^^^^
  File "/Users/gardenspider/Desktop/gp/.venv/lib/python3.13/site-packages/werkzeug/serving.py", line 338, in execute
    selector = selectors.DefaultSelector()
  File "/opt/homebrew/Cellar/python@3.13/3.13.3_1/Frameworks/Python.framework/Versions/3.13/lib/python3.13/selectors.py", line 493, in __init__
    self._selector = select.kqueue()
                     ~~~~~~~~~~~~~^^
OSError: [Errno 24] Too many open files
ERROR:werkzeug:Error on request:
Traceback (most recent call last):
  File "/Users/gardenspider/Desktop/gp/.venv/lib/python3.13/site-packages/werkzeug/serving.py", line 362, in run_wsgi
    execute(self.server.app)
    ~~~~~~~^^^^^^^^^^^^^^^^^
  File "/Users/gardenspider/Desktop/gp/.venv/lib/python3.13/site-packages/werkzeug/serving.py", line 338, in execute
    selector = selectors.DefaultSelector()
  File "/opt/homebrew/Cellar/python@3.13/3.13.3_1/Frameworks/Python.framework/Versions/3.13/lib/python3.13/selectors.py", line 493, in __init__
    self._selector = select.kqueue()
                     ~~~~~~~~~~~~~^^
OSError: [Errno 24] Too many open files
ERROR:werkzeug:Error on request:
Traceback (most recent call last):
  File "/Users/gardenspider/Desktop/gp/.venv/lib/python3.13/site-packages/werkzeug/serving.py", line 362, in run_wsgi
    execute(self.server.app)
    ~~~~~~~^^^^^^^^^^^^^^^^^
  File "/Users/gardenspider/Desktop/gp/.venv/lib/python3.13/site-packages/werkzeug/serving.py", line 338, in execute
    selector = selectors.DefaultSelector()
  File "/opt/homebrew/Cellar/python@3.13/3.13.3_1/Frameworks/Python.framework/Versions/3.13/lib/python3.13/selectors.py", line 493, in __init__
    self._selector = select.kqueue()
                     ~~~~~~~~~~~~~^^
OSError: [Errno 24] Too many open files
ERROR:werkzeug:Error on request:
Traceback (most recent call last):
  File "/Users/gardenspider/Desktop/gp/.venv/lib/python3.13/site-packages/werkzeug/serving.py", line 362, in run_wsgi
    execute(self.server.app)
    ~~~~~~~^^^^^^^^^^^^^^^^^
  File "/Users/gardenspider/Desktop/gp/.venv/lib/python3.13/site-packages/werkzeug/serving.py", line 338, in execute
    selector = selectors.DefaultSelector()
  File "/opt/homebrew/Cellar/python@3.13/3.13.3_1/Frameworks/Python.framework/Versions/3.13/lib/python3.13/selectors.py", line 493, in __init__
    self._selector = select.kqueue()
                     ~~~~~~~~~~~~~^^
OSError: [Errno 24] Too many open files
INFO:werkzeug:127.0.0.1 - - [22/Nov/2025 15:29:08] "GET /api/rankings?sort=best_4&dir=desc&page=1 HTTP/1.1" 200 -
INFO:werkzeug:127.0.0.1 - - [22/Nov/2025 15:29:09] "GET /api/player/10841741 HTTP/1.1" 200 -
INFO:werkzeug:127.0.0.1 - - [22/Nov/2025 15:29:09] "GET /api/player/10808868 HTTP/1.1" 200 -
INFO:werkzeug:127.0.0.1 - - [22/Nov/2025 15:29:09] "GET /api/player/10805796 HTTP/1.1" 200 -
INFO:werkzeug:127.0.0.1 - - [22/Nov/2025 15:29:09] "GET /api/player/10836012 HTTP/1.1" 200 -
INFO:werkzeug:127.0.0.1 - - [22/Nov/2025 15:29:09] "GET /api/player/10823875 HTTP/1.1" 200 -
INFO:werkzeug:127.0.0.1 - - [22/Nov/2025 15:29:09] "GET /api/player/10802886 HTTP/1.1" 200 -
INFO:werkzeug:127.0.0.1 - - [22/Nov/2025 15:29:09] "GET /api/player/10831940 HTTP/1.1" 200 -
INFO:werkzeug:127.0.0.1 - - [22/Nov/2025 15:29:09] "GET /api/player/10804714 HTTP/1.1" 200 -
INFO:werkzeug:127.0.0.1 - - [22/Nov/2025 15:29:09] "GET /api/player/10816127 HTTP/1.1" 200 -
INFO:werkzeug:127.0.0.1 - - [22/Nov/2025 15:29:09] "GET /api/player/10818383 HTTP/1.1" 200 -
INFO:werkzeug:127.0.0.1 - - [22/Nov/2025 15:29:09] "GET /api/player/10815406 HTTP/1.1" 200 -
INFO:werkzeug:127.0.0.1 - - [22/Nov/2025 15:29:09] "GET /api/player/10808655 HTTP/1.1" 200 -
INFO:werkzeug:127.0.0.1 - - [22/Nov/2025 15:29:09] "GET /api/player/10801693 HTTP/1.1" 200 -
INFO:werkzeug:127.0.0.1 - - [22/Nov/2025 15:29:09] "GET /api/player/10814582 HTTP/1.1" 200 -
INFO:werkzeug:127.0.0.1 - - [22/Nov/2025 15:29:09] "GET /api/player/10802088 HTTP/1.1" 200 -
INFO:werkzeug:127.0.0.1 - - [22/Nov/2025 15:29:09] "GET /api/player/10800123 HTTP/1.1" 200 -
INFO:werkzeug:127.0.0.1 - - [22/Nov/2025 15:29:09] "GET /api/player/10818677 HTTP/1.1" 200 -
INFO:werkzeug:127.0.0.1 - - [22/Nov/2025 15:29:09] "GET /api/player/10802185 HTTP/1.1" 200 -
INFO:werkzeug:127.0.0.1 - - [22/Nov/2025 15:29:09] "GET /api/player/10800999 HTTP/1.1" 200 -
INFO:werkzeug:127.0.0.1 - - [22/Nov/2025 15:29:09] "GET /api/player/10814078 HTTP/1.1" 200 -
INFO:werkzeug:127.0.0.1 - - [22/Nov/2025 15:29:09] "GET /api/player/10801952 HTTP/1.1" 200 -
INFO:werkzeug:127.0.0.1 - - [22/Nov/2025 15:29:09] "GET /api/player/10824014 HTTP/1.1" 200 -
INFO:werkzeug:127.0.0.1 - - [22/Nov/2025 15:29:09] "GET /api/player/10800166 HTTP/1.1" 200 -
INFO:werkzeug:127.0.0.1 - - [22/Nov/2025 15:29:09] "GET /api/player/10816593 HTTP/1.1" 200 -
INFO:werkzeug:127.0.0.1 - - [22/Nov/2025 15:29:09] "GET /api/player/10813420 HTTP/1.1" 200 -
INFO:werkzeug:127.0.0.1 - - [22/Nov/2025 19:03:56] "GET /api/tournaments HTTP/1.1" 200 -
INFO:werkzeug:127.0.0.1 - - [22/Nov/2025 19:03:56] "GET /api/tournament/1165146?all_results=true HTTP/1.1" 200 -
INFO:werkzeug:127.0.0.1 - - [22/Nov/2025 19:03:56] "GET /api/tournament/1193135?all_results=true HTTP/1.1" 200 -
INFO:werkzeug:127.0.0.1 - - [22/Nov/2025 19:03:56] "GET /api/tournament/1095243?all_results=true HTTP/1.1" 200 -
INFO:werkzeug:127.0.0.1 - - [22/Nov/2025 19:03:56] "GET /api/tournament/1213697?all_results=true HTTP/1.1" 200 -
INFO:werkzeug:127.0.0.1 - - [22/Nov/2025 19:03:56] "GET /api/tournament/1173578?all_results=true HTTP/1.1" 200 -
INFO:werkzeug:127.0.0.1 - - [22/Nov/2025 19:03:56] "GET /api/tournament/1260527?all_results=true HTTP/1.1" 200 -
INFO:werkzeug:127.0.0.1 - - [22/Nov/2025 19:03:56] "GET /api/tournament/1188044?all_results=true HTTP/1.1" 200 -
INFO:werkzeug:127.0.0.1 - - [22/Nov/2025 19:03:56] "GET /api/tournament/1283544?all_results=true HTTP/1.1" 200 -
INFO:werkzeug:127.0.0.1 - - [22/Nov/2025 19:03:56] "GET /api/tournament/1135144?all_results=true HTTP/1.1" 200 -
INFO:werkzeug:127.0.0.1 - - [22/Nov/2025 19:03:56] "GET /api/tournament/1255540?all_results=true HTTP/1.1" 200 -
INFO:werkzeug:127.0.0.1 - - [22/Nov/2025 19:03:56] "GET /api/tournament/1126042?all_results=true HTTP/1.1" 200 -
INFO:werkzeug:127.0.0.1 - - [22/Nov/2025 19:03:56] "GET /api/tournament/1130967?all_results=true HTTP/1.1" 200 -
INFO:werkzeug:127.0.0.1 - - [22/Nov/2025 19:03:56] "GET /api/tournament/1292319?all_results=true HTTP/1.1" 200 -
INFO:werkzeug:127.0.0.1 - - [22/Nov/2025 19:03:56] "GET /api/tournament/1220011?all_results=true HTTP/1.1" 200 -
INFO:werkzeug:127.0.0.1 - - [22/Nov/2025 19:03:56] "GET /api/tournament/1268826?all_results=true HTTP/1.1" 200 -
INFO:werkzeug:127.0.0.1 - - [22/Nov/2025 19:03:56] "GET /api/rankings?sort=best_4&dir=desc&page=1 HTTP/1.1" 200 -
ERROR:app:Exception on /api/player/10816593 [GET]
Traceback (most recent call last):
  File "/Users/gardenspider/Desktop/gp/.venv/lib/python3.13/site-packages/flask/app.py", line 1455, in wsgi_app
    response = self.full_dispatch_request()
  File "/Users/gardenspider/Desktop/gp/.venv/lib/python3.13/site-packages/flask/app.py", line 869, in full_dispatch_request
    rv = self.handle_user_exception(e)
  File "/Users/gardenspider/Desktop/gp/.venv/lib/python3.13/site-packages/flask_cors/extension.py", line 176, in wrapped_function
    return cors_after_request(app.make_response(f(*args, **kwargs)))
                                                ~^^^^^^^^^^^^^^^^^
  File "/Users/gardenspider/Desktop/gp/.venv/lib/python3.13/site-packages/flask/app.py", line 867, in full_dispatch_request
    rv = self.dispatch_request()
  File "/Users/gardenspider/Desktop/gp/.venv/lib/python3.13/site-packages/flask/app.py", line 852, in dispatch_request
    return self.ensure_sync(self.view_functions[rule.endpoint])(**view_args)
           ~~~~~~~~~~~~~~~~~~~~~~~~~~~~~~~~~~~~~~~~~~~~~~~~~~~~^^^^^^^^^^^^^
  File "/Users/gardenspider/Desktop/gp/app.py", line 363, in player
    player_rankings = db.get_all_player_rankings()
  File "/Users/gardenspider/Desktop/gp/db.py", line 424, in get_all_player_rankings
    with sqlite3.connect(self.db_file) as conn:
         ~~~~~~~~~~~~~~~^^^^^^^^^^^^^^
sqlite3.OperationalError: unable to open database file
ERROR:app:Exception on /api/player/10824014 [GET]
Traceback (most recent call last):
  File "/Users/gardenspider/Desktop/gp/.venv/lib/python3.13/site-packages/flask/app.py", line 1455, in wsgi_app
    response = self.full_dispatch_request()
  File "/Users/gardenspider/Desktop/gp/.venv/lib/python3.13/site-packages/flask/app.py", line 869, in full_dispatch_request
    rv = self.handle_user_exception(e)
  File "/Users/gardenspider/Desktop/gp/.venv/lib/python3.13/site-packages/flask_cors/extension.py", line 176, in wrapped_function
    return cors_after_request(app.make_response(f(*args, **kwargs)))
                                                ~^^^^^^^^^^^^^^^^^
  File "/Users/gardenspider/Desktop/gp/.venv/lib/python3.13/site-packages/flask/app.py", line 867, in full_dispatch_request
    rv = self.dispatch_request()
  File "/Users/gardenspider/Desktop/gp/.venv/lib/python3.13/site-packages/flask/app.py", line 852, in dispatch_request
    return self.ensure_sync(self.view_functions[rule.endpoint])(**view_args)
           ~~~~~~~~~~~~~~~~~~~~~~~~~~~~~~~~~~~~~~~~~~~~~~~~~~~~^^^^^^^^^^^^^
  File "/Users/gardenspider/Desktop/gp/app.py", line 363, in player
    player_rankings = db.get_all_player_rankings()
  File "/Users/gardenspider/Desktop/gp/db.py", line 424, in get_all_player_rankings
    with sqlite3.connect(self.db_file) as conn:
         ~~~~~~~~~~~~~~~^^^^^^^^^^^^^^
sqlite3.OperationalError: unable to open database file
ERROR:app:Exception on /api/player/10841741 [GET]
Traceback (most recent call last):
  File "/Users/gardenspider/Desktop/gp/.venv/lib/python3.13/site-packages/flask/app.py", line 1455, in wsgi_app
    response = self.full_dispatch_request()
  File "/Users/gardenspider/Desktop/gp/.venv/lib/python3.13/site-packages/flask/app.py", line 869, in full_dispatch_request
    rv = self.handle_user_exception(e)
  File "/Users/gardenspider/Desktop/gp/.venv/lib/python3.13/site-packages/flask_cors/extension.py", line 176, in wrapped_function
    return cors_after_request(app.make_response(f(*args, **kwargs)))
                                                ~^^^^^^^^^^^^^^^^^
  File "/Users/gardenspider/Desktop/gp/.venv/lib/python3.13/site-packages/flask/app.py", line 867, in full_dispatch_request
    rv = self.dispatch_request()
  File "/Users/gardenspider/Desktop/gp/.venv/lib/python3.13/site-packages/flask/app.py", line 852, in dispatch_request
    return self.ensure_sync(self.view_functions[rule.endpoint])(**view_args)
           ~~~~~~~~~~~~~~~~~~~~~~~~~~~~~~~~~~~~~~~~~~~~~~~~~~~~^^^^^^^^^^^^^
  File "/Users/gardenspider/Desktop/gp/app.py", line 363, in player
    player_rankings = db.get_all_player_rankings()
  File "/Users/gardenspider/Desktop/gp/db.py", line 424, in get_all_player_rankings
    with sqlite3.connect(self.db_file) as conn:
         ~~~~~~~~~~~~~~~^^^^^^^^^^^^^^
sqlite3.OperationalError: unable to open database file
ERROR:app:Exception on /api/player/10808655 [GET]
Traceback (most recent call last):
  File "/Users/gardenspider/Desktop/gp/.venv/lib/python3.13/site-packages/flask/app.py", line 1455, in wsgi_app
    response = self.full_dispatch_request()
  File "/Users/gardenspider/Desktop/gp/.venv/lib/python3.13/site-packages/flask/app.py", line 869, in full_dispatch_request
    rv = self.handle_user_exception(e)
  File "/Users/gardenspider/Desktop/gp/.venv/lib/python3.13/site-packages/flask_cors/extension.py", line 176, in wrapped_function
    return cors_after_request(app.make_response(f(*args, **kwargs)))
                                                ~^^^^^^^^^^^^^^^^^
  File "/Users/gardenspider/Desktop/gp/.venv/lib/python3.13/site-packages/flask/app.py", line 867, in full_dispatch_request
    rv = self.dispatch_request()
  File "/Users/gardenspider/Desktop/gp/.venv/lib/python3.13/site-packages/flask/app.py", line 852, in dispatch_request
    return self.ensure_sync(self.view_functions[rule.endpoint])(**view_args)
           ~~~~~~~~~~~~~~~~~~~~~~~~~~~~~~~~~~~~~~~~~~~~~~~~~~~~^^^^^^^^^^^^^
  File "/Users/gardenspider/Desktop/gp/app.py", line 363, in player
    player_rankings = db.get_all_player_rankings()
  File "/Users/gardenspider/Desktop/gp/db.py", line 424, in get_all_player_rankings
    with sqlite3.connect(self.db_file) as conn:
         ~~~~~~~~~~~~~~~^^^^^^^^^^^^^^
sqlite3.OperationalError: unable to open database file
ERROR:app:Exception on /api/player/10831940 [GET]
Traceback (most recent call last):
  File "/Users/gardenspider/Desktop/gp/.venv/lib/python3.13/site-packages/flask/app.py", line 1455, in wsgi_app
    response = self.full_dispatch_request()
  File "/Users/gardenspider/Desktop/gp/.venv/lib/python3.13/site-packages/flask/app.py", line 869, in full_dispatch_request
    rv = self.handle_user_exception(e)
  File "/Users/gardenspider/Desktop/gp/.venv/lib/python3.13/site-packages/flask_cors/extension.py", line 176, in wrapped_function
    return cors_after_request(app.make_response(f(*args, **kwargs)))
                                                ~^^^^^^^^^^^^^^^^^
  File "/Users/gardenspider/Desktop/gp/.venv/lib/python3.13/site-packages/flask/app.py", line 867, in full_dispatch_request
    rv = self.dispatch_request()
  File "/Users/gardenspider/Desktop/gp/.venv/lib/python3.13/site-packages/flask/app.py", line 852, in dispatch_request
    return self.ensure_sync(self.view_functions[rule.endpoint])(**view_args)
           ~~~~~~~~~~~~~~~~~~~~~~~~~~~~~~~~~~~~~~~~~~~~~~~~~~~~^^^^^^^^^^^^^
  File "/Users/gardenspider/Desktop/gp/app.py", line 363, in player
    player_rankings = db.get_all_player_rankings()
  File "/Users/gardenspider/Desktop/gp/db.py", line 424, in get_all_player_rankings
    with sqlite3.connect(self.db_file) as conn:
         ~~~~~~~~~~~~~~~^^^^^^^^^^^^^^
sqlite3.OperationalError: unable to open database file
INFO:werkzeug:127.0.0.1 - - [22/Nov/2025 19:03:56] "[35m[1mGET /api/player/10816593 HTTP/1.1[0m" 500 -
ERROR:app:Exception on /api/player/10805796 [GET]
Traceback (most recent call last):
  File "/Users/gardenspider/Desktop/gp/.venv/lib/python3.13/site-packages/flask/app.py", line 1455, in wsgi_app
    response = self.full_dispatch_request()
  File "/Users/gardenspider/Desktop/gp/.venv/lib/python3.13/site-packages/flask/app.py", line 869, in full_dispatch_request
    rv = self.handle_user_exception(e)
  File "/Users/gardenspider/Desktop/gp/.venv/lib/python3.13/site-packages/flask_cors/extension.py", line 176, in wrapped_function
    return cors_after_request(app.make_response(f(*args, **kwargs)))
                                                ~^^^^^^^^^^^^^^^^^
  File "/Users/gardenspider/Desktop/gp/.venv/lib/python3.13/site-packages/flask/app.py", line 867, in full_dispatch_request
    rv = self.dispatch_request()
  File "/Users/gardenspider/Desktop/gp/.venv/lib/python3.13/site-packages/flask/app.py", line 852, in dispatch_request
    return self.ensure_sync(self.view_functions[rule.endpoint])(**view_args)
           ~~~~~~~~~~~~~~~~~~~~~~~~~~~~~~~~~~~~~~~~~~~~~~~~~~~~^^^^^^^^^^^^^
  File "/Users/gardenspider/Desktop/gp/app.py", line 363, in player
    player_rankings = db.get_all_player_rankings()
  File "/Users/gardenspider/Desktop/gp/db.py", line 424, in get_all_player_rankings
    with sqlite3.connect(self.db_file) as conn:
         ~~~~~~~~~~~~~~~^^^^^^^^^^^^^^
sqlite3.OperationalError: unable to open database file
ERROR:app:Exception on /api/player/10804714 [GET]
Traceback (most recent call last):
  File "/Users/gardenspider/Desktop/gp/.venv/lib/python3.13/site-packages/flask/app.py", line 1455, in wsgi_app
    response = self.full_dispatch_request()
  File "/Users/gardenspider/Desktop/gp/.venv/lib/python3.13/site-packages/flask/app.py", line 869, in full_dispatch_request
    rv = self.handle_user_exception(e)
  File "/Users/gardenspider/Desktop/gp/.venv/lib/python3.13/site-packages/flask_cors/extension.py", line 176, in wrapped_function
    return cors_after_request(app.make_response(f(*args, **kwargs)))
                                                ~^^^^^^^^^^^^^^^^^
  File "/Users/gardenspider/Desktop/gp/.venv/lib/python3.13/site-packages/flask/app.py", line 867, in full_dispatch_request
    rv = self.dispatch_request()
  File "/Users/gardenspider/Desktop/gp/.venv/lib/python3.13/site-packages/flask/app.py", line 852, in dispatch_request
    return self.ensure_sync(self.view_functions[rule.endpoint])(**view_args)
           ~~~~~~~~~~~~~~~~~~~~~~~~~~~~~~~~~~~~~~~~~~~~~~~~~~~~^^^^^^^^^^^^^
  File "/Users/gardenspider/Desktop/gp/app.py", line 363, in player
    player_rankings = db.get_all_player_rankings()
  File "/Users/gardenspider/Desktop/gp/db.py", line 424, in get_all_player_rankings
    with sqlite3.connect(self.db_file) as conn:
         ~~~~~~~~~~~~~~~^^^^^^^^^^^^^^
sqlite3.OperationalError: unable to open database file
ERROR:app:Exception on /api/player/10836012 [GET]
Traceback (most recent call last):
  File "/Users/gardenspider/Desktop/gp/.venv/lib/python3.13/site-packages/flask/app.py", line 1455, in wsgi_app
    response = self.full_dispatch_request()
  File "/Users/gardenspider/Desktop/gp/.venv/lib/python3.13/site-packages/flask/app.py", line 869, in full_dispatch_request
    rv = self.handle_user_exception(e)
  File "/Users/gardenspider/Desktop/gp/.venv/lib/python3.13/site-packages/flask_cors/extension.py", line 176, in wrapped_function
    return cors_after_request(app.make_response(f(*args, **kwargs)))
                                                ~^^^^^^^^^^^^^^^^^
  File "/Users/gardenspider/Desktop/gp/.venv/lib/python3.13/site-packages/flask/app.py", line 867, in full_dispatch_request
    rv = self.dispatch_request()
  File "/Users/gardenspider/Desktop/gp/.venv/lib/python3.13/site-packages/flask/app.py", line 852, in dispatch_request
    return self.ensure_sync(self.view_functions[rule.endpoint])(**view_args)
           ~~~~~~~~~~~~~~~~~~~~~~~~~~~~~~~~~~~~~~~~~~~~~~~~~~~~^^^^^^^^^^^^^
  File "/Users/gardenspider/Desktop/gp/app.py", line 363, in player
    player_rankings = db.get_all_player_rankings()
  File "/Users/gardenspider/Desktop/gp/db.py", line 424, in get_all_player_rankings
    with sqlite3.connect(self.db_file) as conn:
         ~~~~~~~~~~~~~~~^^^^^^^^^^^^^^
sqlite3.OperationalError: unable to open database file
INFO:werkzeug:127.0.0.1 - - [22/Nov/2025 19:03:56] "[35m[1mGET /api/player/10824014 HTTP/1.1[0m" 500 -
ERROR:app:Exception on /api/player/10808868 [GET]
Traceback (most recent call last):
  File "/Users/gardenspider/Desktop/gp/.venv/lib/python3.13/site-packages/flask/app.py", line 1455, in wsgi_app
    response = self.full_dispatch_request()
  File "/Users/gardenspider/Desktop/gp/.venv/lib/python3.13/site-packages/flask/app.py", line 869, in full_dispatch_request
    rv = self.handle_user_exception(e)
  File "/Users/gardenspider/Desktop/gp/.venv/lib/python3.13/site-packages/flask_cors/extension.py", line 176, in wrapped_function
    return cors_after_request(app.make_response(f(*args, **kwargs)))
                                                ~^^^^^^^^^^^^^^^^^
  File "/Users/gardenspider/Desktop/gp/.venv/lib/python3.13/site-packages/flask/app.py", line 867, in full_dispatch_request
    rv = self.dispatch_request()
  File "/Users/gardenspider/Desktop/gp/.venv/lib/python3.13/site-packages/flask/app.py", line 852, in dispatch_request
    return self.ensure_sync(self.view_functions[rule.endpoint])(**view_args)
           ~~~~~~~~~~~~~~~~~~~~~~~~~~~~~~~~~~~~~~~~~~~~~~~~~~~~^^^^^^^^^^^^^
  File "/Users/gardenspider/Desktop/gp/app.py", line 363, in player
    player_rankings = db.get_all_player_rankings()
  File "/Users/gardenspider/Desktop/gp/db.py", line 424, in get_all_player_rankings
    with sqlite3.connect(self.db_file) as conn:
         ~~~~~~~~~~~~~~~^^^^^^^^^^^^^^
sqlite3.OperationalError: unable to open database file
INFO:werkzeug:127.0.0.1 - - [22/Nov/2025 19:03:56] "[35m[1mGET /api/player/10841741 HTTP/1.1[0m" 500 -
ERROR:app:Exception on /api/player/10802886 [GET]
Traceback (most recent call last):
  File "/Users/gardenspider/Desktop/gp/.venv/lib/python3.13/site-packages/flask/app.py", line 1455, in wsgi_app
    response = self.full_dispatch_request()
  File "/Users/gardenspider/Desktop/gp/.venv/lib/python3.13/site-packages/flask/app.py", line 869, in full_dispatch_request
    rv = self.handle_user_exception(e)
  File "/Users/gardenspider/Desktop/gp/.venv/lib/python3.13/site-packages/flask_cors/extension.py", line 176, in wrapped_function
    return cors_after_request(app.make_response(f(*args, **kwargs)))
                                                ~^^^^^^^^^^^^^^^^^
  File "/Users/gardenspider/Desktop/gp/.venv/lib/python3.13/site-packages/flask/app.py", line 867, in full_dispatch_request
    rv = self.dispatch_request()
  File "/Users/gardenspider/Desktop/gp/.venv/lib/python3.13/site-packages/flask/app.py", line 852, in dispatch_request
    return self.ensure_sync(self.view_functions[rule.endpoint])(**view_args)
           ~~~~~~~~~~~~~~~~~~~~~~~~~~~~~~~~~~~~~~~~~~~~~~~~~~~~^^^^^^^^^^^^^
  File "/Users/gardenspider/Desktop/gp/app.py", line 363, in player
    player_rankings = db.get_all_player_rankings()
  File "/Users/gardenspider/Desktop/gp/db.py", line 424, in get_all_player_rankings
    with sqlite3.connect(self.db_file) as conn:
         ~~~~~~~~~~~~~~~^^^^^^^^^^^^^^
sqlite3.OperationalError: unable to open database file
ERROR:app:Exception on /api/player/10802088 [GET]
Traceback (most recent call last):
  File "/Users/gardenspider/Desktop/gp/.venv/lib/python3.13/site-packages/flask/app.py", line 1455, in wsgi_app
    response = self.full_dispatch_request()
  File "/Users/gardenspider/Desktop/gp/.venv/lib/python3.13/site-packages/flask/app.py", line 869, in full_dispatch_request
    rv = self.handle_user_exception(e)
  File "/Users/gardenspider/Desktop/gp/.venv/lib/python3.13/site-packages/flask_cors/extension.py", line 176, in wrapped_function
    return cors_after_request(app.make_response(f(*args, **kwargs)))
                                                ~^^^^^^^^^^^^^^^^^
  File "/Users/gardenspider/Desktop/gp/.venv/lib/python3.13/site-packages/flask/app.py", line 867, in full_dispatch_request
    rv = self.dispatch_request()
  File "/Users/gardenspider/Desktop/gp/.venv/lib/python3.13/site-packages/flask/app.py", line 852, in dispatch_request
    return self.ensure_sync(self.view_functions[rule.endpoint])(**view_args)
           ~~~~~~~~~~~~~~~~~~~~~~~~~~~~~~~~~~~~~~~~~~~~~~~~~~~~^^^^^^^^^^^^^
  File "/Users/gardenspider/Desktop/gp/app.py", line 363, in player
    player_rankings = db.get_all_player_rankings()
  File "/Users/gardenspider/Desktop/gp/db.py", line 424, in get_all_player_rankings
    with sqlite3.connect(self.db_file) as conn:
         ~~~~~~~~~~~~~~~^^^^^^^^^^^^^^
sqlite3.OperationalError: unable to open database file
ERROR:app:Exception on /api/player/10814582 [GET]
Traceback (most recent call last):
  File "/Users/gardenspider/Desktop/gp/.venv/lib/python3.13/site-packages/flask/app.py", line 1455, in wsgi_app
    response = self.full_dispatch_request()
  File "/Users/gardenspider/Desktop/gp/.venv/lib/python3.13/site-packages/flask/app.py", line 869, in full_dispatch_request
    rv = self.handle_user_exception(e)
  File "/Users/gardenspider/Desktop/gp/.venv/lib/python3.13/site-packages/flask_cors/extension.py", line 176, in wrapped_function
    return cors_after_request(app.make_response(f(*args, **kwargs)))
                                                ~^^^^^^^^^^^^^^^^^
  File "/Users/gardenspider/Desktop/gp/.venv/lib/python3.13/site-packages/flask/app.py", line 867, in full_dispatch_request
    rv = self.dispatch_request()
  File "/Users/gardenspider/Desktop/gp/.venv/lib/python3.13/site-packages/flask/app.py", line 852, in dispatch_request
    return self.ensure_sync(self.view_functions[rule.endpoint])(**view_args)
           ~~~~~~~~~~~~~~~~~~~~~~~~~~~~~~~~~~~~~~~~~~~~~~~~~~~~^^^^^^^^^^^^^
  File "/Users/gardenspider/Desktop/gp/app.py", line 363, in player
    player_rankings = db.get_all_player_rankings()
  File "/Users/gardenspider/Desktop/gp/db.py", line 424, in get_all_player_rankings
    with sqlite3.connect(self.db_file) as conn:
         ~~~~~~~~~~~~~~~^^^^^^^^^^^^^^
sqlite3.OperationalError: unable to open database file
ERROR:app:Exception on /api/player/10815406 [GET]
Traceback (most recent call last):
  File "/Users/gardenspider/Desktop/gp/.venv/lib/python3.13/site-packages/flask/app.py", line 1455, in wsgi_app
    response = self.full_dispatch_request()
  File "/Users/gardenspider/Desktop/gp/.venv/lib/python3.13/site-packages/flask/app.py", line 869, in full_dispatch_request
    rv = self.handle_user_exception(e)
  File "/Users/gardenspider/Desktop/gp/.venv/lib/python3.13/site-packages/flask_cors/extension.py", line 176, in wrapped_function
    return cors_after_request(app.make_response(f(*args, **kwargs)))
                                                ~^^^^^^^^^^^^^^^^^
  File "/Users/gardenspider/Desktop/gp/.venv/lib/python3.13/site-packages/flask/app.py", line 867, in full_dispatch_request
    rv = self.dispatch_request()
  File "/Users/gardenspider/Desktop/gp/.venv/lib/python3.13/site-packages/flask/app.py", line 852, in dispatch_request
    return self.ensure_sync(self.view_functions[rule.endpoint])(**view_args)
           ~~~~~~~~~~~~~~~~~~~~~~~~~~~~~~~~~~~~~~~~~~~~~~~~~~~~^^^^^^^^^^^^^
  File "/Users/gardenspider/Desktop/gp/app.py", line 363, in player
    player_rankings = db.get_all_player_rankings()
  File "/Users/gardenspider/Desktop/gp/db.py", line 424, in get_all_player_rankings
    with sqlite3.connect(self.db_file) as conn:
         ~~~~~~~~~~~~~~~^^^^^^^^^^^^^^
sqlite3.OperationalError: unable to open database file
ERROR:app:Exception on /api/player/10801693 [GET]
Traceback (most recent call last):
  File "/Users/gardenspider/Desktop/gp/.venv/lib/python3.13/site-packages/flask/app.py", line 1455, in wsgi_app
    response = self.full_dispatch_request()
  File "/Users/gardenspider/Desktop/gp/.venv/lib/python3.13/site-packages/flask/app.py", line 869, in full_dispatch_request
    rv = self.handle_user_exception(e)
  File "/Users/gardenspider/Desktop/gp/.venv/lib/python3.13/site-packages/flask_cors/extension.py", line 176, in wrapped_function
    return cors_after_request(app.make_response(f(*args, **kwargs)))
                                                ~^^^^^^^^^^^^^^^^^
  File "/Users/gardenspider/Desktop/gp/.venv/lib/python3.13/site-packages/flask/app.py", line 867, in full_dispatch_request
    rv = self.dispatch_request()
  File "/Users/gardenspider/Desktop/gp/.venv/lib/python3.13/site-packages/flask/app.py", line 852, in dispatch_request
    return self.ensure_sync(self.view_functions[rule.endpoint])(**view_args)
           ~~~~~~~~~~~~~~~~~~~~~~~~~~~~~~~~~~~~~~~~~~~~~~~~~~~~^^^^^^^^^^^^^
  File "/Users/gardenspider/Desktop/gp/app.py", line 363, in player
    player_rankings = db.get_all_player_rankings()
  File "/Users/gardenspider/Desktop/gp/db.py", line 424, in get_all_player_rankings
    with sqlite3.connect(self.db_file) as conn:
         ~~~~~~~~~~~~~~~^^^^^^^^^^^^^^
sqlite3.OperationalError: unable to open database file
INFO:werkzeug:127.0.0.1 - - [22/Nov/2025 19:03:56] "[35m[1mGET /api/player/10808655 HTTP/1.1[0m" 500 -
ERROR:app:Exception on /api/player/10818383 [GET]
Traceback (most recent call last):
  File "/Users/gardenspider/Desktop/gp/.venv/lib/python3.13/site-packages/flask/app.py", line 1455, in wsgi_app
    response = self.full_dispatch_request()
  File "/Users/gardenspider/Desktop/gp/.venv/lib/python3.13/site-packages/flask/app.py", line 869, in full_dispatch_request
    rv = self.handle_user_exception(e)
  File "/Users/gardenspider/Desktop/gp/.venv/lib/python3.13/site-packages/flask_cors/extension.py", line 176, in wrapped_function
    return cors_after_request(app.make_response(f(*args, **kwargs)))
                                                ~^^^^^^^^^^^^^^^^^
  File "/Users/gardenspider/Desktop/gp/.venv/lib/python3.13/site-packages/flask/app.py", line 867, in full_dispatch_request
    rv = self.dispatch_request()
  File "/Users/gardenspider/Desktop/gp/.venv/lib/python3.13/site-packages/flask/app.py", line 852, in dispatch_request
    return self.ensure_sync(self.view_functions[rule.endpoint])(**view_args)
           ~~~~~~~~~~~~~~~~~~~~~~~~~~~~~~~~~~~~~~~~~~~~~~~~~~~~^^^^^^^^^^^^^
  File "/Users/gardenspider/Desktop/gp/app.py", line 363, in player
    player_rankings = db.get_all_player_rankings()
  File "/Users/gardenspider/Desktop/gp/db.py", line 424, in get_all_player_rankings
    with sqlite3.connect(self.db_file) as conn:
         ~~~~~~~~~~~~~~~^^^^^^^^^^^^^^
sqlite3.OperationalError: unable to open database file
INFO:werkzeug:127.0.0.1 - - [22/Nov/2025 19:03:56] "[35m[1mGET /api/player/10831940 HTTP/1.1[0m" 500 -
ERROR:app:Exception on /api/player/10823875 [GET]
Traceback (most recent call last):
  File "/Users/gardenspider/Desktop/gp/.venv/lib/python3.13/site-packages/flask/app.py", line 1455, in wsgi_app
    response = self.full_dispatch_request()
  File "/Users/gardenspider/Desktop/gp/.venv/lib/python3.13/site-packages/flask/app.py", line 869, in full_dispatch_request
    rv = self.handle_user_exception(e)
  File "/Users/gardenspider/Desktop/gp/.venv/lib/python3.13/site-packages/flask_cors/extension.py", line 176, in wrapped_function
    return cors_after_request(app.make_response(f(*args, **kwargs)))
                                                ~^^^^^^^^^^^^^^^^^
  File "/Users/gardenspider/Desktop/gp/.venv/lib/python3.13/site-packages/flask/app.py", line 867, in full_dispatch_request
    rv = self.dispatch_request()
  File "/Users/gardenspider/Desktop/gp/.venv/lib/python3.13/site-packages/flask/app.py", line 852, in dispatch_request
    return self.ensure_sync(self.view_functions[rule.endpoint])(**view_args)
           ~~~~~~~~~~~~~~~~~~~~~~~~~~~~~~~~~~~~~~~~~~~~~~~~~~~~^^^^^^^^^^^^^
  File "/Users/gardenspider/Desktop/gp/app.py", line 363, in player
    player_rankings = db.get_all_player_rankings()
  File "/Users/gardenspider/Desktop/gp/db.py", line 424, in get_all_player_rankings
    with sqlite3.connect(self.db_file) as conn:
         ~~~~~~~~~~~~~~~^^^^^^^^^^^^^^
sqlite3.OperationalError: unable to open database file
ERROR:werkzeug:Error on request:
Traceback (most recent call last):
  File "/Users/gardenspider/Desktop/gp/.venv/lib/python3.13/site-packages/werkzeug/serving.py", line 362, in run_wsgi
    execute(self.server.app)
    ~~~~~~~^^^^^^^^^^^^^^^^^
  File "/Users/gardenspider/Desktop/gp/.venv/lib/python3.13/site-packages/werkzeug/serving.py", line 338, in execute
    selector = selectors.DefaultSelector()
  File "/opt/homebrew/Cellar/python@3.13/3.13.3_1/Frameworks/Python.framework/Versions/3.13/lib/python3.13/selectors.py", line 493, in __init__
    self._selector = select.kqueue()
                     ~~~~~~~~~~~~~^^
OSError: [Errno 24] Too many open files
INFO:werkzeug:127.0.0.1 - - [22/Nov/2025 19:03:56] "[35m[1mGET /api/player/10805796 HTTP/1.1[0m" 500 -
INFO:werkzeug:127.0.0.1 - - [22/Nov/2025 19:03:56] "[35m[1mGET /api/player/10804714 HTTP/1.1[0m" 500 -
INFO:werkzeug:127.0.0.1 - - [22/Nov/2025 19:03:56] "[35m[1mGET /api/player/10836012 HTTP/1.1[0m" 500 -
ERROR:werkzeug:Error on request:
Traceback (most recent call last):
  File "/Users/gardenspider/Desktop/gp/.venv/lib/python3.13/site-packages/werkzeug/serving.py", line 362, in run_wsgi
    execute(self.server.app)
    ~~~~~~~^^^^^^^^^^^^^^^^^
  File "/Users/gardenspider/Desktop/gp/.venv/lib/python3.13/site-packages/werkzeug/serving.py", line 338, in execute
    selector = selectors.DefaultSelector()
  File "/opt/homebrew/Cellar/python@3.13/3.13.3_1/Frameworks/Python.framework/Versions/3.13/lib/python3.13/selectors.py", line 493, in __init__
    self._selector = select.kqueue()
                     ~~~~~~~~~~~~~^^
OSError: [Errno 24] Too many open files
INFO:werkzeug:127.0.0.1 - - [22/Nov/2025 19:03:56] "[35m[1mGET /api/player/10808868 HTTP/1.1[0m" 500 -
ERROR:werkzeug:Error on request:
Traceback (most recent call last):
  File "/Users/gardenspider/Desktop/gp/.venv/lib/python3.13/site-packages/werkzeug/serving.py", line 362, in run_wsgi
    execute(self.server.app)
    ~~~~~~~^^^^^^^^^^^^^^^^^
  File "/Users/gardenspider/Desktop/gp/.venv/lib/python3.13/site-packages/werkzeug/serving.py", line 338, in execute
    selector = selectors.DefaultSelector()
  File "/opt/homebrew/Cellar/python@3.13/3.13.3_1/Frameworks/Python.framework/Versions/3.13/lib/python3.13/selectors.py", line 493, in __init__
    self._selector = select.kqueue()
                     ~~~~~~~~~~~~~^^
OSError: [Errno 24] Too many open files
INFO:werkzeug:127.0.0.1 - - [22/Nov/2025 19:03:56] "[35m[1mGET /api/player/10802886 HTTP/1.1[0m" 500 -
INFO:werkzeug:127.0.0.1 - - [22/Nov/2025 19:03:56] "[35m[1mGET /api/player/10802088 HTTP/1.1[0m" 500 -
INFO:werkzeug:127.0.0.1 - - [22/Nov/2025 19:03:56] "[35m[1mGET /api/player/10814582 HTTP/1.1[0m" 500 -
INFO:werkzeug:127.0.0.1 - - [22/Nov/2025 19:03:56] "[35m[1mGET /api/player/10815406 HTTP/1.1[0m" 500 -
INFO:werkzeug:127.0.0.1 - - [22/Nov/2025 19:03:56] "[35m[1mGET /api/player/10801693 HTTP/1.1[0m" 500 -
ERROR:werkzeug:Error on request:
Traceback (most recent call last):
  File "/Users/gardenspider/Desktop/gp/.venv/lib/python3.13/site-packages/werkzeug/serving.py", line 362, in run_wsgi
    execute(self.server.app)
    ~~~~~~~^^^^^^^^^^^^^^^^^
  File "/Users/gardenspider/Desktop/gp/.venv/lib/python3.13/site-packages/werkzeug/serving.py", line 338, in execute
    selector = selectors.DefaultSelector()
  File "/opt/homebrew/Cellar/python@3.13/3.13.3_1/Frameworks/Python.framework/Versions/3.13/lib/python3.13/selectors.py", line 493, in __init__
    self._selector = select.kqueue()
                     ~~~~~~~~~~~~~^^
OSError: [Errno 24] Too many open files
INFO:werkzeug:127.0.0.1 - - [22/Nov/2025 19:03:56] "[35m[1mGET /api/player/10818383 HTTP/1.1[0m" 500 -
ERROR:werkzeug:Error on request:
Traceback (most recent call last):
  File "/Users/gardenspider/Desktop/gp/.venv/lib/python3.13/site-packages/werkzeug/serving.py", line 362, in run_wsgi
    execute(self.server.app)
    ~~~~~~~^^^^^^^^^^^^^^^^^
  File "/Users/gardenspider/Desktop/gp/.venv/lib/python3.13/site-packages/werkzeug/serving.py", line 338, in execute
    selector = selectors.DefaultSelector()
  File "/opt/homebrew/Cellar/python@3.13/3.13.3_1/Frameworks/Python.framework/Versions/3.13/lib/python3.13/selectors.py", line 493, in __init__
    self._selector = select.kqueue()
                     ~~~~~~~~~~~~~^^
OSError: [Errno 24] Too many open files
INFO:werkzeug:127.0.0.1 - - [22/Nov/2025 19:03:56] "[35m[1mGET /api/player/10823875 HTTP/1.1[0m" 500 -
ERROR:werkzeug:Error on request:
Traceback (most recent call last):
  File "/Users/gardenspider/Desktop/gp/.venv/lib/python3.13/site-packages/werkzeug/serving.py", line 362, in run_wsgi
    execute(self.server.app)
    ~~~~~~~^^^^^^^^^^^^^^^^^
  File "/Users/gardenspider/Desktop/gp/.venv/lib/python3.13/site-packages/werkzeug/serving.py", line 338, in execute
    selector = selectors.DefaultSelector()
  File "/opt/homebrew/Cellar/python@3.13/3.13.3_1/Frameworks/Python.framework/Versions/3.13/lib/python3.13/selectors.py", line 493, in __init__
    self._selector = select.kqueue()
                     ~~~~~~~~~~~~~^^
OSError: [Errno 24] Too many open files
INFO:werkzeug:127.0.0.1 - - [22/Nov/2025 19:03:57] "GET /api/player/10801952 HTTP/1.1" 200 -
INFO:werkzeug:127.0.0.1 - - [22/Nov/2025 19:03:57] "GET /api/player/10814078 HTTP/1.1" 200 -
INFO:werkzeug:127.0.0.1 - - [22/Nov/2025 19:03:57] "GET /api/player/10800123 HTTP/1.1" 200 -
INFO:werkzeug:127.0.0.1 - - [22/Nov/2025 19:03:57] "GET /api/player/10813420 HTTP/1.1" 200 -
INFO:werkzeug:127.0.0.1 - - [22/Nov/2025 19:03:57] "GET /api/player/10816127 HTTP/1.1" 200 -
INFO:werkzeug:127.0.0.1 - - [22/Nov/2025 19:03:57] "GET /api/player/10818677 HTTP/1.1" 200 -
INFO:werkzeug:127.0.0.1 - - [22/Nov/2025 19:03:57] "GET /api/player/10800999 HTTP/1.1" 200 -
INFO:werkzeug:127.0.0.1 - - [22/Nov/2025 19:03:57] "GET /api/player/10802185 HTTP/1.1" 200 -
INFO:werkzeug:127.0.0.1 - - [22/Nov/2025 19:03:57] "GET /api/player/10800166 HTTP/1.1" 200 -
